[ 2018-04-17T13:56:01+08:00 ] 127.0.0.1 /index.php
INFO: [ app_init ] --START--
INFO: Run Behavior\BuildLiteBehavior [ RunTime:0.000000s ]
INFO: Run Common\Behavior\InitHookBehavior [ RunTime:0.011000s ]
INFO: [ app_init ] --END-- [ RunTime:0.011000s ]
INFO: [ app_begin ] --START--
INFO: Run Behavior\ReadHtmlCacheBehavior [ RunTime:0.000000s ]
INFO: [ app_begin ] --END-- [ RunTime:0.000000s ]
SQL: SHOW COLUMNS FROM `sys_config` [ RunTime:0.0060s ]
SQL: SELECT `type`,`name`,`value` FROM `sys_config` WHERE `status` = 1  [ RunTime:0.0070s ]
SQL: SHOW COLUMNS FROM `tab_game` [ RunTime:0.0070s ]
SQL: SELECT * FROM `tab_game` WHERE `recommend_status` = 2 ORDER BY id DESC LIMIT 20   [ RunTime:0.0140s ]
SQL: SHOW COLUMNS FROM `tab_links` [ RunTime:0.0060s ]
SQL: SELECT * FROM `tab_links` WHERE ( mark=1 and status=1 )  [ RunTime:0.0060s ]
INFO: [ view_parse ] --START--
INFO: [ template_filter ] --START--
INFO: Run Behavior\ContentReplaceBehavior [ RunTime:0.000000s ]
INFO: [ template_filter ] --END-- [ RunTime:0.000000s ]
SQL: SHOW COLUMNS FROM `sys_picture` [ RunTime:0.0080s ]
SQL: SELECT * FROM `sys_picture` WHERE `status` = 1 AND `id` = 1911 LIMIT 1   [ RunTime:0.0060s ]
NOTIC: [8] Undefined variable: ad E:\phpStudy\WWW\moguplay\Runtime\Cache\Home\769e70f2e46f34ceb60619bbda5e4691.php 第 40 行.
SQL: SHOW COLUMNS FROM `sys_channel` [ RunTime:0.0060s ]
SQL: SELECT `id`,`pid`,`title`,`url`,`sort`,`create_time`,`update_time`,`status`,`target` FROM `sys_channel` WHERE ( status=1 ) ORDER BY sort  [ RunTime:0.0060s ]
SQL: SELECT * FROM `sys_picture` WHERE `status` = 1 AND `id` = 2934 LIMIT 1   [ RunTime:0.0060s ]
SQL: SELECT * FROM `sys_picture` WHERE `status` = 1 AND `id` = 2955 LIMIT 1   [ RunTime:0.0060s ]
SQL: SELECT * FROM `sys_picture` WHERE `status` = 1 AND `id` = 2714 LIMIT 1   [ RunTime:0.0060s ]
SQL: SELECT * FROM `sys_picture` WHERE `status` = 1 AND `id` = 2596 LIMIT 1   [ RunTime:0.0080s ]
SQL: SELECT * FROM `sys_picture` WHERE `status` = 1 AND `id` = 2417 LIMIT 1   [ RunTime:0.0050s ]
SQL: SELECT * FROM `sys_picture` WHERE `status` = 1 AND `id` = 2459 LIMIT 1   [ RunTime:0.0060s ]
SQL: SELECT * FROM `sys_picture` WHERE `status` = 1 AND `id` = 2469 LIMIT 1   [ RunTime:0.0060s ]
SQL: SELECT * FROM `sys_picture` WHERE `status` = 1 AND `id` = 2375 LIMIT 1   [ RunTime:0.0060s ]
SQL: SELECT * FROM `sys_picture` WHERE `status` = 1 AND `id` = 2503 LIMIT 1   [ RunTime:0.0060s ]
SQL: SELECT * FROM `sys_picture` WHERE `status` = 1 AND `id` = 2323 LIMIT 1   [ RunTime:0.0060s ]
SQL: SELECT * FROM `sys_picture` WHERE `status` = 1 AND `id` = 2565 LIMIT 1   [ RunTime:0.0060s ]
SQL: SELECT * FROM `sys_picture` WHERE `status` = 1 AND `id` = 2302 LIMIT 1   [ RunTime:0.0060s ]
SQL: SELECT * FROM `sys_picture` WHERE `status` = 1 AND `id` = 2303 LIMIT 1   [ RunTime:0.0060s ]
SQL: SELECT * FROM `sys_picture` WHERE `status` = 1 AND `id` = 2316 LIMIT 1   [ RunTime:0.0070s ]
SQL: SELECT * FROM `sys_picture` WHERE `status` = 1 AND `id` = 1798 LIMIT 1   [ RunTime:0.0060s ]
SQL: SELECT * FROM `sys_picture` WHERE `status` = 1 AND `id` = 1000 LIMIT 1   [ RunTime:0.0060s ]
SQL: SELECT * FROM `sys_picture` WHERE `status` = 1 AND `id` = 1428 LIMIT 1   [ RunTime:0.0060s ]
SQL: SELECT * FROM `sys_picture` WHERE `status` = 1 AND `id` = 1162 LIMIT 1   [ RunTime:0.0060s ]
SQL: SELECT * FROM `sys_picture` WHERE `status` = 1 AND `id` = 1118 LIMIT 1   [ RunTime:0.0060s ]
SQL: SELECT * FROM `sys_picture` WHERE `status` = 1 AND `id` = 1044 LIMIT 1   [ RunTime:0.0060s ]
SQL: SHOW COLUMNS FROM `sys_category` [ RunTime:0.0070s ]
SQL: SELECT `id`,`name`,`title`,`pid`,`sort`,`list_row`,`meta_title`,`keywords`,`description`,`template_index`,`template_lists`,`template_detail`,`template_edit`,`model`,`model_sub`,`type`,`link_id`,`allow_publish`,`display`,`reply`,`check`,`reply_model`,`extend`,`create_time`,`update_time`,`status`,`icon`,`groups` FROM `sys_category` WHERE `id` = 2 LIMIT 1   [ RunTime:0.0060s ]
SQL: SELECT `id`,`name`,`pid`,`title`,`link_id` FROM `sys_category` WHERE `status` = 1 ORDER BY sort  [ RunTime:0.0060s ]
SQL: SHOW COLUMNS FROM `sys_document` [ RunTime:0.0070s ]
SQL: SELECT `id`,`uid`,`name`,`title`,`category_id`,`group_id`,`description`,`root`,`pid`,`model_id`,`type`,`position`,`link_id`,`cover_id`,`display`,`deadline`,`attach`,`view`,`comment`,`extend`,`level`,`create_time`,`update_time`,`admin`,`status` FROM `sys_document` WHERE `status` = 1 AND `pid` = 0 AND `category_id` = 2 AND `create_time` < 1523944561 AND ( deadline = 0 OR deadline > 1523944561 ) ORDER BY `level` DESC,`id` DESC LIMIT 5   [ RunTime:0.0080s ]
SQL: SELECT `id`,`name`,`title`,`pid`,`sort`,`list_row`,`meta_title`,`keywords`,`description`,`template_index`,`template_lists`,`template_detail`,`template_edit`,`model`,`model_sub`,`type`,`link_id`,`allow_publish`,`display`,`reply`,`check`,`reply_model`,`extend`,`create_time`,`update_time`,`status`,`icon`,`groups` FROM `sys_category` WHERE `id` = 39 LIMIT 1   [ RunTime:0.0060s ]
SQL: SELECT `id`,`name`,`pid`,`title`,`link_id` FROM `sys_category` WHERE `status` = 1 ORDER BY sort  [ RunTime:0.0060s ]
SQL: SELECT `id`,`uid`,`name`,`title`,`category_id`,`group_id`,`description`,`root`,`pid`,`model_id`,`type`,`position`,`link_id`,`cover_id`,`display`,`deadline`,`attach`,`view`,`comment`,`extend`,`level`,`create_time`,`update_time`,`admin`,`status` FROM `sys_document` WHERE `status` = 1 AND `pid` = 0 AND `category_id` = 39 AND `create_time` < 1523944561 AND ( deadline = 0 OR deadline > 1523944561 ) ORDER BY `level` DESC,`id` DESC LIMIT 5   [ RunTime:0.0070s ]
INFO: Run Behavior\ParseTemplateBehavior [ RunTime:0.366000s ]
INFO: [ view_parse ] --END-- [ RunTime:0.366000s ]
INFO: [ view_filter ] --START--
INFO: Run Behavior\WriteHtmlCacheBehavior [ RunTime:0.001000s ]
INFO: [ view_filter ] --END-- [ RunTime:0.001000s ]
INFO: [ app_end ] --START--
INFO: Run Behavior\ShowPageTraceBehavior [ RunTime:0.000000s ]
INFO: [ app_end ] --END-- [ RunTime:0.000000s ]

[ 2018-04-17T15:24:44+08:00 ] 127.0.0.1 /index.php?Api
INFO: [ app_init ] --START--
INFO: Run Behavior\BuildLiteBehavior [ RunTime:0.000000s ]
INFO: Run Common\Behavior\InitHookBehavior [ RunTime:0.013000s ]
INFO: [ app_init ] --END-- [ RunTime:0.013000s ]
INFO: [ app_begin ] --START--
INFO: Run Behavior\ReadHtmlCacheBehavior [ RunTime:0.000000s ]
INFO: [ app_begin ] --END-- [ RunTime:0.000000s ]
SQL: SHOW COLUMNS FROM `sys_config` [ RunTime:0.0070s ]
SQL: SELECT `type`,`name`,`value` FROM `sys_config` WHERE `status` = 1  [ RunTime:0.0070s ]
SQL: SHOW COLUMNS FROM `tab_game` [ RunTime:0.0070s ]
SQL: SELECT * FROM `tab_game` WHERE `recommend_status` = 2 ORDER BY id DESC LIMIT 20   [ RunTime:0.0140s ]
SQL: SHOW COLUMNS FROM `tab_links` [ RunTime:0.0070s ]
SQL: SELECT * FROM `tab_links` WHERE ( mark=1 and status=1 )  [ RunTime:0.0060s ]
INFO: [ view_parse ] --START--
INFO: [ template_filter ] --START--
INFO: Run Behavior\ContentReplaceBehavior [ RunTime:0.000000s ]
INFO: [ template_filter ] --END-- [ RunTime:0.000000s ]
SQL: SHOW COLUMNS FROM `sys_picture` [ RunTime:0.0070s ]
SQL: SELECT * FROM `sys_picture` WHERE `status` = 1 AND `id` = 1911 LIMIT 1   [ RunTime:0.0060s ]
NOTIC: [8] Undefined variable: ad E:\phpStudy\WWW\moguplay\Runtime\Cache\Home\769e70f2e46f34ceb60619bbda5e4691.php 第 40 行.
SQL: SHOW COLUMNS FROM `sys_channel` [ RunTime:0.0070s ]
SQL: SELECT `id`,`pid`,`title`,`url`,`sort`,`create_time`,`update_time`,`status`,`target` FROM `sys_channel` WHERE ( status=1 ) ORDER BY sort  [ RunTime:0.0060s ]
SQL: SELECT * FROM `sys_picture` WHERE `status` = 1 AND `id` = 2934 LIMIT 1   [ RunTime:0.0060s ]
SQL: SELECT * FROM `sys_picture` WHERE `status` = 1 AND `id` = 2955 LIMIT 1   [ RunTime:0.0060s ]
SQL: SELECT * FROM `sys_picture` WHERE `status` = 1 AND `id` = 2714 LIMIT 1   [ RunTime:0.0070s ]
SQL: SELECT * FROM `sys_picture` WHERE `status` = 1 AND `id` = 2596 LIMIT 1   [ RunTime:0.0060s ]
SQL: SELECT * FROM `sys_picture` WHERE `status` = 1 AND `id` = 2417 LIMIT 1   [ RunTime:0.0060s ]
SQL: SELECT * FROM `sys_picture` WHERE `status` = 1 AND `id` = 2459 LIMIT 1   [ RunTime:0.0060s ]
SQL: SELECT * FROM `sys_picture` WHERE `status` = 1 AND `id` = 2469 LIMIT 1   [ RunTime:0.0070s ]
SQL: SELECT * FROM `sys_picture` WHERE `status` = 1 AND `id` = 2375 LIMIT 1   [ RunTime:0.0070s ]
SQL: SELECT * FROM `sys_picture` WHERE `status` = 1 AND `id` = 2503 LIMIT 1   [ RunTime:0.0070s ]
SQL: SELECT * FROM `sys_picture` WHERE `status` = 1 AND `id` = 2323 LIMIT 1   [ RunTime:0.0060s ]
SQL: SELECT * FROM `sys_picture` WHERE `status` = 1 AND `id` = 2565 LIMIT 1   [ RunTime:0.0060s ]
SQL: SELECT * FROM `sys_picture` WHERE `status` = 1 AND `id` = 2302 LIMIT 1   [ RunTime:0.0060s ]
SQL: SELECT * FROM `sys_picture` WHERE `status` = 1 AND `id` = 2303 LIMIT 1   [ RunTime:0.0070s ]
SQL: SELECT * FROM `sys_picture` WHERE `status` = 1 AND `id` = 2316 LIMIT 1   [ RunTime:0.0070s ]
SQL: SELECT * FROM `sys_picture` WHERE `status` = 1 AND `id` = 1798 LIMIT 1   [ RunTime:0.0060s ]
SQL: SELECT * FROM `sys_picture` WHERE `status` = 1 AND `id` = 1000 LIMIT 1   [ RunTime:0.0060s ]
SQL: SELECT * FROM `sys_picture` WHERE `status` = 1 AND `id` = 1428 LIMIT 1   [ RunTime:0.0070s ]
SQL: SELECT * FROM `sys_picture` WHERE `status` = 1 AND `id` = 1162 LIMIT 1   [ RunTime:0.0070s ]
SQL: SELECT * FROM `sys_picture` WHERE `status` = 1 AND `id` = 1118 LIMIT 1   [ RunTime:0.0060s ]
SQL: SELECT * FROM `sys_picture` WHERE `status` = 1 AND `id` = 1044 LIMIT 1   [ RunTime:0.0060s ]
SQL: SHOW COLUMNS FROM `sys_category` [ RunTime:0.0070s ]
SQL: SELECT `id`,`name`,`title`,`pid`,`sort`,`list_row`,`meta_title`,`keywords`,`description`,`template_index`,`template_lists`,`template_detail`,`template_edit`,`model`,`model_sub`,`type`,`link_id`,`allow_publish`,`display`,`reply`,`check`,`reply_model`,`extend`,`create_time`,`update_time`,`status`,`icon`,`groups` FROM `sys_category` WHERE `id` = 2 LIMIT 1   [ RunTime:0.0070s ]
SQL: SELECT `id`,`name`,`pid`,`title`,`link_id` FROM `sys_category` WHERE `status` = 1 ORDER BY sort  [ RunTime:0.0060s ]
SQL: SHOW COLUMNS FROM `sys_document` [ RunTime:0.0080s ]
SQL: SELECT `id`,`uid`,`name`,`title`,`category_id`,`group_id`,`description`,`root`,`pid`,`model_id`,`type`,`position`,`link_id`,`cover_id`,`display`,`deadline`,`attach`,`view`,`comment`,`extend`,`level`,`create_time`,`update_time`,`admin`,`status` FROM `sys_document` WHERE `status` = 1 AND `pid` = 0 AND `category_id` = 2 AND `create_time` < 1523949884 AND ( deadline = 0 OR deadline > 1523949884 ) ORDER BY `level` DESC,`id` DESC LIMIT 5   [ RunTime:0.0070s ]
SQL: SELECT `id`,`name`,`title`,`pid`,`sort`,`list_row`,`meta_title`,`keywords`,`description`,`template_index`,`template_lists`,`template_detail`,`template_edit`,`model`,`model_sub`,`type`,`link_id`,`allow_publish`,`display`,`reply`,`check`,`reply_model`,`extend`,`create_time`,`update_time`,`status`,`icon`,`groups` FROM `sys_category` WHERE `id` = 39 LIMIT 1   [ RunTime:0.0080s ]
SQL: SELECT `id`,`name`,`pid`,`title`,`link_id` FROM `sys_category` WHERE `status` = 1 ORDER BY sort  [ RunTime:0.0060s ]
SQL: SELECT `id`,`uid`,`name`,`title`,`category_id`,`group_id`,`description`,`root`,`pid`,`model_id`,`type`,`position`,`link_id`,`cover_id`,`display`,`deadline`,`attach`,`view`,`comment`,`extend`,`level`,`create_time`,`update_time`,`admin`,`status` FROM `sys_document` WHERE `status` = 1 AND `pid` = 0 AND `category_id` = 39 AND `create_time` < 1523949884 AND ( deadline = 0 OR deadline > 1523949884 ) ORDER BY `level` DESC,`id` DESC LIMIT 5   [ RunTime:0.0080s ]
INFO: Run Behavior\ParseTemplateBehavior [ RunTime:0.255000s ]
INFO: [ view_parse ] --END-- [ RunTime:0.255000s ]
INFO: [ view_filter ] --START--
INFO: Run Behavior\WriteHtmlCacheBehavior [ RunTime:0.000000s ]
INFO: [ view_filter ] --END-- [ RunTime:0.000000s ]
INFO: [ app_end ] --START--
INFO: Run Behavior\ShowPageTraceBehavior [ RunTime:0.001000s ]
INFO: [ app_end ] --END-- [ RunTime:0.001000s ]

[ 2018-04-17T15:25:07+08:00 ] 127.0.0.1 /index.php?Api/GlouPay
INFO: [ app_init ] --START--
INFO: Run Behavior\BuildLiteBehavior [ RunTime:0.000000s ]
INFO: Run Common\Behavior\InitHookBehavior [ RunTime:0.011000s ]
INFO: [ app_init ] --END-- [ RunTime:0.012000s ]
INFO: [ app_begin ] --START--
INFO: Run Behavior\ReadHtmlCacheBehavior [ RunTime:0.000000s ]
INFO: [ app_begin ] --END-- [ RunTime:0.000000s ]
SQL: SHOW COLUMNS FROM `sys_config` [ RunTime:0.0100s ]
SQL: SELECT `type`,`name`,`value` FROM `sys_config` WHERE `status` = 1  [ RunTime:0.0100s ]
SQL: SHOW COLUMNS FROM `tab_game` [ RunTime:0.0090s ]
SQL: SELECT * FROM `tab_game` WHERE `recommend_status` = 2 ORDER BY id DESC LIMIT 20   [ RunTime:0.0180s ]
SQL: SHOW COLUMNS FROM `tab_links` [ RunTime:0.0090s ]
SQL: SELECT * FROM `tab_links` WHERE ( mark=1 and status=1 )  [ RunTime:0.0090s ]
INFO: [ view_parse ] --START--
INFO: [ template_filter ] --START--
INFO: Run Behavior\ContentReplaceBehavior [ RunTime:0.000000s ]
INFO: [ template_filter ] --END-- [ RunTime:0.000000s ]
SQL: SHOW COLUMNS FROM `sys_picture` [ RunTime:0.0090s ]
SQL: SELECT * FROM `sys_picture` WHERE `status` = 1 AND `id` = 1911 LIMIT 1   [ RunTime:0.0090s ]
NOTIC: [8] Undefined variable: ad E:\phpStudy\WWW\moguplay\Runtime\Cache\Home\769e70f2e46f34ceb60619bbda5e4691.php 第 40 行.
SQL: SHOW COLUMNS FROM `sys_channel` [ RunTime:0.0090s ]
SQL: SELECT `id`,`pid`,`title`,`url`,`sort`,`create_time`,`update_time`,`status`,`target` FROM `sys_channel` WHERE ( status=1 ) ORDER BY sort  [ RunTime:0.0090s ]
SQL: SELECT * FROM `sys_picture` WHERE `status` = 1 AND `id` = 2934 LIMIT 1   [ RunTime:0.0090s ]
SQL: SELECT * FROM `sys_picture` WHERE `status` = 1 AND `id` = 2955 LIMIT 1   [ RunTime:0.0090s ]
SQL: SELECT * FROM `sys_picture` WHERE `status` = 1 AND `id` = 2714 LIMIT 1   [ RunTime:0.0080s ]
SQL: SELECT * FROM `sys_picture` WHERE `status` = 1 AND `id` = 2596 LIMIT 1   [ RunTime:0.0080s ]
SQL: SELECT * FROM `sys_picture` WHERE `status` = 1 AND `id` = 2417 LIMIT 1   [ RunTime:0.0080s ]
SQL: SELECT * FROM `sys_picture` WHERE `status` = 1 AND `id` = 2459 LIMIT 1   [ RunTime:0.0090s ]
SQL: SELECT * FROM `sys_picture` WHERE `status` = 1 AND `id` = 2469 LIMIT 1   [ RunTime:0.0090s ]
SQL: SELECT * FROM `sys_picture` WHERE `status` = 1 AND `id` = 2375 LIMIT 1   [ RunTime:0.0090s ]
SQL: SELECT * FROM `sys_picture` WHERE `status` = 1 AND `id` = 2503 LIMIT 1   [ RunTime:0.0090s ]
SQL: SELECT * FROM `sys_picture` WHERE `status` = 1 AND `id` = 2323 LIMIT 1   [ RunTime:0.0090s ]
SQL: SELECT * FROM `sys_picture` WHERE `status` = 1 AND `id` = 2565 LIMIT 1   [ RunTime:0.0090s ]
SQL: SELECT * FROM `sys_picture` WHERE `status` = 1 AND `id` = 2302 LIMIT 1   [ RunTime:0.0090s ]
SQL: SELECT * FROM `sys_picture` WHERE `status` = 1 AND `id` = 2303 LIMIT 1   [ RunTime:0.0080s ]
SQL: SELECT * FROM `sys_picture` WHERE `status` = 1 AND `id` = 2316 LIMIT 1   [ RunTime:0.0080s ]
SQL: SELECT * FROM `sys_picture` WHERE `status` = 1 AND `id` = 1798 LIMIT 1   [ RunTime:0.0080s ]
SQL: SELECT * FROM `sys_picture` WHERE `status` = 1 AND `id` = 1000 LIMIT 1   [ RunTime:0.0080s ]
SQL: SELECT * FROM `sys_picture` WHERE `status` = 1 AND `id` = 1428 LIMIT 1   [ RunTime:0.0080s ]
SQL: SELECT * FROM `sys_picture` WHERE `status` = 1 AND `id` = 1162 LIMIT 1   [ RunTime:0.0080s ]
SQL: SELECT * FROM `sys_picture` WHERE `status` = 1 AND `id` = 1118 LIMIT 1   [ RunTime:0.0090s ]
SQL: SELECT * FROM `sys_picture` WHERE `status` = 1 AND `id` = 1044 LIMIT 1   [ RunTime:0.0080s ]
SQL: SHOW COLUMNS FROM `sys_category` [ RunTime:0.0100s ]
SQL: SELECT `id`,`name`,`title`,`pid`,`sort`,`list_row`,`meta_title`,`keywords`,`description`,`template_index`,`template_lists`,`template_detail`,`template_edit`,`model`,`model_sub`,`type`,`link_id`,`allow_publish`,`display`,`reply`,`check`,`reply_model`,`extend`,`create_time`,`update_time`,`status`,`icon`,`groups` FROM `sys_category` WHERE `id` = 2 LIMIT 1   [ RunTime:0.0090s ]
SQL: SELECT `id`,`name`,`pid`,`title`,`link_id` FROM `sys_category` WHERE `status` = 1 ORDER BY sort  [ RunTime:0.0090s ]
SQL: SHOW COLUMNS FROM `sys_document` [ RunTime:0.0090s ]
SQL: SELECT `id`,`uid`,`name`,`title`,`category_id`,`group_id`,`description`,`root`,`pid`,`model_id`,`type`,`position`,`link_id`,`cover_id`,`display`,`deadline`,`attach`,`view`,`comment`,`extend`,`level`,`create_time`,`update_time`,`admin`,`status` FROM `sys_document` WHERE `status` = 1 AND `pid` = 0 AND `category_id` = 2 AND `create_time` < 1523949907 AND ( deadline = 0 OR deadline > 1523949907 ) ORDER BY `level` DESC,`id` DESC LIMIT 5   [ RunTime:0.0100s ]
SQL: SELECT `id`,`name`,`title`,`pid`,`sort`,`list_row`,`meta_title`,`keywords`,`description`,`template_index`,`template_lists`,`template_detail`,`template_edit`,`model`,`model_sub`,`type`,`link_id`,`allow_publish`,`display`,`reply`,`check`,`reply_model`,`extend`,`create_time`,`update_time`,`status`,`icon`,`groups` FROM `sys_category` WHERE `id` = 39 LIMIT 1   [ RunTime:0.0100s ]
SQL: SELECT `id`,`name`,`pid`,`title`,`link_id` FROM `sys_category` WHERE `status` = 1 ORDER BY sort  [ RunTime:0.0090s ]
SQL: SELECT `id`,`uid`,`name`,`title`,`category_id`,`group_id`,`description`,`root`,`pid`,`model_id`,`type`,`position`,`link_id`,`cover_id`,`display`,`deadline`,`attach`,`view`,`comment`,`extend`,`level`,`create_time`,`update_time`,`admin`,`status` FROM `sys_document` WHERE `status` = 1 AND `pid` = 0 AND `category_id` = 39 AND `create_time` < 1523949907 AND ( deadline = 0 OR deadline > 1523949907 ) ORDER BY `level` DESC,`id` DESC LIMIT 5   [ RunTime:0.0090s ]
INFO: Run Behavior\ParseTemplateBehavior [ RunTime:0.334000s ]
INFO: [ view_parse ] --END-- [ RunTime:0.334000s ]
INFO: [ view_filter ] --START--
INFO: Run Behavior\WriteHtmlCacheBehavior [ RunTime:0.000000s ]
INFO: [ view_filter ] --END-- [ RunTime:0.000000s ]
INFO: [ app_end ] --START--
INFO: Run Behavior\ShowPageTraceBehavior [ RunTime:0.000000s ]
INFO: [ app_end ] --END-- [ RunTime:0.000000s ]

[ 2018-04-17T15:25:19+08:00 ] 127.0.0.1 /index.php?Api/GlobPay
INFO: [ app_init ] --START--
INFO: Run Behavior\BuildLiteBehavior [ RunTime:0.000000s ]
INFO: Run Common\Behavior\InitHookBehavior [ RunTime:0.011000s ]
INFO: [ app_init ] --END-- [ RunTime:0.012000s ]
INFO: [ app_begin ] --START--
INFO: Run Behavior\ReadHtmlCacheBehavior [ RunTime:0.000000s ]
INFO: [ app_begin ] --END-- [ RunTime:0.000000s ]
SQL: SHOW COLUMNS FROM `sys_config` [ RunTime:0.0070s ]
SQL: SELECT `type`,`name`,`value` FROM `sys_config` WHERE `status` = 1  [ RunTime:0.0070s ]
SQL: SHOW COLUMNS FROM `tab_game` [ RunTime:0.0070s ]
SQL: SELECT * FROM `tab_game` WHERE `recommend_status` = 2 ORDER BY id DESC LIMIT 20   [ RunTime:0.0130s ]
SQL: SHOW COLUMNS FROM `tab_links` [ RunTime:0.0060s ]
SQL: SELECT * FROM `tab_links` WHERE ( mark=1 and status=1 )  [ RunTime:0.0060s ]
INFO: [ view_parse ] --START--
INFO: [ template_filter ] --START--
INFO: Run Behavior\ContentReplaceBehavior [ RunTime:0.000000s ]
INFO: [ template_filter ] --END-- [ RunTime:0.000000s ]
SQL: SHOW COLUMNS FROM `sys_picture` [ RunTime:0.0070s ]
SQL: SELECT * FROM `sys_picture` WHERE `status` = 1 AND `id` = 1911 LIMIT 1   [ RunTime:0.0060s ]
NOTIC: [8] Undefined variable: ad E:\phpStudy\WWW\moguplay\Runtime\Cache\Home\769e70f2e46f34ceb60619bbda5e4691.php 第 40 行.
SQL: SHOW COLUMNS FROM `sys_channel` [ RunTime:0.0060s ]
SQL: SELECT `id`,`pid`,`title`,`url`,`sort`,`create_time`,`update_time`,`status`,`target` FROM `sys_channel` WHERE ( status=1 ) ORDER BY sort  [ RunTime:0.0060s ]
SQL: SELECT * FROM `sys_picture` WHERE `status` = 1 AND `id` = 2934 LIMIT 1   [ RunTime:0.0060s ]
SQL: SELECT * FROM `sys_picture` WHERE `status` = 1 AND `id` = 2955 LIMIT 1   [ RunTime:0.0060s ]
SQL: SELECT * FROM `sys_picture` WHERE `status` = 1 AND `id` = 2714 LIMIT 1   [ RunTime:0.0060s ]
SQL: SELECT * FROM `sys_picture` WHERE `status` = 1 AND `id` = 2596 LIMIT 1   [ RunTime:0.0060s ]
SQL: SELECT * FROM `sys_picture` WHERE `status` = 1 AND `id` = 2417 LIMIT 1   [ RunTime:0.0060s ]
SQL: SELECT * FROM `sys_picture` WHERE `status` = 1 AND `id` = 2459 LIMIT 1   [ RunTime:0.0060s ]
SQL: SELECT * FROM `sys_picture` WHERE `status` = 1 AND `id` = 2469 LIMIT 1   [ RunTime:0.0060s ]
SQL: SELECT * FROM `sys_picture` WHERE `status` = 1 AND `id` = 2375 LIMIT 1   [ RunTime:0.0060s ]
SQL: SELECT * FROM `sys_picture` WHERE `status` = 1 AND `id` = 2503 LIMIT 1   [ RunTime:0.0060s ]
SQL: SELECT * FROM `sys_picture` WHERE `status` = 1 AND `id` = 2323 LIMIT 1   [ RunTime:0.0070s ]
SQL: SELECT * FROM `sys_picture` WHERE `status` = 1 AND `id` = 2565 LIMIT 1   [ RunTime:0.0060s ]
SQL: SELECT * FROM `sys_picture` WHERE `status` = 1 AND `id` = 2302 LIMIT 1   [ RunTime:0.0060s ]
SQL: SELECT * FROM `sys_picture` WHERE `status` = 1 AND `id` = 2303 LIMIT 1   [ RunTime:0.0060s ]
SQL: SELECT * FROM `sys_picture` WHERE `status` = 1 AND `id` = 2316 LIMIT 1   [ RunTime:0.0060s ]
SQL: SELECT * FROM `sys_picture` WHERE `status` = 1 AND `id` = 1798 LIMIT 1   [ RunTime:0.0070s ]
SQL: SELECT * FROM `sys_picture` WHERE `status` = 1 AND `id` = 1000 LIMIT 1   [ RunTime:0.0060s ]
SQL: SELECT * FROM `sys_picture` WHERE `status` = 1 AND `id` = 1428 LIMIT 1   [ RunTime:0.0060s ]
SQL: SELECT * FROM `sys_picture` WHERE `status` = 1 AND `id` = 1162 LIMIT 1   [ RunTime:0.0060s ]
SQL: SELECT * FROM `sys_picture` WHERE `status` = 1 AND `id` = 1118 LIMIT 1   [ RunTime:0.0060s ]
SQL: SELECT * FROM `sys_picture` WHERE `status` = 1 AND `id` = 1044 LIMIT 1   [ RunTime:0.0060s ]
SQL: SHOW COLUMNS FROM `sys_category` [ RunTime:0.0070s ]
SQL: SELECT `id`,`name`,`title`,`pid`,`sort`,`list_row`,`meta_title`,`keywords`,`description`,`template_index`,`template_lists`,`template_detail`,`template_edit`,`model`,`model_sub`,`type`,`link_id`,`allow_publish`,`display`,`reply`,`check`,`reply_model`,`extend`,`create_time`,`update_time`,`status`,`icon`,`groups` FROM `sys_category` WHERE `id` = 2 LIMIT 1   [ RunTime:0.0060s ]
SQL: SELECT `id`,`name`,`pid`,`title`,`link_id` FROM `sys_category` WHERE `status` = 1 ORDER BY sort  [ RunTime:0.0060s ]
SQL: SHOW COLUMNS FROM `sys_document` [ RunTime:0.0070s ]
SQL: SELECT `id`,`uid`,`name`,`title`,`category_id`,`group_id`,`description`,`root`,`pid`,`model_id`,`type`,`position`,`link_id`,`cover_id`,`display`,`deadline`,`attach`,`view`,`comment`,`extend`,`level`,`create_time`,`update_time`,`admin`,`status` FROM `sys_document` WHERE `status` = 1 AND `pid` = 0 AND `category_id` = 2 AND `create_time` < 1523949919 AND ( deadline = 0 OR deadline > 1523949919 ) ORDER BY `level` DESC,`id` DESC LIMIT 5   [ RunTime:0.0080s ]
SQL: SELECT `id`,`name`,`title`,`pid`,`sort`,`list_row`,`meta_title`,`keywords`,`description`,`template_index`,`template_lists`,`template_detail`,`template_edit`,`model`,`model_sub`,`type`,`link_id`,`allow_publish`,`display`,`reply`,`check`,`reply_model`,`extend`,`create_time`,`update_time`,`status`,`icon`,`groups` FROM `sys_category` WHERE `id` = 39 LIMIT 1   [ RunTime:0.0070s ]
SQL: SELECT `id`,`name`,`pid`,`title`,`link_id` FROM `sys_category` WHERE `status` = 1 ORDER BY sort  [ RunTime:0.0060s ]
SQL: SELECT `id`,`uid`,`name`,`title`,`category_id`,`group_id`,`description`,`root`,`pid`,`model_id`,`type`,`position`,`link_id`,`cover_id`,`display`,`deadline`,`attach`,`view`,`comment`,`extend`,`level`,`create_time`,`update_time`,`admin`,`status` FROM `sys_document` WHERE `status` = 1 AND `pid` = 0 AND `category_id` = 39 AND `create_time` < 1523949919 AND ( deadline = 0 OR deadline > 1523949919 ) ORDER BY `level` DESC,`id` DESC LIMIT 5   [ RunTime:0.0080s ]
INFO: Run Behavior\ParseTemplateBehavior [ RunTime:0.256000s ]
INFO: [ view_parse ] --END-- [ RunTime:0.256000s ]
INFO: [ view_filter ] --START--
INFO: Run Behavior\WriteHtmlCacheBehavior [ RunTime:0.000000s ]
INFO: [ view_filter ] --END-- [ RunTime:0.000000s ]
INFO: [ app_end ] --START--
INFO: Run Behavior\ShowPageTraceBehavior [ RunTime:0.000000s ]
INFO: [ app_end ] --END-- [ RunTime:0.000000s ]

[ 2018-04-17T15:27:15+08:00 ] 127.0.0.1 /moguplay/index.php/Home/Index
INFO: [ app_init ] --START--
INFO: Run Behavior\BuildLiteBehavior [ RunTime:0.000000s ]
INFO: Run Common\Behavior\InitHookBehavior [ RunTime:0.012000s ]
INFO: [ app_init ] --END-- [ RunTime:0.013000s ]
INFO: [ app_begin ] --START--
INFO: Run Behavior\ReadHtmlCacheBehavior [ RunTime:0.000000s ]
INFO: [ app_begin ] --END-- [ RunTime:0.000000s ]
SQL: SHOW COLUMNS FROM `sys_config` [ RunTime:0.0080s ]
SQL: SELECT `type`,`name`,`value` FROM `sys_config` WHERE `status` = 1  [ RunTime:0.0090s ]
SQL: SHOW COLUMNS FROM `tab_game` [ RunTime:0.0080s ]
SQL: SELECT * FROM `tab_game` WHERE `recommend_status` = 2 ORDER BY id DESC LIMIT 20   [ RunTime:0.0170s ]
SQL: SHOW COLUMNS FROM `tab_links` [ RunTime:0.0080s ]
SQL: SELECT * FROM `tab_links` WHERE ( mark=1 and status=1 )  [ RunTime:0.0070s ]
INFO: [ view_parse ] --START--
INFO: [ template_filter ] --START--
INFO: Run Behavior\ContentReplaceBehavior [ RunTime:0.000000s ]
INFO: [ template_filter ] --END-- [ RunTime:0.001000s ]
SQL: SHOW COLUMNS FROM `sys_picture` [ RunTime:0.0080s ]
SQL: SELECT * FROM `sys_picture` WHERE `status` = 1 AND `id` = 1911 LIMIT 1   [ RunTime:0.0080s ]
NOTIC: [8] Undefined variable: ad E:\phpStudy\WWW\moguplay\Runtime\Cache\Home\769e70f2e46f34ceb60619bbda5e4691.php 第 40 行.
SQL: SHOW COLUMNS FROM `sys_channel` [ RunTime:0.0080s ]
SQL: SELECT `id`,`pid`,`title`,`url`,`sort`,`create_time`,`update_time`,`status`,`target` FROM `sys_channel` WHERE ( status=1 ) ORDER BY sort  [ RunTime:0.0080s ]
SQL: SELECT * FROM `sys_picture` WHERE `status` = 1 AND `id` = 2934 LIMIT 1   [ RunTime:0.0070s ]
SQL: SELECT * FROM `sys_picture` WHERE `status` = 1 AND `id` = 2955 LIMIT 1   [ RunTime:0.0070s ]
SQL: SELECT * FROM `sys_picture` WHERE `status` = 1 AND `id` = 2714 LIMIT 1   [ RunTime:0.0070s ]
SQL: SELECT * FROM `sys_picture` WHERE `status` = 1 AND `id` = 2596 LIMIT 1   [ RunTime:0.0080s ]
SQL: SELECT * FROM `sys_picture` WHERE `status` = 1 AND `id` = 2417 LIMIT 1   [ RunTime:0.0070s ]
SQL: SELECT * FROM `sys_picture` WHERE `status` = 1 AND `id` = 2459 LIMIT 1   [ RunTime:0.0070s ]
SQL: SELECT * FROM `sys_picture` WHERE `status` = 1 AND `id` = 2469 LIMIT 1   [ RunTime:0.0070s ]
SQL: SELECT * FROM `sys_picture` WHERE `status` = 1 AND `id` = 2375 LIMIT 1   [ RunTime:0.0070s ]
SQL: SELECT * FROM `sys_picture` WHERE `status` = 1 AND `id` = 2503 LIMIT 1   [ RunTime:0.0070s ]
SQL: SELECT * FROM `sys_picture` WHERE `status` = 1 AND `id` = 2323 LIMIT 1   [ RunTime:0.0070s ]
SQL: SELECT * FROM `sys_picture` WHERE `status` = 1 AND `id` = 2565 LIMIT 1   [ RunTime:0.0070s ]
SQL: SELECT * FROM `sys_picture` WHERE `status` = 1 AND `id` = 2302 LIMIT 1   [ RunTime:0.0080s ]
SQL: SELECT * FROM `sys_picture` WHERE `status` = 1 AND `id` = 2303 LIMIT 1   [ RunTime:0.0080s ]
SQL: SELECT * FROM `sys_picture` WHERE `status` = 1 AND `id` = 2316 LIMIT 1   [ RunTime:0.0070s ]
SQL: SELECT * FROM `sys_picture` WHERE `status` = 1 AND `id` = 1798 LIMIT 1   [ RunTime:0.0080s ]
SQL: SELECT * FROM `sys_picture` WHERE `status` = 1 AND `id` = 1000 LIMIT 1   [ RunTime:0.0090s ]
SQL: SELECT * FROM `sys_picture` WHERE `status` = 1 AND `id` = 1428 LIMIT 1   [ RunTime:0.0070s ]
SQL: SELECT * FROM `sys_picture` WHERE `status` = 1 AND `id` = 1162 LIMIT 1   [ RunTime:0.0080s ]
SQL: SELECT * FROM `sys_picture` WHERE `status` = 1 AND `id` = 1118 LIMIT 1   [ RunTime:0.0080s ]
SQL: SELECT * FROM `sys_picture` WHERE `status` = 1 AND `id` = 1044 LIMIT 1   [ RunTime:0.0080s ]
SQL: SHOW COLUMNS FROM `sys_category` [ RunTime:0.0080s ]
SQL: SELECT `id`,`name`,`title`,`pid`,`sort`,`list_row`,`meta_title`,`keywords`,`description`,`template_index`,`template_lists`,`template_detail`,`template_edit`,`model`,`model_sub`,`type`,`link_id`,`allow_publish`,`display`,`reply`,`check`,`reply_model`,`extend`,`create_time`,`update_time`,`status`,`icon`,`groups` FROM `sys_category` WHERE `id` = 2 LIMIT 1   [ RunTime:0.0090s ]
SQL: SELECT `id`,`name`,`pid`,`title`,`link_id` FROM `sys_category` WHERE `status` = 1 ORDER BY sort  [ RunTime:0.0070s ]
SQL: SHOW COLUMNS FROM `sys_document` [ RunTime:0.0090s ]
SQL: SELECT `id`,`uid`,`name`,`title`,`category_id`,`group_id`,`description`,`root`,`pid`,`model_id`,`type`,`position`,`link_id`,`cover_id`,`display`,`deadline`,`attach`,`view`,`comment`,`extend`,`level`,`create_time`,`update_time`,`admin`,`status` FROM `sys_document` WHERE `status` = 1 AND `pid` = 0 AND `category_id` = 2 AND `create_time` < 1523950035 AND ( deadline = 0 OR deadline > 1523950035 ) ORDER BY `level` DESC,`id` DESC LIMIT 5   [ RunTime:0.0090s ]
SQL: SELECT `id`,`name`,`title`,`pid`,`sort`,`list_row`,`meta_title`,`keywords`,`description`,`template_index`,`template_lists`,`template_detail`,`template_edit`,`model`,`model_sub`,`type`,`link_id`,`allow_publish`,`display`,`reply`,`check`,`reply_model`,`extend`,`create_time`,`update_time`,`status`,`icon`,`groups` FROM `sys_category` WHERE `id` = 39 LIMIT 1   [ RunTime:0.0090s ]
SQL: SELECT `id`,`name`,`pid`,`title`,`link_id` FROM `sys_category` WHERE `status` = 1 ORDER BY sort  [ RunTime:0.0080s ]
SQL: SELECT `id`,`uid`,`name`,`title`,`category_id`,`group_id`,`description`,`root`,`pid`,`model_id`,`type`,`position`,`link_id`,`cover_id`,`display`,`deadline`,`attach`,`view`,`comment`,`extend`,`level`,`create_time`,`update_time`,`admin`,`status` FROM `sys_document` WHERE `status` = 1 AND `pid` = 0 AND `category_id` = 39 AND `create_time` < 1523950035 AND ( deadline = 0 OR deadline > 1523950035 ) ORDER BY `level` DESC,`id` DESC LIMIT 5   [ RunTime:0.0100s ]
INFO: Run Behavior\ParseTemplateBehavior [ RunTime:0.310000s ]
INFO: [ view_parse ] --END-- [ RunTime:0.310000s ]
INFO: [ view_filter ] --START--
INFO: Run Behavior\WriteHtmlCacheBehavior [ RunTime:0.001000s ]
INFO: [ view_filter ] --END-- [ RunTime:0.001000s ]
INFO: [ app_end ] --START--
INFO: Run Behavior\ShowPageTraceBehavior [ RunTime:0.001000s ]
INFO: [ app_end ] --END-- [ RunTime:0.001000s ]

