[ 2018-03-15T18:57:23+08:00 ] 127.0.0.1 /admin.php?s=/Query/withdraw.html
INFO: [ app_init ] --START--
INFO: Run Behavior\BuildLiteBehavior [ RunTime:0.000000s ]
INFO: Run Common\Behavior\InitHookBehavior [ RunTime:0.014000s ]
INFO: [ app_init ] --END-- [ RunTime:0.014000s ]
INFO: [ app_begin ] --START--
INFO: Run Behavior\ReadHtmlCacheBehavior [ RunTime:0.000000s ]
INFO: [ app_begin ] --END-- [ RunTime:0.001000s ]
NOTIC: [2] Declaration of Admin\Controller\ThinkController::lists($model = NULL, $p = 0, $extend_map = Array) should be compatible with Admin\Controller\AdminController::lists($model, $where = Array, $order = '', $field = true) E:\phpStudy\WWW\moguplay\Application\Admin\Controller\ThinkController.class.php 第 16 行.

[ 2018-03-15T18:57:23+08:00 ] 127.0.0.1 /admin.php?s=/Public/login.html
INFO: [ app_init ] --START--
INFO: Run Behavior\BuildLiteBehavior [ RunTime:0.000000s ]
INFO: Run Common\Behavior\InitHookBehavior [ RunTime:0.003000s ]
INFO: [ app_init ] --END-- [ RunTime:0.004000s ]
INFO: [ app_begin ] --START--
INFO: Run Behavior\ReadHtmlCacheBehavior [ RunTime:0.001000s ]
INFO: [ app_begin ] --END-- [ RunTime:0.001000s ]
SQL: SHOW COLUMNS FROM `sys_config` [ RunTime:0.0100s ]
SQL: SELECT `type`,`name`,`value` FROM `sys_config` WHERE `status` = 1  [ RunTime:0.0100s ]
INFO: [ view_parse ] --START--
INFO: [ template_filter ] --START--
INFO: Run Behavior\ContentReplaceBehavior [ RunTime:0.000000s ]
INFO: [ template_filter ] --END-- [ RunTime:0.000000s ]
INFO: Run Behavior\ParseTemplateBehavior [ RunTime:0.025000s ]
INFO: [ view_parse ] --END-- [ RunTime:0.025000s ]
INFO: [ view_filter ] --START--
INFO: Run Behavior\WriteHtmlCacheBehavior [ RunTime:0.001000s ]
INFO: [ view_filter ] --END-- [ RunTime:0.001000s ]
INFO: [ app_end ] --START--
INFO: Run Behavior\ShowPageTraceBehavior [ RunTime:0.001000s ]
INFO: [ app_end ] --END-- [ RunTime:0.001000s ]

[ 2018-03-15T18:57:27+08:00 ] 127.0.0.1 /admin.php?s=/Public/login.html
INFO: [ app_init ] --START--
INFO: Run Behavior\BuildLiteBehavior [ RunTime:0.000000s ]
INFO: Run Common\Behavior\InitHookBehavior [ RunTime:0.013000s ]
INFO: [ app_init ] --END-- [ RunTime:0.014000s ]
INFO: [ app_begin ] --START--
INFO: Run Behavior\ReadHtmlCacheBehavior [ RunTime:0.000000s ]
INFO: [ app_begin ] --END-- [ RunTime:0.000000s ]
NOTIC: [8] Undefined index: lite E:\phpStudy\WWW\moguplay\ThinkPHP\Library\Think\Db.class.php 第 37 行.
INFO: [ view_parse ] --START--
INFO: [ template_filter ] --START--
INFO: Run Behavior\ContentReplaceBehavior [ RunTime:0.000000s ]
INFO: [ template_filter ] --END-- [ RunTime:0.000000s ]
INFO: Run Behavior\ParseTemplateBehavior [ RunTime:0.022000s ]
INFO: [ view_parse ] --END-- [ RunTime:0.022000s ]
INFO: [ view_filter ] --START--
INFO: Run Behavior\WriteHtmlCacheBehavior [ RunTime:0.001000s ]
INFO: [ view_filter ] --END-- [ RunTime:0.001000s ]

[ 2018-03-15T18:57:30+08:00 ] 127.0.0.1 /admin.php?s=/Public/login.html
INFO: [ app_init ] --START--
INFO: Run Behavior\BuildLiteBehavior [ RunTime:0.000000s ]
INFO: Run Common\Behavior\InitHookBehavior [ RunTime:0.012000s ]
INFO: [ app_init ] --END-- [ RunTime:0.012000s ]
INFO: [ app_begin ] --START--
INFO: Run Behavior\ReadHtmlCacheBehavior [ RunTime:0.000000s ]
INFO: [ app_begin ] --END-- [ RunTime:0.000000s ]
INFO: [ view_parse ] --START--
INFO: [ template_filter ] --START--
INFO: Run Behavior\ContentReplaceBehavior [ RunTime:0.000000s ]
INFO: [ template_filter ] --END-- [ RunTime:0.000000s ]
INFO: Run Behavior\ParseTemplateBehavior [ RunTime:0.007000s ]
INFO: [ view_parse ] --END-- [ RunTime:0.007000s ]
INFO: [ view_filter ] --START--
INFO: Run Behavior\WriteHtmlCacheBehavior [ RunTime:0.001000s ]
INFO: [ view_filter ] --END-- [ RunTime:0.001000s ]
INFO: [ app_end ] --START--
INFO: Run Behavior\ShowPageTraceBehavior [ RunTime:0.001000s ]
INFO: [ app_end ] --END-- [ RunTime:0.001000s ]

[ 2018-03-15T18:57:32+08:00 ] 127.0.0.1 /admin.php?s=/Public/login.html
INFO: [ app_init ] --START--
INFO: Run Behavior\BuildLiteBehavior [ RunTime:0.000000s ]
INFO: Run Common\Behavior\InitHookBehavior [ RunTime:0.011000s ]
INFO: [ app_init ] --END-- [ RunTime:0.011000s ]
INFO: [ app_begin ] --START--
INFO: Run Behavior\ReadHtmlCacheBehavior [ RunTime:0.000000s ]
INFO: [ app_begin ] --END-- [ RunTime:0.000000s ]
NOTIC: [8] Undefined index: lite E:\phpStudy\WWW\moguplay\ThinkPHP\Library\Think\Db.class.php 第 37 行.
SQL: SHOW COLUMNS FROM `sys_auth_group_access` [ RunTime:0.0070s ]
SQL: SELECT * FROM `sys_auth_group_access` WHERE `uid` = 1 LIMIT 1   [ RunTime:0.0060s ]
SQL: SHOW COLUMNS FROM `sys_member` [ RunTime:0.0070s ]
SQL: SELECT `uid`,`nickname`,`sex`,`birthday`,`qq`,`score`,`login`,`reg_ip`,`reg_time`,`last_login_ip`,`last_login_time`,`status` FROM `sys_member` WHERE `uid` = 1 LIMIT 1   [ RunTime:0.0100s ]
SQL: SHOW COLUMNS FROM `sys_action` [ RunTime:0.0070s ]
SQL: SELECT * FROM `sys_action` WHERE `name` = 'user_login' LIMIT 1   [ RunTime:0.0070s ]
SQL: SHOW COLUMNS FROM `sys_member` [ RunTime:0.0070s ]
SQL: SELECT `nickname` FROM `sys_member` WHERE `uid` = 1 LIMIT 1   [ RunTime:0.0070s ]
SQL: SHOW COLUMNS FROM `sys_action_log` [ RunTime:0.0070s ]
SQL: INSERT INTO `sys_action_log` (`action_id`,`user_id`,`action_ip`,`model`,`record_id`,`create_time`,`remark`) VALUES ('1','1','2130706433','member','1','1521111452','admin在2018-03-15 18:57登录了后台') [ RunTime:0.0110s ]
SQL: SELECT * FROM `sys_action` WHERE `name` = 'user_login' LIMIT 1   [ RunTime:0.0090s ]
NOTIC: [8] Undefined offset: 1 E:\phpStudy\WWW\moguplay\Application\Common\Common\function.php 第 748 行.
NOTIC: [2] array_key_exists() expects parameter 2 to be array, null given E:\phpStudy\WWW\moguplay\Application\Common\Common\function.php 第 748 行.
SQL: SELECT COUNT(*) AS tp_count FROM `sys_action_log` WHERE `action_id` = 1 AND `user_id` = 1 AND `create_time` > 1521025052 LIMIT 1   [ RunTime:0.0080s ]
SQL: UPDATE `sys_member` SET `login`=`login`+1,`last_login_time`='1521111452',`last_login_ip`='2130706433' WHERE `uid` = 1 [ RunTime:0.0110s ]
INFO: [ view_parse ] --START--
INFO: [ template_filter ] --START--
INFO: Run Behavior\ContentReplaceBehavior [ RunTime:0.000000s ]
INFO: [ template_filter ] --END-- [ RunTime:0.000000s ]
INFO: Run Behavior\ParseTemplateBehavior [ RunTime:0.160000s ]
INFO: [ view_parse ] --END-- [ RunTime:0.160000s ]
INFO: [ view_filter ] --START--
INFO: Run Behavior\WriteHtmlCacheBehavior [ RunTime:0.000000s ]
INFO: [ view_filter ] --END-- [ RunTime:0.000000s ]
INFO: [ app_end ] --START--
INFO: Run Behavior\ShowPageTraceBehavior [ RunTime:0.000000s ]
INFO: [ app_end ] --END-- [ RunTime:0.000000s ]

[ 2018-03-15T18:57:34+08:00 ] 127.0.0.1 /admin.php?s=/Index/index.html
INFO: [ app_init ] --START--
INFO: Run Behavior\BuildLiteBehavior [ RunTime:0.000000s ]
INFO: Run Common\Behavior\InitHookBehavior [ RunTime:0.002000s ]
INFO: [ app_init ] --END-- [ RunTime:0.002000s ]
INFO: [ app_begin ] --START--
INFO: Run Behavior\ReadHtmlCacheBehavior [ RunTime:0.001000s ]
INFO: [ app_begin ] --END-- [ RunTime:0.001000s ]
SQL: SHOW COLUMNS FROM `sys_auth_group` [ RunTime:0.0090s ]
SQL: SHOW COLUMNS FROM `sys_auth_group` [ RunTime:0.0090s ]
SQL: SELECT * FROM sys_auth_group as ag right JOIN sys_auth_group_access as aga on(ag.id=aga.group_id and aga.uid=1)  WHERE ( ag.status=1 ) LIMIT 1   [ RunTime:0.0080s ]
SQL: SHOW COLUMNS FROM `sys_menu` [ RunTime:0.0080s ]
SQL: SELECT `id`,`title`,`url` FROM `sys_menu` WHERE `pid` = 0 AND `hide` = 0 ORDER BY sort asc  [ RunTime:0.0110s ]
SQL: SELECT `pid` FROM `sys_menu` WHERE ( pid !=0 AND url like '%Index/index%' ) LIMIT 1   [ RunTime:0.0080s ]
INFO: [ view_parse ] --START--
INFO: [ template_filter ] --START--
INFO: Run Behavior\ContentReplaceBehavior [ RunTime:0.001000s ]
INFO: [ template_filter ] --END-- [ RunTime:0.001000s ]
SQL: SHOW COLUMNS FROM `sys_picture` [ RunTime:0.0090s ]
SQL: SELECT * FROM `sys_picture` WHERE `status` = 1 AND `id` = 3056 LIMIT 1   [ RunTime:0.0090s ]
SQL: SELECT * FROM `sys_picture` WHERE `status` = 1 AND `id` = 3055 LIMIT 1   [ RunTime:0.0080s ]
INFO: [ AdminIndex ] --START--
SQL: SHOW COLUMNS FROM `sys_addons` [ RunTime:0.0100s ]
SQL: SELECT `config` FROM `sys_addons` WHERE `name` = 'SiteStat' AND `status` = 1 LIMIT 1   [ RunTime:0.0080s ]
SQL: SHOW COLUMNS FROM `tab_user` [ RunTime:0.0090s ]
SQL: SHOW COLUMNS FROM `tab_game` [ RunTime:0.0100s ]
SQL: SHOW COLUMNS FROM `tab_spend` [ RunTime:0.0110s ]
SQL: SHOW COLUMNS FROM `tab_deposit` [ RunTime:0.0080s ]
SQL: SHOW COLUMNS FROM `tab_promote` [ RunTime:0.0090s ]
SQL: SELECT COUNT(*) AS tp_count FROM `tab_user` LIMIT 1   [ RunTime:0.0080s ]
NOTIC: [8] Undefined variable: yestoday E:\phpStudy\WWW\moguplay\Addons\SiteStat\SiteStatAddon.class.php 第 49 行.
SQL: SELECT COUNT(*) AS tp_count FROM `tab_user` WHERE ( register_time  ) LIMIT 1   [ RunTime:0.1010s ]
SQL: SELECT COUNT(*) AS tp_count FROM `tab_user` WHERE ( register_time  between 1521043200 and 1521129599  ) LIMIT 1   [ RunTime:0.0990s ]
SQL: SELECT COUNT(*) AS tp_count FROM `tab_user` WHERE ( login_time  between 1521043200 and 1521129599  ) LIMIT 1   [ RunTime:0.1080s ]
SQL: SELECT COUNT(*) AS tp_count FROM `tab_game` LIMIT 1   [ RunTime:0.0120s ]
SQL: SELECT COUNT(*) AS tp_count FROM `tab_game` WHERE ( create_time  between 1521043200 and 1521129599  ) LIMIT 1   [ RunTime:0.0080s ]
SQL: SELECT COUNT(*) AS tp_count FROM `tab_game` WHERE ( create_time  between 1519833600 and 1522511999  ) LIMIT 1   [ RunTime:0.0090s ]
SQL: SELECT sum(pay_amount) as amount FROM `tab_spend` WHERE ( pay_status=1 and pay_way <> 0 )  [ RunTime:0.0080s ]
SQL: SELECT sum(pay_amount) as amount FROM `tab_deposit` WHERE ( pay_status=1 )  [ RunTime:0.0100s ]
SQL: SELECT sum(pay_amount) as amount FROM `tab_spend` WHERE ( pay_status=1 and pay_time  between 1520956800 and 1521043200   and pay_way <> 0 )  [ RunTime:0.0080s ]
SQL: SELECT sum(pay_amount) as amount FROM `tab_deposit` WHERE ( pay_status=1 and create_time  between 1520956800 and 1521043200  )  [ RunTime:0.0100s ]
SQL: SELECT sum(pay_amount) as amount FROM `tab_spend` WHERE ( pay_status=1 and pay_time  between 1521043200 and 1521129599   and pay_way <> 0 )  [ RunTime:0.0080s ]
SQL: SELECT sum(pay_amount) as amount FROM `tab_deposit` WHERE ( pay_status=1 and create_time  between 1521043200 and 1521129599  )  [ RunTime:0.0110s ]
SQL: SELECT sum(pay_amount) as amount FROM `tab_spend` WHERE ( pay_status=1 and promote_id > 0  and pay_way <> 0 )  [ RunTime:0.0080s ]
SQL: SELECT sum(pay_amount) as amount FROM `tab_deposit` WHERE ( pay_status=1  and promote_id > 0 )  [ RunTime:0.0100s ]
SQL: SELECT COUNT(*) AS tp_count FROM `tab_promote` LIMIT 1   [ RunTime:0.0080s ]
SQL: SELECT COUNT(*) AS tp_count FROM `tab_promote` WHERE ( create_time  between 1521043200 and 1521129599  ) LIMIT 1   [ RunTime:0.0080s ]
SQL: SELECT COUNT(*) AS tp_count FROM `tab_promote` WHERE ( create_time  between 1519833600 and 1522511999  ) LIMIT 1   [ RunTime:0.0080s ]
SQL: SHOW COLUMNS FROM `sys_document` [ RunTime:0.0100s ]
SQL: SHOW COLUMNS FROM `sys_category` [ RunTime:0.0090s ]
SQL: SELECT `id` FROM `sys_category` WHERE ( status=1 and display=1 and pid=( SELECT `id` FROM `sys_category` WHERE ( status=1 and display=1 and name='blog' )  ) )  [ RunTime:0.0080s ]
SQL: SELECT `id` FROM `sys_category` WHERE ( status=1 and display=1 and pid=( SELECT `id` FROM `sys_category` WHERE ( status=1 and display=1 and name='media' )  ) )  [ RunTime:0.0080s ]
SQL: SHOW COLUMNS FROM `sys_document` [ RunTime:0.0090s ]
SQL: SELECT COUNT(*) AS tp_count FROM sys_document as d WHERE ( d.status=1 and d.display=1 and d.category_id in ('39','40','2') ) LIMIT 1   [ RunTime:0.0070s ]
SQL: SHOW COLUMNS FROM `sys_document` [ RunTime:0.0080s ]
SQL: SELECT COUNT(*) AS tp_count FROM sys_document as d WHERE ( d.status=1 and d.display=1 and d.category_id in ('42','43','44','45','46','47','48') ) LIMIT 1   [ RunTime:0.0080s ]
SQL: SELECT `pay_amount`,pay_time as time FROM `tab_spend` WHERE ( pay_status=1 and pay_way <> 0 and pay_time  between 1520524800 and 1521108214  )  [ RunTime:0.0080s ]
SQL: SELECT `pay_amount`,create_time as time FROM `tab_deposit` WHERE ( pay_status=1 and create_time  between 1520524800 and 1521108214  )  [ RunTime:0.0100s ]
NOTIC: [8] Undefined variable: total E:\phpStudy\WWW\moguplay\Addons\SiteStat\SiteStatAddon.class.php 第 118 行.
SQL: SELECT `account`,register_time as time FROM `tab_user` WHERE ( lock_status=1 and register_time  between 1520524800 and 1521108214  )  [ RunTime:0.1230s ]
NOTIC: [2] Missing argument 3 for Addons\SiteStat\SiteStatAddon::idata(), called in E:\phpStudy\WWW\moguplay\Addons\SiteStat\SiteStatAddon.class.php on line 92 and defined E:\phpStudy\WWW\moguplay\Addons\SiteStat\SiteStatAddon.class.php 第 108 行.
INFO: [ view_parse ] --START--
INFO: [ template_filter ] --START--
INFO: Run Behavior\ContentReplaceBehavior [ RunTime:0.001000s ]
INFO: [ template_filter ] --END-- [ RunTime:-0.847000s ]
INFO: Run Behavior\ParseTemplateBehavior [ RunTime:0.022000s ]
INFO: [ view_parse ] --END-- [ RunTime:0.023000s ]
INFO: [ view_filter ] --START--
INFO: Run Behavior\WriteHtmlCacheBehavior [ RunTime:0.000000s ]
INFO: [ view_filter ] --END-- [ RunTime:0.000000s ]
INFO: Run Addons\SiteStat\SiteStatAddon [ RunTime:0.821000s ]
SQL: SELECT `config` FROM `sys_addons` WHERE `name` = 'SystemInfo' AND `status` = 1 LIMIT 1   [ RunTime:0.0100s ]
INFO: [ view_parse ] --START--
INFO: [ template_filter ] --START--
INFO: Run Behavior\ContentReplaceBehavior [ RunTime:0.000000s ]
INFO: [ template_filter ] --END-- [ RunTime:-1.114000s ]
SQL: select version() as v; [ RunTime:0.0080s ]
INFO: Run Behavior\ParseTemplateBehavior [ RunTime:0.016000s ]
INFO: [ view_parse ] --END-- [ RunTime:-0.258000s ]
INFO: [ view_filter ] --START--
INFO: Run Behavior\WriteHtmlCacheBehavior [ RunTime:0.000000s ]
INFO: [ view_filter ] --END-- [ RunTime:-0.274000s ]
INFO: Run Addons\SystemInfo\SystemInfoAddon [ RunTime:0.275000s ]
SQL: SELECT `config` FROM `sys_addons` WHERE `name` = 'DevTeam' AND `status` = 1 LIMIT 1   [ RunTime:0.0080s ]
INFO: [ view_parse ] --START--
INFO: [ template_filter ] --START--
INFO: Run Behavior\ContentReplaceBehavior [ RunTime:0.000000s ]
INFO: [ template_filter ] --END-- [ RunTime:-1.152000s ]
INFO: Run Behavior\ParseTemplateBehavior [ RunTime:0.014000s ]
INFO: [ view_parse ] --END-- [ RunTime:-0.290000s ]
INFO: [ view_filter ] --START--
INFO: Run Behavior\WriteHtmlCacheBehavior [ RunTime:0.000000s ]
INFO: [ view_filter ] --END-- [ RunTime:-0.304000s ]
INFO: Run Addons\DevTeam\DevTeamAddon [ RunTime:0.029000s ]
INFO: [ AdminIndex ] --END-- [ RunTime:1.125000s ]
INFO: Run Behavior\ParseTemplateBehavior [ RunTime:0.014000s ]
INFO: [ view_parse ] --END-- [ RunTime:-0.290000s ]
INFO: [ view_filter ] --START--
INFO: Run Behavior\WriteHtmlCacheBehavior [ RunTime:0.000000s ]
INFO: [ view_filter ] --END-- [ RunTime:-0.304000s ]
INFO: [ app_end ] --START--
INFO: Run Behavior\ShowPageTraceBehavior [ RunTime:0.001000s ]
INFO: [ app_end ] --END-- [ RunTime:0.001000s ]

[ 2018-03-15T18:57:35+08:00 ] 127.0.0.1 /admin.php?s=/Index/index.html
INFO: [ app_init ] --START--
INFO: Run Behavior\BuildLiteBehavior [ RunTime:0.000000s ]
INFO: Run Common\Behavior\InitHookBehavior [ RunTime:0.012000s ]
INFO: [ app_init ] --END-- [ RunTime:0.013000s ]
INFO: [ app_begin ] --START--
INFO: Run Behavior\ReadHtmlCacheBehavior [ RunTime:0.000000s ]
INFO: [ app_begin ] --END-- [ RunTime:0.000000s ]
SQL: SHOW COLUMNS FROM `sys_auth_group` [ RunTime:0.0090s ]
SQL: SHOW COLUMNS FROM `sys_auth_group` [ RunTime:0.0100s ]
SQL: SELECT * FROM sys_auth_group as ag right JOIN sys_auth_group_access as aga on(ag.id=aga.group_id and aga.uid=1)  WHERE ( ag.status=1 ) LIMIT 1   [ RunTime:0.0100s ]
SQL: SHOW COLUMNS FROM `sys_menu` [ RunTime:0.0100s ]
SQL: SELECT `id`,`title`,`url` FROM `sys_menu` WHERE `pid` = 0 AND `hide` = 0 ORDER BY sort asc  [ RunTime:0.0090s ]
SQL: SELECT `pid` FROM `sys_menu` WHERE ( pid !=0 AND url like '%Index/index%' ) LIMIT 1   [ RunTime:0.0120s ]
INFO: [ view_parse ] --START--
INFO: [ template_filter ] --START--
INFO: Run Behavior\ContentReplaceBehavior [ RunTime:0.000000s ]
INFO: [ template_filter ] --END-- [ RunTime:0.000000s ]
SQL: SHOW COLUMNS FROM `sys_picture` [ RunTime:0.0100s ]
SQL: SELECT * FROM `sys_picture` WHERE `status` = 1 AND `id` = 3056 LIMIT 1   [ RunTime:0.0100s ]
SQL: SELECT * FROM `sys_picture` WHERE `status` = 1 AND `id` = 3055 LIMIT 1   [ RunTime:0.0100s ]
INFO: [ AdminIndex ] --START--
SQL: SHOW COLUMNS FROM `sys_addons` [ RunTime:0.0090s ]
SQL: SELECT `config` FROM `sys_addons` WHERE `name` = 'SiteStat' AND `status` = 1 LIMIT 1   [ RunTime:0.0090s ]
SQL: SHOW COLUMNS FROM `tab_user` [ RunTime:0.0100s ]
SQL: SHOW COLUMNS FROM `tab_game` [ RunTime:0.0130s ]
SQL: SHOW COLUMNS FROM `tab_spend` [ RunTime:0.0130s ]
SQL: SHOW COLUMNS FROM `tab_deposit` [ RunTime:0.0100s ]
SQL: SHOW COLUMNS FROM `tab_promote` [ RunTime:0.0100s ]
SQL: SELECT COUNT(*) AS tp_count FROM `tab_user` LIMIT 1   [ RunTime:0.0090s ]
NOTIC: [8] Undefined variable: yestoday E:\phpStudy\WWW\moguplay\Addons\SiteStat\SiteStatAddon.class.php 第 49 行.
SQL: SELECT COUNT(*) AS tp_count FROM `tab_user` WHERE ( register_time  ) LIMIT 1   [ RunTime:0.0090s ]
SQL: SELECT COUNT(*) AS tp_count FROM `tab_user` WHERE ( register_time  between 1521043200 and 1521129599  ) LIMIT 1   [ RunTime:0.0090s ]
SQL: SELECT COUNT(*) AS tp_count FROM `tab_user` WHERE ( login_time  between 1521043200 and 1521129599  ) LIMIT 1   [ RunTime:0.0090s ]
SQL: SELECT COUNT(*) AS tp_count FROM `tab_game` LIMIT 1   [ RunTime:0.0110s ]
SQL: SELECT COUNT(*) AS tp_count FROM `tab_game` WHERE ( create_time  between 1521043200 and 1521129599  ) LIMIT 1   [ RunTime:0.0100s ]
SQL: SELECT COUNT(*) AS tp_count FROM `tab_game` WHERE ( create_time  between 1519833600 and 1522511999  ) LIMIT 1   [ RunTime:0.0100s ]
SQL: SELECT sum(pay_amount) as amount FROM `tab_spend` WHERE ( pay_status=1 and pay_way <> 0 )  [ RunTime:0.0100s ]
SQL: SELECT sum(pay_amount) as amount FROM `tab_deposit` WHERE ( pay_status=1 )  [ RunTime:0.0090s ]
SQL: SELECT sum(pay_amount) as amount FROM `tab_spend` WHERE ( pay_status=1 and pay_time  between 1520956800 and 1521043200   and pay_way <> 0 )  [ RunTime:0.0090s ]
SQL: SELECT sum(pay_amount) as amount FROM `tab_deposit` WHERE ( pay_status=1 and create_time  between 1520956800 and 1521043200  )  [ RunTime:0.0100s ]
SQL: SELECT sum(pay_amount) as amount FROM `tab_spend` WHERE ( pay_status=1 and pay_time  between 1521043200 and 1521129599   and pay_way <> 0 )  [ RunTime:0.0100s ]
SQL: SELECT sum(pay_amount) as amount FROM `tab_deposit` WHERE ( pay_status=1 and create_time  between 1521043200 and 1521129599  )  [ RunTime:0.0100s ]
SQL: SELECT sum(pay_amount) as amount FROM `tab_spend` WHERE ( pay_status=1 and promote_id > 0  and pay_way <> 0 )  [ RunTime:0.0100s ]
SQL: SELECT sum(pay_amount) as amount FROM `tab_deposit` WHERE ( pay_status=1  and promote_id > 0 )  [ RunTime:0.0110s ]
SQL: SELECT COUNT(*) AS tp_count FROM `tab_promote` LIMIT 1   [ RunTime:0.0090s ]
SQL: SELECT COUNT(*) AS tp_count FROM `tab_promote` WHERE ( create_time  between 1521043200 and 1521129599  ) LIMIT 1   [ RunTime:0.0090s ]
SQL: SELECT COUNT(*) AS tp_count FROM `tab_promote` WHERE ( create_time  between 1519833600 and 1522511999  ) LIMIT 1   [ RunTime:0.0100s ]
SQL: SHOW COLUMNS FROM `sys_document` [ RunTime:0.0100s ]
SQL: SHOW COLUMNS FROM `sys_category` [ RunTime:0.0110s ]
SQL: SELECT `id` FROM `sys_category` WHERE ( status=1 and display=1 and pid=( SELECT `id` FROM `sys_category` WHERE ( status=1 and display=1 and name='blog' )  ) )  [ RunTime:0.0090s ]
SQL: SELECT `id` FROM `sys_category` WHERE ( status=1 and display=1 and pid=( SELECT `id` FROM `sys_category` WHERE ( status=1 and display=1 and name='media' )  ) )  [ RunTime:0.0100s ]
SQL: SHOW COLUMNS FROM `sys_document` [ RunTime:0.0100s ]
SQL: SELECT COUNT(*) AS tp_count FROM sys_document as d WHERE ( d.status=1 and d.display=1 and d.category_id in ('39','40','2') ) LIMIT 1   [ RunTime:0.0090s ]
SQL: SHOW COLUMNS FROM `sys_document` [ RunTime:0.0100s ]
SQL: SELECT COUNT(*) AS tp_count FROM sys_document as d WHERE ( d.status=1 and d.display=1 and d.category_id in ('42','43','44','45','46','47','48') ) LIMIT 1   [ RunTime:0.0090s ]
SQL: SELECT `pay_amount`,pay_time as time FROM `tab_spend` WHERE ( pay_status=1 and pay_way <> 0 and pay_time  between 1520524800 and 1521108215  )  [ RunTime:0.0090s ]
SQL: SELECT `pay_amount`,create_time as time FROM `tab_deposit` WHERE ( pay_status=1 and create_time  between 1520524800 and 1521108215  )  [ RunTime:0.0110s ]
NOTIC: [8] Undefined variable: total E:\phpStudy\WWW\moguplay\Addons\SiteStat\SiteStatAddon.class.php 第 118 行.
SQL: SELECT `account`,register_time as time FROM `tab_user` WHERE ( lock_status=1 and register_time  between 1520524800 and 1521108215  )  [ RunTime:0.1230s ]
NOTIC: [2] Missing argument 3 for Addons\SiteStat\SiteStatAddon::idata(), called in E:\phpStudy\WWW\moguplay\Addons\SiteStat\SiteStatAddon.class.php on line 92 and defined E:\phpStudy\WWW\moguplay\Addons\SiteStat\SiteStatAddon.class.php 第 108 行.
INFO: [ view_parse ] --START--
INFO: [ template_filter ] --START--
INFO: Run Behavior\ContentReplaceBehavior [ RunTime:0.000000s ]
INFO: [ template_filter ] --END-- [ RunTime:-0.541000s ]
INFO: Run Behavior\ParseTemplateBehavior [ RunTime:0.009000s ]
INFO: [ view_parse ] --END-- [ RunTime:0.009000s ]
INFO: [ view_filter ] --START--
INFO: Run Behavior\WriteHtmlCacheBehavior [ RunTime:0.000000s ]
INFO: [ view_filter ] --END-- [ RunTime:0.000000s ]
INFO: Run Addons\SiteStat\SiteStatAddon [ RunTime:0.507000s ]
SQL: SELECT `config` FROM `sys_addons` WHERE `name` = 'SystemInfo' AND `status` = 1 LIMIT 1   [ RunTime:0.0130s ]
INFO: [ view_parse ] --START--
INFO: [ template_filter ] --START--
INFO: Run Behavior\ContentReplaceBehavior [ RunTime:0.000000s ]
INFO: [ template_filter ] --END-- [ RunTime:-0.697000s ]
SQL: select version() as v; [ RunTime:0.0100s ]
INFO: Run Behavior\ParseTemplateBehavior [ RunTime:0.015000s ]
INFO: [ view_parse ] --END-- [ RunTime:-0.149000s ]
INFO: [ view_filter ] --START--
INFO: Run Behavior\WriteHtmlCacheBehavior [ RunTime:0.000000s ]
INFO: [ view_filter ] --END-- [ RunTime:-0.164000s ]
INFO: Run Addons\SystemInfo\SystemInfoAddon [ RunTime:0.164000s ]
SQL: SELECT `config` FROM `sys_addons` WHERE `name` = 'DevTeam' AND `status` = 1 LIMIT 1   [ RunTime:0.0090s ]
INFO: [ view_parse ] --START--
INFO: [ template_filter ] --START--
INFO: Run Behavior\ContentReplaceBehavior [ RunTime:0.000000s ]
INFO: [ template_filter ] --END-- [ RunTime:-0.724000s ]
INFO: Run Behavior\ParseTemplateBehavior [ RunTime:0.004000s ]
INFO: [ view_parse ] --END-- [ RunTime:-0.177000s ]
INFO: [ view_filter ] --START--
INFO: Run Behavior\WriteHtmlCacheBehavior [ RunTime:0.000000s ]
INFO: [ view_filter ] --END-- [ RunTime:-0.181000s ]
INFO: Run Addons\DevTeam\DevTeamAddon [ RunTime:0.017000s ]
INFO: [ AdminIndex ] --END-- [ RunTime:0.688000s ]
INFO: Run Behavior\ParseTemplateBehavior [ RunTime:0.004000s ]
INFO: [ view_parse ] --END-- [ RunTime:-0.177000s ]
INFO: [ view_filter ] --START--
INFO: Run Behavior\WriteHtmlCacheBehavior [ RunTime:0.000000s ]
INFO: [ view_filter ] --END-- [ RunTime:-0.182000s ]
INFO: [ app_end ] --START--
INFO: Run Behavior\ShowPageTraceBehavior [ RunTime:0.001000s ]
INFO: [ app_end ] --END-- [ RunTime:0.001000s ]

