[ 2018-04-16T16:01:34+08:00 ] 127.0.0.1 /moguplay/index.php?s=Mobile/Home/index
INFO: [ app_init ] --START--
INFO: Run Behavior\BuildLiteBehavior [ RunTime:0.000000s ]
INFO: Run Common\Behavior\InitHookBehavior [ RunTime:0.012000s ]
INFO: [ app_init ] --END-- [ RunTime:0.012000s ]
INFO: [ app_begin ] --START--
INFO: Run Behavior\ReadHtmlCacheBehavior [ RunTime:0.000000s ]
INFO: [ app_begin ] --END-- [ RunTime:0.000000s ]
SQL: SHOW COLUMNS FROM `sys_config` [ RunTime:0.0060s ]
SQL: SELECT `type`,`name`,`value` FROM `sys_config` WHERE `status` = 1  [ RunTime:0.0070s ]
SQL: SHOW COLUMNS FROM `tab_inside_letter` [ RunTime:0.0060s ]
SQL: SELECT COUNT(id) AS tp_count FROM `tab_inside_letter` WHERE `status` = 0 LIMIT 1   [ RunTime:0.0060s ]
SQL: SHOW COLUMNS FROM `tab_message_letter` [ RunTime:0.0070s ]
SQL: SELECT `message_id` FROM `tab_message_letter` WHERE `rec_account` = null GROUP BY message_id  [ RunTime:0.0060s ]
SQL: SHOW COLUMNS FROM `tab_adv` [ RunTime:0.0070s ]
SQL: SELECT * FROM `tab_adv` WHERE ( pos_id=2 and status=1 ) LIMIT 1   [ RunTime:0.0060s ]
SQL: SHOW COLUMNS FROM `sys_picture` [ RunTime:0.0060s ]
SQL: SELECT * FROM `sys_picture` WHERE `status` = 1 AND `id` = 267 LIMIT 1   [ RunTime:0.0060s ]

[ 2018-04-16T16:01:34+08:00 ] 127.0.0.1 /moguplay/index.php?s=/Mobile/Index/index.html
INFO: [ app_init ] --START--
INFO: Run Behavior\BuildLiteBehavior [ RunTime:0.000000s ]
INFO: Run Common\Behavior\InitHookBehavior [ RunTime:0.010000s ]
INFO: [ app_init ] --END-- [ RunTime:0.010000s ]
INFO: [ app_begin ] --START--
INFO: Run Behavior\ReadHtmlCacheBehavior [ RunTime:0.000000s ]
INFO: [ app_begin ] --END-- [ RunTime:0.000000s ]
SQL: SHOW COLUMNS FROM `sys_config` [ RunTime:0.0070s ]
SQL: SELECT `type`,`name`,`value` FROM `sys_config` WHERE `status` = 1  [ RunTime:0.0070s ]
SQL: SHOW COLUMNS FROM `tab_inside_letter` [ RunTime:0.0060s ]
SQL: SELECT COUNT(id) AS tp_count FROM `tab_inside_letter` WHERE `status` = 0 LIMIT 1   [ RunTime:0.0060s ]
SQL: SHOW COLUMNS FROM `tab_message_letter` [ RunTime:0.0060s ]
SQL: SELECT `message_id` FROM `tab_message_letter` WHERE `rec_account` = null GROUP BY message_id  [ RunTime:0.0060s ]
SQL: SHOW COLUMNS FROM `tab_adv` [ RunTime:0.0060s ]
SQL: SELECT * FROM `tab_adv` WHERE ( pos_id=2 and status=1 ) LIMIT 1   [ RunTime:0.0060s ]
SQL: SHOW COLUMNS FROM `sys_picture` [ RunTime:0.0070s ]
SQL: SELECT * FROM `sys_picture` WHERE `status` = 1 AND `id` = 267 LIMIT 1   [ RunTime:0.0060s ]
NOTIC: [8] Undefined offset: 421 E:\phpStudy\WWW\moguplay\Application\Mobile\Controller\IndexController.class.php 第 118 行.
NOTIC: [8] Undefined offset: 412 E:\phpStudy\WWW\moguplay\Application\Mobile\Controller\IndexController.class.php 第 118 行.
NOTIC: [8] Undefined offset: 405 E:\phpStudy\WWW\moguplay\Application\Mobile\Controller\IndexController.class.php 第 118 行.
NOTIC: [8] Undefined offset: 383 E:\phpStudy\WWW\moguplay\Application\Mobile\Controller\IndexController.class.php 第 118 行.
NOTIC: [8] Undefined offset: 342 E:\phpStudy\WWW\moguplay\Application\Mobile\Controller\IndexController.class.php 第 118 行.
NOTIC: [8] Undefined offset: 366 E:\phpStudy\WWW\moguplay\Application\Mobile\Controller\IndexController.class.php 第 118 行.
NOTIC: [8] Undefined offset: 387 E:\phpStudy\WWW\moguplay\Application\Mobile\Controller\IndexController.class.php 第 118 行.
NOTIC: [8] Undefined offset: 369 E:\phpStudy\WWW\moguplay\Application\Mobile\Controller\IndexController.class.php 第 118 行.
NOTIC: [8] Undefined offset: 29 E:\phpStudy\WWW\moguplay\Application\Mobile\Controller\IndexController.class.php 第 118 行.
NOTIC: [8] Undefined offset: 368 E:\phpStudy\WWW\moguplay\Application\Mobile\Controller\IndexController.class.php 第 118 行.
NOTIC: [8] Undefined offset: 380 E:\phpStudy\WWW\moguplay\Application\Mobile\Controller\IndexController.class.php 第 118 行.
NOTIC: [8] Undefined offset: 359 E:\phpStudy\WWW\moguplay\Application\Mobile\Controller\IndexController.class.php 第 118 行.
NOTIC: [8] Undefined offset: 351 E:\phpStudy\WWW\moguplay\Application\Mobile\Controller\IndexController.class.php 第 118 行.
NOTIC: [8] Undefined offset: 353 E:\phpStudy\WWW\moguplay\Application\Mobile\Controller\IndexController.class.php 第 118 行.
NOTIC: [8] Undefined offset: 363 E:\phpStudy\WWW\moguplay\Application\Mobile\Controller\IndexController.class.php 第 118 行.
NOTIC: [8] Undefined offset: 324 E:\phpStudy\WWW\moguplay\Application\Mobile\Controller\IndexController.class.php 第 118 行.
NOTIC: [8] Undefined offset: 101 E:\phpStudy\WWW\moguplay\Application\Mobile\Controller\IndexController.class.php 第 118 行.
NOTIC: [8] Undefined offset: 274 E:\phpStudy\WWW\moguplay\Application\Mobile\Controller\IndexController.class.php 第 118 行.
NOTIC: [8] Undefined offset: 261 E:\phpStudy\WWW\moguplay\Application\Mobile\Controller\IndexController.class.php 第 118 行.
NOTIC: [8] Undefined offset: 175 E:\phpStudy\WWW\moguplay\Application\Mobile\Controller\IndexController.class.php 第 118 行.
NOTIC: [8] Undefined offset: 267 E:\phpStudy\WWW\moguplay\Application\Mobile\Controller\IndexController.class.php 第 118 行.
NOTIC: [8] Undefined offset: 151 E:\phpStudy\WWW\moguplay\Application\Mobile\Controller\IndexController.class.php 第 118 行.
NOTIC: [8] Undefined offset: 255 E:\phpStudy\WWW\moguplay\Application\Mobile\Controller\IndexController.class.php 第 118 行.
NOTIC: [8] Undefined offset: 135 E:\phpStudy\WWW\moguplay\Application\Mobile\Controller\IndexController.class.php 第 118 行.
NOTIC: [8] Undefined offset: 161 E:\phpStudy\WWW\moguplay\Application\Mobile\Controller\IndexController.class.php 第 118 行.
NOTIC: [8] Undefined offset: 256 E:\phpStudy\WWW\moguplay\Application\Mobile\Controller\IndexController.class.php 第 118 行.
NOTIC: [8] Undefined offset: 258 E:\phpStudy\WWW\moguplay\Application\Mobile\Controller\IndexController.class.php 第 118 行.
NOTIC: [8] Undefined offset: 320 E:\phpStudy\WWW\moguplay\Application\Mobile\Controller\IndexController.class.php 第 118 行.
NOTIC: [8] Undefined offset: 197 E:\phpStudy\WWW\moguplay\Application\Mobile\Controller\IndexController.class.php 第 118 行.
NOTIC: [8] Undefined offset: 268 E:\phpStudy\WWW\moguplay\Application\Mobile\Controller\IndexController.class.php 第 118 行.
NOTIC: [8] Undefined offset: 372 E:\phpStudy\WWW\moguplay\Application\Mobile\Controller\IndexController.class.php 第 118 行.
NOTIC: [8] Undefined offset: 174 E:\phpStudy\WWW\moguplay\Application\Mobile\Controller\IndexController.class.php 第 118 行.
NOTIC: [8] Undefined offset: 378 E:\phpStudy\WWW\moguplay\Application\Mobile\Controller\IndexController.class.php 第 118 行.
NOTIC: [8] Undefined offset: 392 E:\phpStudy\WWW\moguplay\Application\Mobile\Controller\IndexController.class.php 第 118 行.
NOTIC: [8] Undefined offset: 407 E:\phpStudy\WWW\moguplay\Application\Mobile\Controller\IndexController.class.php 第 118 行.
NOTIC: [8] Undefined offset: 406 E:\phpStudy\WWW\moguplay\Application\Mobile\Controller\IndexController.class.php 第 118 行.
NOTIC: [8] Undefined offset: 379 E:\phpStudy\WWW\moguplay\Application\Mobile\Controller\IndexController.class.php 第 118 行.
NOTIC: [8] Undefined offset: 322 E:\phpStudy\WWW\moguplay\Application\Mobile\Controller\IndexController.class.php 第 118 行.
NOTIC: [8] Undefined offset: 333 E:\phpStudy\WWW\moguplay\Application\Mobile\Controller\IndexController.class.php 第 118 行.
NOTIC: [8] Undefined offset: 348 E:\phpStudy\WWW\moguplay\Application\Mobile\Controller\IndexController.class.php 第 118 行.
NOTIC: [8] Undefined offset: 338 E:\phpStudy\WWW\moguplay\Application\Mobile\Controller\IndexController.class.php 第 118 行.
NOTIC: [8] Undefined offset: 271 E:\phpStudy\WWW\moguplay\Application\Mobile\Controller\IndexController.class.php 第 118 行.
NOTIC: [8] Undefined offset: 327 E:\phpStudy\WWW\moguplay\Application\Mobile\Controller\IndexController.class.php 第 118 行.
NOTIC: [8] Undefined offset: 344 E:\phpStudy\WWW\moguplay\Application\Mobile\Controller\IndexController.class.php 第 118 行.
NOTIC: [8] Undefined offset: 15 E:\phpStudy\WWW\moguplay\Application\Mobile\Controller\IndexController.class.php 第 118 行.
NOTIC: [8] Undefined offset: 209 E:\phpStudy\WWW\moguplay\Application\Mobile\Controller\IndexController.class.php 第 118 行.
NOTIC: [8] Undefined offset: 158 E:\phpStudy\WWW\moguplay\Application\Mobile\Controller\IndexController.class.php 第 118 行.
NOTIC: [8] Undefined offset: 176 E:\phpStudy\WWW\moguplay\Application\Mobile\Controller\IndexController.class.php 第 118 行.
NOTIC: [8] Undefined offset: 186 E:\phpStudy\WWW\moguplay\Application\Mobile\Controller\IndexController.class.php 第 118 行.
NOTIC: [8] Undefined offset: 264 E:\phpStudy\WWW\moguplay\Application\Mobile\Controller\IndexController.class.php 第 118 行.
NOTIC: [8] Undefined offset: 121 E:\phpStudy\WWW\moguplay\Application\Mobile\Controller\IndexController.class.php 第 118 行.
NOTIC: [8] Undefined offset: 230 E:\phpStudy\WWW\moguplay\Application\Mobile\Controller\IndexController.class.php 第 118 行.
NOTIC: [8] Undefined offset: 305 E:\phpStudy\WWW\moguplay\Application\Mobile\Controller\IndexController.class.php 第 118 行.
NOTIC: [8] Undefined offset: 300 E:\phpStudy\WWW\moguplay\Application\Mobile\Controller\IndexController.class.php 第 118 行.
NOTIC: [8] Undefined offset: 350 E:\phpStudy\WWW\moguplay\Application\Mobile\Controller\IndexController.class.php 第 118 行.
NOTIC: [8] Undefined offset: 361 E:\phpStudy\WWW\moguplay\Application\Mobile\Controller\IndexController.class.php 第 118 行.
NOTIC: [8] Undefined offset: 393 E:\phpStudy\WWW\moguplay\Application\Mobile\Controller\IndexController.class.php 第 118 行.
NOTIC: [8] Undefined offset: 402 E:\phpStudy\WWW\moguplay\Application\Mobile\Controller\IndexController.class.php 第 118 行.
NOTIC: [8] Undefined offset: 401 E:\phpStudy\WWW\moguplay\Application\Mobile\Controller\IndexController.class.php 第 118 行.
NOTIC: [8] Undefined offset: 397 E:\phpStudy\WWW\moguplay\Application\Mobile\Controller\IndexController.class.php 第 118 行.
NOTIC: [8] Undefined offset: 404 E:\phpStudy\WWW\moguplay\Application\Mobile\Controller\IndexController.class.php 第 118 行.
NOTIC: [8] Undefined offset: 352 E:\phpStudy\WWW\moguplay\Application\Mobile\Controller\IndexController.class.php 第 118 行.
NOTIC: [8] Undefined offset: 362 E:\phpStudy\WWW\moguplay\Application\Mobile\Controller\IndexController.class.php 第 118 行.
NOTIC: [8] Undefined offset: 357 E:\phpStudy\WWW\moguplay\Application\Mobile\Controller\IndexController.class.php 第 118 行.
NOTIC: [8] Undefined offset: 349 E:\phpStudy\WWW\moguplay\Application\Mobile\Controller\IndexController.class.php 第 118 行.
NOTIC: [8] Undefined offset: 341 E:\phpStudy\WWW\moguplay\Application\Mobile\Controller\IndexController.class.php 第 118 行.
NOTIC: [8] Undefined offset: 356 E:\phpStudy\WWW\moguplay\Application\Mobile\Controller\IndexController.class.php 第 118 行.
NOTIC: [8] Undefined offset: 330 E:\phpStudy\WWW\moguplay\Application\Mobile\Controller\IndexController.class.php 第 118 行.
NOTIC: [8] Undefined offset: 326 E:\phpStudy\WWW\moguplay\Application\Mobile\Controller\IndexController.class.php 第 118 行.
NOTIC: [8] Undefined offset: 163 E:\phpStudy\WWW\moguplay\Application\Mobile\Controller\IndexController.class.php 第 118 行.
NOTIC: [8] Undefined offset: 248 E:\phpStudy\WWW\moguplay\Application\Mobile\Controller\IndexController.class.php 第 118 行.
NOTIC: [8] Undefined offset: 142 E:\phpStudy\WWW\moguplay\Application\Mobile\Controller\IndexController.class.php 第 118 行.
NOTIC: [8] Undefined offset: 198 E:\phpStudy\WWW\moguplay\Application\Mobile\Controller\IndexController.class.php 第 118 行.
NOTIC: [8] Undefined offset: 166 E:\phpStudy\WWW\moguplay\Application\Mobile\Controller\IndexController.class.php 第 118 行.
NOTIC: [8] Undefined offset: 119 E:\phpStudy\WWW\moguplay\Application\Mobile\Controller\IndexController.class.php 第 118 行.
NOTIC: [8] Undefined offset: 222 E:\phpStudy\WWW\moguplay\Application\Mobile\Controller\IndexController.class.php 第 118 行.
NOTIC: [8] Undefined offset: 275 E:\phpStudy\WWW\moguplay\Application\Mobile\Controller\IndexController.class.php 第 118 行.
NOTIC: [8] Undefined offset: 109 E:\phpStudy\WWW\moguplay\Application\Mobile\Controller\IndexController.class.php 第 118 行.
NOTIC: [8] Undefined offset: 231 E:\phpStudy\WWW\moguplay\Application\Mobile\Controller\IndexController.class.php 第 118 行.
NOTIC: [8] Undefined offset: 247 E:\phpStudy\WWW\moguplay\Application\Mobile\Controller\IndexController.class.php 第 118 行.
NOTIC: [8] Undefined offset: 200 E:\phpStudy\WWW\moguplay\Application\Mobile\Controller\IndexController.class.php 第 118 行.
NOTIC: [8] Undefined offset: 336 E:\phpStudy\WWW\moguplay\Application\Mobile\Controller\IndexController.class.php 第 118 行.
NOTIC: [8] Undefined offset: 360 E:\phpStudy\WWW\moguplay\Application\Mobile\Controller\IndexController.class.php 第 118 行.
NOTIC: [8] Undefined offset: 377 E:\phpStudy\WWW\moguplay\Application\Mobile\Controller\IndexController.class.php 第 118 行.
NOTIC: [8] Undefined offset: 394 E:\phpStudy\WWW\moguplay\Application\Mobile\Controller\IndexController.class.php 第 118 行.
NOTIC: [8] Undefined offset: 420 E:\phpStudy\WWW\moguplay\Application\Mobile\Controller\IndexController.class.php 第 118 行.
NOTIC: [8] Undefined offset: 33 E:\phpStudy\WWW\moguplay\Application\Mobile\Controller\IndexController.class.php 第 118 行.
NOTIC: [8] Undefined offset: 88 E:\phpStudy\WWW\moguplay\Application\Mobile\Controller\IndexController.class.php 第 118 行.
NOTIC: [8] Undefined offset: 224 E:\phpStudy\WWW\moguplay\Application\Mobile\Controller\IndexController.class.php 第 118 行.
NOTIC: [8] Undefined offset: 167 E:\phpStudy\WWW\moguplay\Application\Mobile\Controller\IndexController.class.php 第 118 行.
NOTIC: [8] Undefined offset: 368 E:\phpStudy\WWW\moguplay\Application\Mobile\Controller\IndexController.class.php 第 118 行.
NOTIC: [8] Undefined offset: 216 E:\phpStudy\WWW\moguplay\Application\Mobile\Controller\IndexController.class.php 第 118 行.
NOTIC: [8] Undefined offset: 113 E:\phpStudy\WWW\moguplay\Application\Mobile\Controller\IndexController.class.php 第 118 行.
NOTIC: [8] Undefined offset: 350 E:\phpStudy\WWW\moguplay\Application\Mobile\Controller\IndexController.class.php 第 118 行.
NOTIC: [8] Undefined offset: 372 E:\phpStudy\WWW\moguplay\Application\Mobile\Controller\IndexController.class.php 第 118 行.
NOTIC: [8] Undefined offset: 385 E:\phpStudy\WWW\moguplay\Application\Mobile\Controller\IndexController.class.php 第 118 行.
NOTIC: [8] Undefined offset: 208 E:\phpStudy\WWW\moguplay\Application\Mobile\Controller\IndexController.class.php 第 118 行.
NOTIC: [8] Undefined offset: 141 E:\phpStudy\WWW\moguplay\Application\Mobile\Controller\IndexController.class.php 第 118 行.
NOTIC: [8] Undefined offset: 111 E:\phpStudy\WWW\moguplay\Application\Mobile\Controller\IndexController.class.php 第 118 行.
NOTIC: [8] Undefined offset: 207 E:\phpStudy\WWW\moguplay\Application\Mobile\Controller\IndexController.class.php 第 118 行.
NOTIC: [8] Undefined offset: 140 E:\phpStudy\WWW\moguplay\Application\Mobile\Controller\IndexController.class.php 第 118 行.
NOTIC: [8] Undefined offset: 56 E:\phpStudy\WWW\moguplay\Application\Mobile\Controller\IndexController.class.php 第 118 行.
NOTIC: [8] Undefined offset: 54 E:\phpStudy\WWW\moguplay\Application\Mobile\Controller\IndexController.class.php 第 118 行.
NOTIC: [8] Undefined offset: 49 E:\phpStudy\WWW\moguplay\Application\Mobile\Controller\IndexController.class.php 第 118 行.
NOTIC: [8] Undefined offset: 138 E:\phpStudy\WWW\moguplay\Application\Mobile\Controller\IndexController.class.php 第 118 行.
NOTIC: [8] Undefined offset: 148 E:\phpStudy\WWW\moguplay\Application\Mobile\Controller\IndexController.class.php 第 118 行.
NOTIC: [8] Undefined offset: 159 E:\phpStudy\WWW\moguplay\Application\Mobile\Controller\IndexController.class.php 第 118 行.
NOTIC: [8] Undefined offset: 187 E:\phpStudy\WWW\moguplay\Application\Mobile\Controller\IndexController.class.php 第 118 行.
NOTIC: [8] Undefined offset: 183 E:\phpStudy\WWW\moguplay\Application\Mobile\Controller\IndexController.class.php 第 118 行.
NOTIC: [8] Undefined offset: 226 E:\phpStudy\WWW\moguplay\Application\Mobile\Controller\IndexController.class.php 第 118 行.
NOTIC: [8] Undefined offset: 191 E:\phpStudy\WWW\moguplay\Application\Mobile\Controller\IndexController.class.php 第 118 行.
NOTIC: [8] Undefined offset: 407 E:\phpStudy\WWW\moguplay\Application\Mobile\Controller\IndexController.class.php 第 118 行.
NOTIC: [8] Undefined offset: 406 E:\phpStudy\WWW\moguplay\Application\Mobile\Controller\IndexController.class.php 第 118 行.
NOTIC: [8] Undefined offset: 185 E:\phpStudy\WWW\moguplay\Application\Mobile\Controller\IndexController.class.php 第 118 行.
NOTIC: [8] Undefined offset: 402 E:\phpStudy\WWW\moguplay\Application\Mobile\Controller\IndexController.class.php 第 118 行.
NOTIC: [8] Undefined offset: 252 E:\phpStudy\WWW\moguplay\Application\Mobile\Controller\IndexController.class.php 第 118 行.
NOTIC: [8] Undefined offset: 397 E:\phpStudy\WWW\moguplay\Application\Mobile\Controller\IndexController.class.php 第 118 行.
NOTIC: [8] Undefined offset: 404 E:\phpStudy\WWW\moguplay\Application\Mobile\Controller\IndexController.class.php 第 118 行.
NOTIC: [8] Undefined offset: 405 E:\phpStudy\WWW\moguplay\Application\Mobile\Controller\IndexController.class.php 第 118 行.
NOTIC: [8] Undefined offset: 270 E:\phpStudy\WWW\moguplay\Application\Mobile\Controller\IndexController.class.php 第 118 行.
NOTIC: [8] Undefined offset: 170 E:\phpStudy\WWW\moguplay\Application\Mobile\Controller\IndexController.class.php 第 118 行.
NOTIC: [8] Undefined offset: 342 E:\phpStudy\WWW\moguplay\Application\Mobile\Controller\IndexController.class.php 第 118 行.
NOTIC: [8] Undefined offset: 352 E:\phpStudy\WWW\moguplay\Application\Mobile\Controller\IndexController.class.php 第 118 行.
NOTIC: [8] Undefined offset: 168 E:\phpStudy\WWW\moguplay\Application\Mobile\Controller\IndexController.class.php 第 118 行.
NOTIC: [8] Undefined offset: 366 E:\phpStudy\WWW\moguplay\Application\Mobile\Controller\IndexController.class.php 第 118 行.
NOTIC: [8] Undefined offset: 387 E:\phpStudy\WWW\moguplay\Application\Mobile\Controller\IndexController.class.php 第 118 行.
NOTIC: [8] Undefined offset: 379 E:\phpStudy\WWW\moguplay\Application\Mobile\Controller\IndexController.class.php 第 118 行.
NOTIC: [8] Undefined offset: 29 E:\phpStudy\WWW\moguplay\Application\Mobile\Controller\IndexController.class.php 第 118 行.
NOTIC: [8] Undefined offset: 380 E:\phpStudy\WWW\moguplay\Application\Mobile\Controller\IndexController.class.php 第 118 行.
NOTIC: [8] Undefined offset: 358 E:\phpStudy\WWW\moguplay\Application\Mobile\Controller\IndexController.class.php 第 118 行.
NOTIC: [8] Undefined offset: 353 E:\phpStudy\WWW\moguplay\Application\Mobile\Controller\IndexController.class.php 第 118 行.
NOTIC: [8] Undefined offset: 363 E:\phpStudy\WWW\moguplay\Application\Mobile\Controller\IndexController.class.php 第 118 行.
NOTIC: [8] Undefined offset: 357 E:\phpStudy\WWW\moguplay\Application\Mobile\Controller\IndexController.class.php 第 118 行.
NOTIC: [8] Undefined offset: 322 E:\phpStudy\WWW\moguplay\Application\Mobile\Controller\IndexController.class.php 第 118 行.
NOTIC: [8] Undefined offset: 349 E:\phpStudy\WWW\moguplay\Application\Mobile\Controller\IndexController.class.php 第 118 行.
NOTIC: [8] Undefined offset: 195 E:\phpStudy\WWW\moguplay\Application\Mobile\Controller\IndexController.class.php 第 118 行.
NOTIC: [8] Undefined offset: 341 E:\phpStudy\WWW\moguplay\Application\Mobile\Controller\IndexController.class.php 第 118 行.
NOTIC: [8] Undefined offset: 333 E:\phpStudy\WWW\moguplay\Application\Mobile\Controller\IndexController.class.php 第 118 行.
NOTIC: [8] Undefined offset: 206 E:\phpStudy\WWW\moguplay\Application\Mobile\Controller\IndexController.class.php 第 118 行.
NOTIC: [8] Undefined offset: 330 E:\phpStudy\WWW\moguplay\Application\Mobile\Controller\IndexController.class.php 第 118 行.
NOTIC: [8] Undefined offset: 271 E:\phpStudy\WWW\moguplay\Application\Mobile\Controller\IndexController.class.php 第 118 行.
NOTIC: [8] Undefined offset: 213 E:\phpStudy\WWW\moguplay\Application\Mobile\Controller\IndexController.class.php 第 118 行.
NOTIC: [8] Undefined offset: 326 E:\phpStudy\WWW\moguplay\Application\Mobile\Controller\IndexController.class.php 第 118 行.
NOTIC: [8] Undefined offset: 163 E:\phpStudy\WWW\moguplay\Application\Mobile\Controller\IndexController.class.php 第 118 行.
NOTIC: [8] Undefined offset: 104 E:\phpStudy\WWW\moguplay\Application\Mobile\Controller\IndexController.class.php 第 118 行.
NOTIC: [8] Undefined offset: 248 E:\phpStudy\WWW\moguplay\Application\Mobile\Controller\IndexController.class.php 第 118 行.
NOTIC: [8] Undefined offset: 220 E:\phpStudy\WWW\moguplay\Application\Mobile\Controller\IndexController.class.php 第 118 行.
NOTIC: [8] Undefined offset: 319 E:\phpStudy\WWW\moguplay\Application\Mobile\Controller\IndexController.class.php 第 118 行.
NOTIC: [8] Undefined offset: 251 E:\phpStudy\WWW\moguplay\Application\Mobile\Controller\IndexController.class.php 第 118 行.
NOTIC: [8] Undefined offset: 323 E:\phpStudy\WWW\moguplay\Application\Mobile\Controller\IndexController.class.php 第 118 行.
NOTIC: [8] Undefined offset: 324 E:\phpStudy\WWW\moguplay\Application\Mobile\Controller\IndexController.class.php 第 118 行.
NOTIC: [8] Undefined offset: 203 E:\phpStudy\WWW\moguplay\Application\Mobile\Controller\IndexController.class.php 第 118 行.
NOTIC: [8] Undefined offset: 254 E:\phpStudy\WWW\moguplay\Application\Mobile\Controller\IndexController.class.php 第 118 行.
NOTIC: [8] Undefined offset: 274 E:\phpStudy\WWW\moguplay\Application\Mobile\Controller\IndexController.class.php 第 118 行.
NOTIC: [8] Undefined offset: 137 E:\phpStudy\WWW\moguplay\Application\Mobile\Controller\IndexController.class.php 第 118 行.
NOTIC: [8] Undefined offset: 192 E:\phpStudy\WWW\moguplay\Application\Mobile\Controller\IndexController.class.php 第 118 行.
NOTIC: [8] Undefined offset: 261 E:\phpStudy\WWW\moguplay\Application\Mobile\Controller\IndexController.class.php 第 118 行.
NOTIC: [8] Undefined offset: 175 E:\phpStudy\WWW\moguplay\Application\Mobile\Controller\IndexController.class.php 第 118 行.
NOTIC: [8] Undefined offset: 39 E:\phpStudy\WWW\moguplay\Application\Mobile\Controller\IndexController.class.php 第 118 行.
NOTIC: [8] Undefined offset: 267 E:\phpStudy\WWW\moguplay\Application\Mobile\Controller\IndexController.class.php 第 118 行.
NOTIC: [8] Undefined offset: 108 E:\phpStudy\WWW\moguplay\Application\Mobile\Controller\IndexController.class.php 第 118 行.
NOTIC: [8] Undefined offset: 15 E:\phpStudy\WWW\moguplay\Application\Mobile\Controller\IndexController.class.php 第 118 行.
NOTIC: [8] Undefined offset: 142 E:\phpStudy\WWW\moguplay\Application\Mobile\Controller\IndexController.class.php 第 118 行.
NOTIC: [8] Undefined offset: 184 E:\phpStudy\WWW\moguplay\Application\Mobile\Controller\IndexController.class.php 第 118 行.
NOTIC: [8] Undefined offset: 272 E:\phpStudy\WWW\moguplay\Application\Mobile\Controller\IndexController.class.php 第 118 行.
NOTIC: [8] Undefined offset: 209 E:\phpStudy\WWW\moguplay\Application\Mobile\Controller\IndexController.class.php 第 118 行.
NOTIC: [8] Undefined offset: 144 E:\phpStudy\WWW\moguplay\Application\Mobile\Controller\IndexController.class.php 第 118 行.
NOTIC: [8] Undefined offset: 158 E:\phpStudy\WWW\moguplay\Application\Mobile\Controller\IndexController.class.php 第 118 行.
NOTIC: [8] Undefined offset: 198 E:\phpStudy\WWW\moguplay\Application\Mobile\Controller\IndexController.class.php 第 118 行.
NOTIC: [8] Undefined offset: 176 E:\phpStudy\WWW\moguplay\Application\Mobile\Controller\IndexController.class.php 第 118 行.
NOTIC: [8] Undefined offset: 228 E:\phpStudy\WWW\moguplay\Application\Mobile\Controller\IndexController.class.php 第 118 行.
NOTIC: [8] Undefined offset: 186 E:\phpStudy\WWW\moguplay\Application\Mobile\Controller\IndexController.class.php 第 118 行.
NOTIC: [8] Undefined offset: 227 E:\phpStudy\WWW\moguplay\Application\Mobile\Controller\IndexController.class.php 第 118 行.
NOTIC: [8] Undefined offset: 255 E:\phpStudy\WWW\moguplay\Application\Mobile\Controller\IndexController.class.php 第 118 行.
NOTIC: [8] Undefined offset: 243 E:\phpStudy\WWW\moguplay\Application\Mobile\Controller\IndexController.class.php 第 118 行.
NOTIC: [8] Undefined offset: 135 E:\phpStudy\WWW\moguplay\Application\Mobile\Controller\IndexController.class.php 第 118 行.
NOTIC: [8] Undefined offset: 161 E:\phpStudy\WWW\moguplay\Application\Mobile\Controller\IndexController.class.php 第 118 行.
NOTIC: [8] Undefined offset: 235 E:\phpStudy\WWW\moguplay\Application\Mobile\Controller\IndexController.class.php 第 118 行.
NOTIC: [8] Undefined offset: 222 E:\phpStudy\WWW\moguplay\Application\Mobile\Controller\IndexController.class.php 第 118 行.
NOTIC: [8] Undefined offset: 231 E:\phpStudy\WWW\moguplay\Application\Mobile\Controller\IndexController.class.php 第 118 行.
NOTIC: [8] Undefined offset: 230 E:\phpStudy\WWW\moguplay\Application\Mobile\Controller\IndexController.class.php 第 118 行.
NOTIC: [8] Undefined offset: 200 E:\phpStudy\WWW\moguplay\Application\Mobile\Controller\IndexController.class.php 第 118 行.
NOTIC: [8] Undefined offset: 239 E:\phpStudy\WWW\moguplay\Application\Mobile\Controller\IndexController.class.php 第 118 行.
NOTIC: [8] Undefined offset: 258 E:\phpStudy\WWW\moguplay\Application\Mobile\Controller\IndexController.class.php 第 118 行.
NOTIC: [8] Undefined offset: 238 E:\phpStudy\WWW\moguplay\Application\Mobile\Controller\IndexController.class.php 第 118 行.
NOTIC: [8] Undefined offset: 305 E:\phpStudy\WWW\moguplay\Application\Mobile\Controller\IndexController.class.php 第 118 行.
NOTIC: [8] Undefined offset: 234 E:\phpStudy\WWW\moguplay\Application\Mobile\Controller\IndexController.class.php 第 118 行.
NOTIC: [8] Undefined offset: 300 E:\phpStudy\WWW\moguplay\Application\Mobile\Controller\IndexController.class.php 第 118 行.
NOTIC: [8] Undefined offset: 233 E:\phpStudy\WWW\moguplay\Application\Mobile\Controller\IndexController.class.php 第 118 行.
NOTIC: [8] Undefined offset: 320 E:\phpStudy\WWW\moguplay\Application\Mobile\Controller\IndexController.class.php 第 118 行.
NOTIC: [8] Undefined offset: 336 E:\phpStudy\WWW\moguplay\Application\Mobile\Controller\IndexController.class.php 第 118 行.
NOTIC: [8] Undefined offset: 225 E:\phpStudy\WWW\moguplay\Application\Mobile\Controller\IndexController.class.php 第 118 行.
NOTIC: [8] Undefined offset: 223 E:\phpStudy\WWW\moguplay\Application\Mobile\Controller\IndexController.class.php 第 118 行.
NOTIC: [8] Undefined offset: 288 E:\phpStudy\WWW\moguplay\Application\Mobile\Controller\IndexController.class.php 第 118 行.
NOTIC: [8] Undefined offset: 268 E:\phpStudy\WWW\moguplay\Application\Mobile\Controller\IndexController.class.php 第 118 行.
NOTIC: [8] Undefined offset: 146 E:\phpStudy\WWW\moguplay\Application\Mobile\Controller\IndexController.class.php 第 118 行.
NOTIC: [8] Undefined offset: 210 E:\phpStudy\WWW\moguplay\Application\Mobile\Controller\IndexController.class.php 第 118 行.
NOTIC: [8] Undefined offset: 174 E:\phpStudy\WWW\moguplay\Application\Mobile\Controller\IndexController.class.php 第 118 行.
NOTIC: [8] Undefined offset: 377 E:\phpStudy\WWW\moguplay\Application\Mobile\Controller\IndexController.class.php 第 118 行.
NOTIC: [8] Undefined offset: 182 E:\phpStudy\WWW\moguplay\Application\Mobile\Controller\IndexController.class.php 第 118 行.
NOTIC: [8] Undefined offset: 132 E:\phpStudy\WWW\moguplay\Application\Mobile\Controller\IndexController.class.php 第 118 行.
NOTIC: [8] Undefined offset: 394 E:\phpStudy\WWW\moguplay\Application\Mobile\Controller\IndexController.class.php 第 118 行.
NOTIC: [8] Undefined offset: 34 E:\phpStudy\WWW\moguplay\Application\Mobile\Controller\IndexController.class.php 第 118 行.
NOTIC: [8] Undefined offset: 392 E:\phpStudy\WWW\moguplay\Application\Mobile\Controller\IndexController.class.php 第 118 行.
NOTIC: [8] Undefined offset: 229 E:\phpStudy\WWW\moguplay\Application\Mobile\Controller\IndexController.class.php 第 118 行.
NOTIC: [8] Undefined offset: 269 E:\phpStudy\WWW\moguplay\Application\Mobile\Controller\IndexController.class.php 第 118 行.
NOTIC: [8] Undefined offset: 282 E:\phpStudy\WWW\moguplay\Application\Mobile\Controller\IndexController.class.php 第 118 行.
NOTIC: [8] Undefined offset: 285 E:\phpStudy\WWW\moguplay\Application\Mobile\Controller\IndexController.class.php 第 118 行.
NOTIC: [8] Undefined offset: 294 E:\phpStudy\WWW\moguplay\Application\Mobile\Controller\IndexController.class.php 第 118 行.
NOTIC: [8] Undefined offset: 313 E:\phpStudy\WWW\moguplay\Application\Mobile\Controller\IndexController.class.php 第 118 行.
NOTIC: [8] Undefined offset: 345 E:\phpStudy\WWW\moguplay\Application\Mobile\Controller\IndexController.class.php 第 118 行.
NOTIC: [8] Undefined offset: 354 E:\phpStudy\WWW\moguplay\Application\Mobile\Controller\IndexController.class.php 第 118 行.
NOTIC: [8] Undefined offset: 355 E:\phpStudy\WWW\moguplay\Application\Mobile\Controller\IndexController.class.php 第 118 行.
NOTIC: [8] Undefined offset: 376 E:\phpStudy\WWW\moguplay\Application\Mobile\Controller\IndexController.class.php 第 118 行.
NOTIC: [8] Undefined offset: 382 E:\phpStudy\WWW\moguplay\Application\Mobile\Controller\IndexController.class.php 第 118 行.
NOTIC: [8] Undefined offset: 403 E:\phpStudy\WWW\moguplay\Application\Mobile\Controller\IndexController.class.php 第 118 行.
NOTIC: [8] Undefined offset: 409 E:\phpStudy\WWW\moguplay\Application\Mobile\Controller\IndexController.class.php 第 118 行.
NOTIC: [8] Undefined offset: 420 E:\phpStudy\WWW\moguplay\Application\Mobile\Controller\IndexController.class.php 第 118 行.
NOTIC: [8] Undefined offset: 90 E:\phpStudy\WWW\moguplay\Application\Mobile\Controller\IndexController.class.php 第 118 行.
NOTIC: [8] Undefined offset: 218 E:\phpStudy\WWW\moguplay\Application\Mobile\Controller\IndexController.class.php 第 118 行.
NOTIC: [8] Undefined offset: 98 E:\phpStudy\WWW\moguplay\Application\Mobile\Controller\IndexController.class.php 第 118 行.
NOTIC: [8] Undefined offset: 217 E:\phpStudy\WWW\moguplay\Application\Mobile\Controller\IndexController.class.php 第 118 行.
NOTIC: [8] Undefined offset: 421 E:\phpStudy\WWW\moguplay\Application\Mobile\Controller\IndexController.class.php 第 118 行.
NOTIC: [8] Undefined offset: 393 E:\phpStudy\WWW\moguplay\Application\Mobile\Controller\IndexController.class.php 第 118 行.
NOTIC: [8] Undefined offset: 401 E:\phpStudy\WWW\moguplay\Application\Mobile\Controller\IndexController.class.php 第 118 行.
NOTIC: [8] Undefined offset: 400 E:\phpStudy\WWW\moguplay\Application\Mobile\Controller\IndexController.class.php 第 118 行.
NOTIC: [8] Undefined offset: 383 E:\phpStudy\WWW\moguplay\Application\Mobile\Controller\IndexController.class.php 第 118 行.
NOTIC: [8] Undefined offset: 399 E:\phpStudy\WWW\moguplay\Application\Mobile\Controller\IndexController.class.php 第 118 行.
NOTIC: [8] Undefined offset: 369 E:\phpStudy\WWW\moguplay\Application\Mobile\Controller\IndexController.class.php 第 118 行.
NOTIC: [8] Undefined offset: 190 E:\phpStudy\WWW\moguplay\Application\Mobile\Controller\IndexController.class.php 第 118 行.
NOTIC: [8] Undefined offset: 362 E:\phpStudy\WWW\moguplay\Application\Mobile\Controller\IndexController.class.php 第 118 行.
NOTIC: [8] Undefined offset: 359 E:\phpStudy\WWW\moguplay\Application\Mobile\Controller\IndexController.class.php 第 118 行.
NOTIC: [8] Undefined offset: 351 E:\phpStudy\WWW\moguplay\Application\Mobile\Controller\IndexController.class.php 第 118 行.
NOTIC: [8] Undefined offset: 364 E:\phpStudy\WWW\moguplay\Application\Mobile\Controller\IndexController.class.php 第 118 行.
NOTIC: [8] Undefined offset: 348 E:\phpStudy\WWW\moguplay\Application\Mobile\Controller\IndexController.class.php 第 118 行.
NOTIC: [8] Undefined offset: 338 E:\phpStudy\WWW\moguplay\Application\Mobile\Controller\IndexController.class.php 第 118 行.
NOTIC: [8] Undefined offset: 327 E:\phpStudy\WWW\moguplay\Application\Mobile\Controller\IndexController.class.php 第 118 行.
NOTIC: [8] Undefined offset: 344 E:\phpStudy\WWW\moguplay\Application\Mobile\Controller\IndexController.class.php 第 118 行.
NOTIC: [8] Undefined offset: 273 E:\phpStudy\WWW\moguplay\Application\Mobile\Controller\IndexController.class.php 第 118 行.
NOTIC: [8] Undefined offset: 179 E:\phpStudy\WWW\moguplay\Application\Mobile\Controller\IndexController.class.php 第 118 行.
NOTIC: [8] Undefined offset: 151 E:\phpStudy\WWW\moguplay\Application\Mobile\Controller\IndexController.class.php 第 118 行.
NOTIC: [8] Undefined offset: 166 E:\phpStudy\WWW\moguplay\Application\Mobile\Controller\IndexController.class.php 第 118 行.
NOTIC: [8] Undefined offset: 121 E:\phpStudy\WWW\moguplay\Application\Mobile\Controller\IndexController.class.php 第 118 行.
NOTIC: [8] Undefined offset: 109 E:\phpStudy\WWW\moguplay\Application\Mobile\Controller\IndexController.class.php 第 118 行.
NOTIC: [8] Undefined offset: 256 E:\phpStudy\WWW\moguplay\Application\Mobile\Controller\IndexController.class.php 第 118 行.
NOTIC: [8] Undefined offset: 361 E:\phpStudy\WWW\moguplay\Application\Mobile\Controller\IndexController.class.php 第 118 行.
NOTIC: [8] Undefined offset: 360 E:\phpStudy\WWW\moguplay\Application\Mobile\Controller\IndexController.class.php 第 118 行.
NOTIC: [8] Undefined offset: 197 E:\phpStudy\WWW\moguplay\Application\Mobile\Controller\IndexController.class.php 第 118 行.
NOTIC: [8] Undefined offset: 205 E:\phpStudy\WWW\moguplay\Application\Mobile\Controller\IndexController.class.php 第 118 行.
NOTIC: [8] Undefined offset: 378 E:\phpStudy\WWW\moguplay\Application\Mobile\Controller\IndexController.class.php 第 118 行.
NOTIC: [8] Undefined offset: 304 E:\phpStudy\WWW\moguplay\Application\Mobile\Controller\IndexController.class.php 第 118 行.
NOTIC: [8] Undefined offset: 310 E:\phpStudy\WWW\moguplay\Application\Mobile\Controller\IndexController.class.php 第 118 行.
NOTIC: [8] Undefined offset: 332 E:\phpStudy\WWW\moguplay\Application\Mobile\Controller\IndexController.class.php 第 118 行.
NOTIC: [8] Undefined offset: 347 E:\phpStudy\WWW\moguplay\Application\Mobile\Controller\IndexController.class.php 第 118 行.
NOTIC: [8] Undefined offset: 386 E:\phpStudy\WWW\moguplay\Application\Mobile\Controller\IndexController.class.php 第 118 行.
NOTIC: [8] Undefined offset: 389 E:\phpStudy\WWW\moguplay\Application\Mobile\Controller\IndexController.class.php 第 118 行.
NOTIC: [8] Undefined offset: 414 E:\phpStudy\WWW\moguplay\Application\Mobile\Controller\IndexController.class.php 第 118 行.
NOTIC: [8] Undefined offset: 415 E:\phpStudy\WWW\moguplay\Application\Mobile\Controller\IndexController.class.php 第 118 行.
NOTIC: [8] Undefined offset: 277 E:\phpStudy\WWW\moguplay\Application\Mobile\Controller\IndexController.class.php 第 118 行.
NOTIC: [8] Undefined offset: 276 E:\phpStudy\WWW\moguplay\Application\Mobile\Controller\IndexController.class.php 第 118 行.
NOTIC: [8] Undefined offset: 264 E:\phpStudy\WWW\moguplay\Application\Mobile\Controller\IndexController.class.php 第 118 行.
NOTIC: [8] Undefined offset: 119 E:\phpStudy\WWW\moguplay\Application\Mobile\Controller\IndexController.class.php 第 118 行.
NOTIC: [8] Undefined offset: 262 E:\phpStudy\WWW\moguplay\Application\Mobile\Controller\IndexController.class.php 第 118 行.
NOTIC: [8] Undefined offset: 275 E:\phpStudy\WWW\moguplay\Application\Mobile\Controller\IndexController.class.php 第 118 行.
NOTIC: [8] Undefined offset: 259 E:\phpStudy\WWW\moguplay\Application\Mobile\Controller\IndexController.class.php 第 118 行.
NOTIC: [8] Undefined offset: 247 E:\phpStudy\WWW\moguplay\Application\Mobile\Controller\IndexController.class.php 第 118 行.
NOTIC: [8] Undefined offset: 287 E:\phpStudy\WWW\moguplay\Application\Mobile\Controller\IndexController.class.php 第 118 行.
NOTIC: [8] Undefined offset: 68 E:\phpStudy\WWW\moguplay\Application\Mobile\Controller\IndexController.class.php 第 118 行.
NOTIC: [8] Undefined offset: 279 E:\phpStudy\WWW\moguplay\Application\Mobile\Controller\IndexController.class.php 第 118 行.
NOTIC: [8] Undefined offset: 280 E:\phpStudy\WWW\moguplay\Application\Mobile\Controller\IndexController.class.php 第 118 行.
NOTIC: [8] Undefined offset: 281 E:\phpStudy\WWW\moguplay\Application\Mobile\Controller\IndexController.class.php 第 118 行.
NOTIC: [8] Undefined offset: 283 E:\phpStudy\WWW\moguplay\Application\Mobile\Controller\IndexController.class.php 第 118 行.
NOTIC: [8] Undefined offset: 289 E:\phpStudy\WWW\moguplay\Application\Mobile\Controller\IndexController.class.php 第 118 行.
NOTIC: [8] Undefined offset: 290 E:\phpStudy\WWW\moguplay\Application\Mobile\Controller\IndexController.class.php 第 118 行.
NOTIC: [8] Undefined offset: 291 E:\phpStudy\WWW\moguplay\Application\Mobile\Controller\IndexController.class.php 第 118 行.
NOTIC: [8] Undefined offset: 296 E:\phpStudy\WWW\moguplay\Application\Mobile\Controller\IndexController.class.php 第 118 行.
NOTIC: [8] Undefined offset: 299 E:\phpStudy\WWW\moguplay\Application\Mobile\Controller\IndexController.class.php 第 118 行.
NOTIC: [8] Undefined offset: 301 E:\phpStudy\WWW\moguplay\Application\Mobile\Controller\IndexController.class.php 第 118 行.
NOTIC: [8] Undefined offset: 302 E:\phpStudy\WWW\moguplay\Application\Mobile\Controller\IndexController.class.php 第 118 行.
NOTIC: [8] Undefined offset: 303 E:\phpStudy\WWW\moguplay\Application\Mobile\Controller\IndexController.class.php 第 118 行.
NOTIC: [8] Undefined offset: 306 E:\phpStudy\WWW\moguplay\Application\Mobile\Controller\IndexController.class.php 第 118 行.
NOTIC: [8] Undefined offset: 307 E:\phpStudy\WWW\moguplay\Application\Mobile\Controller\IndexController.class.php 第 118 行.
NOTIC: [8] Undefined offset: 309 E:\phpStudy\WWW\moguplay\Application\Mobile\Controller\IndexController.class.php 第 118 行.
NOTIC: [8] Undefined offset: 314 E:\phpStudy\WWW\moguplay\Application\Mobile\Controller\IndexController.class.php 第 118 行.
NOTIC: [8] Undefined offset: 315 E:\phpStudy\WWW\moguplay\Application\Mobile\Controller\IndexController.class.php 第 118 行.
NOTIC: [8] Undefined offset: 316 E:\phpStudy\WWW\moguplay\Application\Mobile\Controller\IndexController.class.php 第 118 行.
NOTIC: [8] Undefined offset: 317 E:\phpStudy\WWW\moguplay\Application\Mobile\Controller\IndexController.class.php 第 118 行.
NOTIC: [8] Undefined offset: 337 E:\phpStudy\WWW\moguplay\Application\Mobile\Controller\IndexController.class.php 第 118 行.
SQL: SHOW COLUMNS FROM `tab_adv` [ RunTime:0.0060s ]
SQL: SELECT * FROM `tab_adv` WHERE `status` = 1 AND `pos_id` = 3 ORDER BY sort ASC  [ RunTime:0.0060s ]
SQL: SHOW COLUMNS FROM `sys_picture` [ RunTime:0.0070s ]
NOTIC: [8] Undefined index: join E:\phpStudy\WWW\moguplay\Application\Mobile\Controller\BaseController.class.php 第 117 行.
NOTIC: [8] Undefined index: limit E:\phpStudy\WWW\moguplay\Application\Mobile\Controller\BaseController.class.php 第 118 行.
NOTIC: [8] Undefined index: order E:\phpStudy\WWW\moguplay\Application\Mobile\Controller\BaseController.class.php 第 119 行.
SQL: SELECT `path` FROM `sys_picture` WHERE `id` = 3009 LIMIT 1   [ RunTime:0.0060s ]
NOTIC: [8] Undefined index: join E:\phpStudy\WWW\moguplay\Application\Mobile\Controller\BaseController.class.php 第 117 行.
NOTIC: [8] Undefined index: limit E:\phpStudy\WWW\moguplay\Application\Mobile\Controller\BaseController.class.php 第 118 行.
NOTIC: [8] Undefined index: order E:\phpStudy\WWW\moguplay\Application\Mobile\Controller\BaseController.class.php 第 119 行.
SQL: SELECT `path` FROM `sys_picture` WHERE `id` = 2999 LIMIT 1   [ RunTime:0.0060s ]
NOTIC: [8] Undefined index: join E:\phpStudy\WWW\moguplay\Application\Mobile\Controller\BaseController.class.php 第 117 行.
NOTIC: [8] Undefined index: limit E:\phpStudy\WWW\moguplay\Application\Mobile\Controller\BaseController.class.php 第 118 行.
NOTIC: [8] Undefined index: order E:\phpStudy\WWW\moguplay\Application\Mobile\Controller\BaseController.class.php 第 119 行.
SQL: SELECT `path` FROM `sys_picture` WHERE `id` = 2909 LIMIT 1   [ RunTime:0.0050s ]
NOTIC: [8] Undefined index: join E:\phpStudy\WWW\moguplay\Application\Mobile\Controller\BaseController.class.php 第 117 行.
NOTIC: [8] Undefined index: limit E:\phpStudy\WWW\moguplay\Application\Mobile\Controller\BaseController.class.php 第 118 行.
NOTIC: [8] Undefined index: order E:\phpStudy\WWW\moguplay\Application\Mobile\Controller\BaseController.class.php 第 119 行.
SQL: SELECT `path` FROM `sys_picture` WHERE `id` = 2902 LIMIT 1   [ RunTime:0.0060s ]
NOTIC: [8] Undefined index: join E:\phpStudy\WWW\moguplay\Application\Mobile\Controller\BaseController.class.php 第 117 行.
NOTIC: [8] Undefined index: limit E:\phpStudy\WWW\moguplay\Application\Mobile\Controller\BaseController.class.php 第 118 行.
NOTIC: [8] Undefined index: order E:\phpStudy\WWW\moguplay\Application\Mobile\Controller\BaseController.class.php 第 119 行.
SQL: SELECT `path` FROM `sys_picture` WHERE `id` = 2948 LIMIT 1   [ RunTime:0.0060s ]
NOTIC: [8] Undefined index: join E:\phpStudy\WWW\moguplay\Application\Mobile\Controller\BaseController.class.php 第 117 行.
NOTIC: [8] Undefined index: limit E:\phpStudy\WWW\moguplay\Application\Mobile\Controller\BaseController.class.php 第 118 行.
NOTIC: [8] Undefined index: order E:\phpStudy\WWW\moguplay\Application\Mobile\Controller\BaseController.class.php 第 119 行.
SQL: SELECT `path` FROM `sys_picture` WHERE `id` = 2970 LIMIT 1   [ RunTime:0.0060s ]
NOTIC: [8] Undefined index: join E:\phpStudy\WWW\moguplay\Application\Mobile\Controller\BaseController.class.php 第 117 行.
NOTIC: [8] Undefined index: limit E:\phpStudy\WWW\moguplay\Application\Mobile\Controller\BaseController.class.php 第 118 行.
NOTIC: [8] Undefined index: order E:\phpStudy\WWW\moguplay\Application\Mobile\Controller\BaseController.class.php 第 119 行.
SQL: SELECT `path` FROM `sys_picture` WHERE `id` = 2962 LIMIT 1   [ RunTime:0.0060s ]
NOTIC: [8] Undefined index: join E:\phpStudy\WWW\moguplay\Application\Mobile\Controller\BaseController.class.php 第 117 行.
NOTIC: [8] Undefined index: limit E:\phpStudy\WWW\moguplay\Application\Mobile\Controller\BaseController.class.php 第 118 行.
NOTIC: [8] Undefined index: order E:\phpStudy\WWW\moguplay\Application\Mobile\Controller\BaseController.class.php 第 119 行.
SQL: SELECT `path` FROM `sys_picture` WHERE `id` = 2916 LIMIT 1   [ RunTime:0.0060s ]
NOTIC: [8] Undefined index: join E:\phpStudy\WWW\moguplay\Application\Mobile\Controller\BaseController.class.php 第 117 行.
NOTIC: [8] Undefined index: limit E:\phpStudy\WWW\moguplay\Application\Mobile\Controller\BaseController.class.php 第 118 行.
NOTIC: [8] Undefined index: order E:\phpStudy\WWW\moguplay\Application\Mobile\Controller\BaseController.class.php 第 119 行.
SQL: SELECT `path` FROM `sys_picture` WHERE `id` = 2873 LIMIT 1   [ RunTime:0.0060s ]
NOTIC: [8] Undefined index: join E:\phpStudy\WWW\moguplay\Application\Mobile\Controller\BaseController.class.php 第 117 行.
NOTIC: [8] Undefined index: limit E:\phpStudy\WWW\moguplay\Application\Mobile\Controller\BaseController.class.php 第 118 行.
NOTIC: [8] Undefined index: order E:\phpStudy\WWW\moguplay\Application\Mobile\Controller\BaseController.class.php 第 119 行.
SQL: SELECT `path` FROM `sys_picture` WHERE `id` = 2863 LIMIT 1   [ RunTime:0.0060s ]
SQL: SHOW COLUMNS FROM `tab_server` [ RunTime:0.0070s ]
NOTIC: [8] Undefined index: group E:\phpStudy\WWW\moguplay\Application\Mobile\Controller\BaseController.class.php 第 90 行.
NOTIC: [8] Undefined index: limit E:\phpStudy\WWW\moguplay\Application\Mobile\Controller\BaseController.class.php 第 91 行.
SQL: SELECT tab_server.*,tab_game.icon,tab_game.cover FROM `tab_server` INNER JOIN tab_game on tab_server.game_id = tab_game.id  WHERE `game_status` = 1 AND `start_time` >= 1523808000 ORDER BY start_time  [ RunTime:0.0070s ]
SQL: SHOW COLUMNS FROM `tab_game` [ RunTime:0.0070s ]
SQL: SELECT `id`,`game_name`,`sort`,`short`,`game_type_id`,`game_type_name`,`game_score`,`features`,`recommend_level`,`version`,`game_size`,`icon`,`cover`,`screenshot`,`introduction`,`and_dow_address`,`ios_dow_address`,`game_address`,`dow_num`,`game_status`,`recommend_status`,`pay_status`,`dow_status`,`developers`,`create_time`,`bind_discount`,`discount`,`language`,`game_appid`,`game_coin_name`,`game_coin_ration`,`dow_mynum`,`app_dow_num`,`create_user`,`off_reason`,`cp_name`,`app_game_status`,`app_recommend_status`,`app_sort`,`version_num` FROM `tab_game` WHERE `game_status` = 1 ORDER BY dow_mynum desc LIMIT 10   [ RunTime:0.0070s ]
SQL: SELECT * FROM `tab_adv` WHERE `status` = 1 AND `pos_id` = 4 ORDER BY sort ASC  [ RunTime:0.0060s ]
SQL: SHOW COLUMNS FROM `tab_user` [ RunTime:0.0070s ]
SQL: SELECT * FROM `tab_user` WHERE `id` = null LIMIT 1   [ RunTime:0.0070s ]
INFO: [ view_parse ] --START--
INFO: [ template_filter ] --START--
INFO: Run Behavior\ContentReplaceBehavior [ RunTime:0.000000s ]
INFO: [ template_filter ] --END-- [ RunTime:0.000000s ]
SQL: SELECT * FROM `sys_picture` WHERE `status` = 1 AND `id` = 3063 LIMIT 1   [ RunTime:0.0060s ]
SQL: SELECT * FROM `sys_picture` WHERE `status` = 1 AND `id` = 2992 LIMIT 1   [ RunTime:0.0060s ]
SQL: SELECT * FROM `sys_picture` WHERE `status` = 1 AND `id` = 2924 LIMIT 1   [ RunTime:0.0060s ]
SQL: SELECT * FROM `sys_picture` WHERE `status` = 1 AND `id` = 2895 LIMIT 1   [ RunTime:0.0060s ]
SQL: SELECT * FROM `sys_picture` WHERE `status` = 1 AND `id` = 3017 LIMIT 1   [ RunTime:0.0070s ]
SQL: SELECT * FROM `sys_picture` WHERE `status` = 1 AND `id` = 2948 LIMIT 1   [ RunTime:0.0060s ]
SQL: SELECT * FROM `sys_picture` WHERE `status` = 1 AND `id` = 2941 LIMIT 1   [ RunTime:0.0070s ]
SQL: SELECT * FROM `sys_picture` WHERE `status` = 1 AND `id` = 2934 LIMIT 1   [ RunTime:0.0060s ]
SQL: SELECT * FROM `sys_picture` WHERE `status` = 1 AND `id` = 2955 LIMIT 1   [ RunTime:0.0060s ]
SQL: SELECT * FROM `sys_picture` WHERE `status` = 1 AND `id` = 2714 LIMIT 1   [ RunTime:0.0060s ]
SQL: SELECT * FROM `sys_picture` WHERE `status` = 1 AND `id` = 2565 LIMIT 1   [ RunTime:0.0070s ]
SQL: SELECT * FROM `sys_picture` WHERE `status` = 1 AND `id` = 2503 LIMIT 1   [ RunTime:0.0070s ]
SQL: SELECT * FROM `sys_picture` WHERE `status` = 1 AND `id` = 2459 LIMIT 1   [ RunTime:0.0070s ]
SQL: SELECT * FROM `sys_picture` WHERE `status` = 1 AND `id` = 2375 LIMIT 1   [ RunTime:0.0060s ]
SQL: SELECT * FROM `sys_picture` WHERE `status` = 1 AND `id` = 2316 LIMIT 1   [ RunTime:0.0070s ]
SQL: SELECT * FROM `sys_picture` WHERE `status` = 1 AND `id` = 3063 LIMIT 1   [ RunTime:0.0060s ]
SQL: SELECT * FROM `sys_picture` WHERE `status` = 1 AND `id` = 1096 LIMIT 1   [ RunTime:0.0060s ]
SQL: SELECT * FROM `sys_picture` WHERE `status` = 1 AND `id` = 1212 LIMIT 1   [ RunTime:0.0070s ]
SQL: SELECT * FROM `sys_picture` WHERE `status` = 1 AND `id` = 578 LIMIT 1   [ RunTime:0.0060s ]
SQL: SELECT * FROM `sys_picture` WHERE `status` = 1 AND `id` = 1428 LIMIT 1   [ RunTime:0.0060s ]
SQL: SELECT * FROM `sys_picture` WHERE `status` = 1 AND `id` = 803 LIMIT 1   [ RunTime:0.0060s ]
SQL: SELECT * FROM `sys_picture` WHERE `status` = 1 AND `id` = 1162 LIMIT 1   [ RunTime:0.0060s ]
SQL: SELECT * FROM `sys_picture` WHERE `status` = 1 AND `id` = 1082 LIMIT 1   [ RunTime:0.0060s ]
SQL: SELECT * FROM `sys_picture` WHERE `status` = 1 AND `id` = 2714 LIMIT 1   [ RunTime:0.0070s ]
SQL: SELECT * FROM `sys_picture` WHERE `status` = 1 AND `id` = 2629 LIMIT 1   [ RunTime:0.0060s ]
SQL: SELECT * FROM `sys_picture` WHERE `status` = 1 AND `id` = 2934 LIMIT 1   [ RunTime:0.0060s ]
SQL: SELECT * FROM `sys_picture` WHERE `status` = 1 AND `id` = 2955 LIMIT 1   [ RunTime:0.0060s ]
SQL: SELECT * FROM `sys_picture` WHERE `status` = 1 AND `id` = 2714 LIMIT 1   [ RunTime:0.0060s ]
SQL: SELECT * FROM `sys_picture` WHERE `status` = 1 AND `id` = 2565 LIMIT 1   [ RunTime:0.0070s ]
SQL: SELECT * FROM `sys_picture` WHERE `status` = 1 AND `id` = 2503 LIMIT 1   [ RunTime:0.0060s ]
SQL: SELECT * FROM `sys_picture` WHERE `status` = 1 AND `id` = 2459 LIMIT 1   [ RunTime:0.0060s ]
SQL: SELECT * FROM `sys_picture` WHERE `status` = 1 AND `id` = 2375 LIMIT 1   [ RunTime:0.0060s ]
SQL: SELECT * FROM `sys_picture` WHERE `status` = 1 AND `id` = 2316 LIMIT 1   [ RunTime:0.0060s ]
INFO: Run Behavior\ParseTemplateBehavior [ RunTime:0.233000s ]
INFO: [ view_parse ] --END-- [ RunTime:0.233000s ]
INFO: [ view_filter ] --START--
INFO: Run Behavior\WriteHtmlCacheBehavior [ RunTime:0.000000s ]
INFO: [ view_filter ] --END-- [ RunTime:0.000000s ]
INFO: [ app_end ] --START--
INFO: Run Behavior\ShowPageTraceBehavior [ RunTime:0.001000s ]
INFO: [ app_end ] --END-- [ RunTime:0.001000s ]

