[ 2018-04-16T16:03:03+08:00 ] 127.0.0.1 /moguplay/index.php?s=/Phone/User/index
INFO: [ app_init ] --START--
INFO: Run Behavior\BuildLiteBehavior [ RunTime:0.000000s ]
SQL: SHOW COLUMNS FROM `sys_hooks` [ RunTime:0.0080s ]
SQL: SELECT `name`,`addons` FROM `sys_hooks`  [ RunTime:0.0070s ]
SQL: SHOW COLUMNS FROM `sys_addons` [ RunTime:0.0080s ]
SQL: SELECT `id`,`name` FROM `sys_addons` WHERE `status` = 1 AND `name` IN ('ReturnTop')  [ RunTime:0.0070s ]
SQL: SELECT `id`,`name` FROM `sys_addons` WHERE `status` = 1 AND `name` IN ('Attachment')  [ RunTime:0.0080s ]
SQL: SELECT `id`,`name` FROM `sys_addons` WHERE `status` = 1 AND `name` IN ('Attachment','SocialComment')  [ RunTime:0.0080s ]
SQL: SELECT `id`,`name` FROM `sys_addons` WHERE `status` = 1 AND `name` IN ('Attachment')  [ RunTime:0.0080s ]
SQL: SELECT `id`,`name` FROM `sys_addons` WHERE `status` = 1 AND `name` IN ('Editor')  [ RunTime:0.0080s ]
SQL: SELECT `id`,`name` FROM `sys_addons` WHERE `status` = 1 AND `name` IN ('EditorForAdmin')  [ RunTime:0.0080s ]
SQL: SELECT `id`,`name` FROM `sys_addons` WHERE `status` = 1 AND `name` IN ('SiteStat','SystemInfo','DevTeam')  [ RunTime:0.0080s ]
SQL: SELECT `id`,`name` FROM `sys_addons` WHERE `status` = 1 AND `name` IN ('Editor')  [ RunTime:0.0080s ]
SQL: SELECT `id`,`name` FROM `sys_addons` WHERE `status` = 1 AND `name` IN ('UploadImages')  [ RunTime:0.0080s ]
INFO: Run Common\Behavior\InitHookBehavior [ RunTime:0.144000s ]
INFO: [ app_init ] --END-- [ RunTime:0.144000s ]
INFO: [ app_begin ] --START--
INFO: Run Behavior\ReadHtmlCacheBehavior [ RunTime:0.001000s ]
INFO: [ app_begin ] --END-- [ RunTime:0.001000s ]
SQL: SHOW COLUMNS FROM `tab_login_sign` [ RunTime:0.0090s ]
SQL: SELECT * FROM `tab_login_sign` WHERE `login_sign` = '' LIMIT 1   [ RunTime:0.0080s ]
SQL: SHOW COLUMNS FROM `tab_api_record` [ RunTime:0.0070s ]
SQL: INSERT INTO `tab_api_record` (`in`,`url`,`create_time`,`ip`) VALUES ('[]','/moguplay/index.php?s=/Phone/User/index','1523865783','127.0.0.1') [ RunTime:0.0080s ]

[ 2018-04-16T16:03:24+08:00 ] 127.0.0.1 /moguplay/index.php?s=/Phone/User/messages
INFO: [ app_init ] --START--
INFO: Run Behavior\BuildLiteBehavior [ RunTime:0.000000s ]
INFO: Run Common\Behavior\InitHookBehavior [ RunTime:0.012000s ]
INFO: [ app_init ] --END-- [ RunTime:0.012000s ]
INFO: [ app_begin ] --START--
INFO: Run Behavior\ReadHtmlCacheBehavior [ RunTime:0.000000s ]
INFO: [ app_begin ] --END-- [ RunTime:0.000000s ]
SQL: SHOW COLUMNS FROM `tab_login_sign` [ RunTime:0.0090s ]
SQL: SELECT * FROM `tab_login_sign` WHERE `login_sign` = '' LIMIT 1   [ RunTime:0.0080s ]
SQL: SHOW COLUMNS FROM `tab_api_record` [ RunTime:0.0080s ]
SQL: INSERT INTO `tab_api_record` (`in`,`url`,`create_time`,`ip`) VALUES ('[]','/moguplay/index.php?s=/Phone/User/messages','1523865804','127.0.0.1') [ RunTime:0.0080s ]

