[ 2018-03-03T14:34:40+08:00 ] 127.0.0.1 /
INFO: [ app_init ] --START--
INFO: Run Behavior\BuildLiteBehavior [ RunTime:0.000000s ]
INFO: Run Common\Behavior\InitHookBehavior [ RunTime:0.002000s ]
INFO: [ app_init ] --END-- [ RunTime:0.003000s ]
INFO: [ app_begin ] --START--
INFO: Run Behavior\ReadHtmlCacheBehavior [ RunTime:0.001000s ]
INFO: [ app_begin ] --END-- [ RunTime:0.001000s ]
SQL: SHOW COLUMNS FROM `sys_config` [ RunTime:0.0010s ]
SQL: SELECT `type`,`name`,`value` FROM `sys_config` WHERE `status` = 1  [ RunTime:0.0000s ]
ERR: SQLSTATE[42S02]: Base table or view not found: 1146 Table 'u7858.tab_inside_letter' doesn't exist

[ 2018-03-03T15:40:18+08:00 ] 127.0.0.1 /
INFO: [ app_init ] --START--
INFO: Run Behavior\BuildLiteBehavior [ RunTime:0.000000s ]
SQL: SHOW COLUMNS FROM `sys_hooks` [ RunTime:0.0010s ]
SQL: SELECT `name`,`addons` FROM `sys_hooks`  [ RunTime:0.0000s ]
SQL: SHOW COLUMNS FROM `sys_addons` [ RunTime:0.0000s ]
SQL: SELECT `id`,`name` FROM `sys_addons` WHERE `status` = 1 AND `name` IN ('ReturnTop')  [ RunTime:0.0000s ]
SQL: SELECT `id`,`name` FROM `sys_addons` WHERE `status` = 1 AND `name` IN ('Attachment')  [ RunTime:0.0000s ]
SQL: SELECT `id`,`name` FROM `sys_addons` WHERE `status` = 1 AND `name` IN ('Attachment','SocialComment')  [ RunTime:0.0000s ]
SQL: SELECT `id`,`name` FROM `sys_addons` WHERE `status` = 1 AND `name` IN ('Attachment')  [ RunTime:0.0000s ]
SQL: SELECT `id`,`name` FROM `sys_addons` WHERE `status` = 1 AND `name` IN ('Editor')  [ RunTime:0.0000s ]
SQL: SELECT `id`,`name` FROM `sys_addons` WHERE `status` = 1 AND `name` IN ('EditorForAdmin')  [ RunTime:0.0000s ]
SQL: SELECT `id`,`name` FROM `sys_addons` WHERE `status` = 1 AND `name` IN ('SiteStat','SystemInfo','DevTeam')  [ RunTime:0.0000s ]
SQL: SELECT `id`,`name` FROM `sys_addons` WHERE `status` = 1 AND `name` IN ('Editor')  [ RunTime:0.0000s ]
SQL: SELECT `id`,`name` FROM `sys_addons` WHERE `status` = 1 AND `name` IN ('UploadImages')  [ RunTime:0.0000s ]
INFO: Run Common\Behavior\InitHookBehavior [ RunTime:0.007000s ]
INFO: [ app_init ] --END-- [ RunTime:0.008000s ]
INFO: [ app_begin ] --START--
INFO: Run Behavior\ReadHtmlCacheBehavior [ RunTime:0.001000s ]
INFO: [ app_begin ] --END-- [ RunTime:0.001000s ]
SQL: SHOW COLUMNS FROM `sys_config` [ RunTime:0.0010s ]
SQL: SELECT `type`,`name`,`value` FROM `sys_config` WHERE `status` = 1  [ RunTime:0.0000s ]
SQL: SHOW COLUMNS FROM `tab_inside_letter` [ RunTime:0.0010s ]
SQL: SELECT COUNT(id) AS tp_count FROM `tab_inside_letter` WHERE `status` = 0 LIMIT 1   [ RunTime:0.0000s ]
SQL: SHOW COLUMNS FROM `tab_message_letter` [ RunTime:0.0010s ]
SQL: SELECT `message_id` FROM `tab_message_letter` WHERE `rec_account` = null GROUP BY message_id  [ RunTime:0.0000s ]
SQL: SHOW COLUMNS FROM `tab_adv` [ RunTime:0.0010s ]
SQL: SELECT * FROM `tab_adv` WHERE ( pos_id=2 and status=1 ) LIMIT 1   [ RunTime:0.0000s ]
SQL: SHOW COLUMNS FROM `sys_picture` [ RunTime:0.0010s ]
SQL: SELECT * FROM `sys_picture` WHERE `status` = 1 AND `id` = 267 LIMIT 1   [ RunTime:0.0000s ]
SQL: SHOW COLUMNS FROM `tab_game` [ RunTime:0.0010s ]
NOTIC: [8] Undefined index: limit F:\www\moguplay\Application\Media\Controller\BaseController.class.php 第 79 行.
SQL: SELECT `id`,`game_name`,`sort`,`short`,`game_type_id`,`game_type_name`,`game_score`,`features`,`recommend_level`,`version`,`game_size`,`icon`,`cover`,`screenshot`,`introduction`,`and_dow_address`,`ios_dow_address`,`game_address`,`dow_num`,`game_status`,`recommend_status`,`pay_status`,`dow_status`,`developers`,`create_time`,`bind_discount`,`discount`,`language`,`game_appid`,`game_coin_name`,`game_coin_ration`,`dow_mynum`,`app_dow_num`,`create_user`,`off_reason`,`cp_name`,`app_game_status`,`app_recommend_status`,`app_sort`,`version_num` FROM `tab_game` WHERE `game_status` = 1 ORDER BY sort DESC  [ RunTime:0.0020s ]
NOTIC: [8] Undefined offset: 412 F:\www\moguplay\Application\Media\Controller\IndexController.class.php 第 101 行.
NOTIC: [8] Undefined offset: 405 F:\www\moguplay\Application\Media\Controller\IndexController.class.php 第 101 行.
NOTIC: [8] Undefined offset: 383 F:\www\moguplay\Application\Media\Controller\IndexController.class.php 第 101 行.
NOTIC: [8] Undefined offset: 342 F:\www\moguplay\Application\Media\Controller\IndexController.class.php 第 101 行.
NOTIC: [8] Undefined offset: 366 F:\www\moguplay\Application\Media\Controller\IndexController.class.php 第 101 行.
NOTIC: [8] Undefined offset: 387 F:\www\moguplay\Application\Media\Controller\IndexController.class.php 第 101 行.
NOTIC: [8] Undefined offset: 369 F:\www\moguplay\Application\Media\Controller\IndexController.class.php 第 101 行.
NOTIC: [8] Undefined offset: 29 F:\www\moguplay\Application\Media\Controller\IndexController.class.php 第 101 行.
NOTIC: [8] Undefined offset: 368 F:\www\moguplay\Application\Media\Controller\IndexController.class.php 第 101 行.
NOTIC: [8] Undefined offset: 380 F:\www\moguplay\Application\Media\Controller\IndexController.class.php 第 101 行.
NOTIC: [8] Undefined offset: 359 F:\www\moguplay\Application\Media\Controller\IndexController.class.php 第 101 行.
NOTIC: [8] Undefined offset: 351 F:\www\moguplay\Application\Media\Controller\IndexController.class.php 第 101 行.
NOTIC: [8] Undefined offset: 353 F:\www\moguplay\Application\Media\Controller\IndexController.class.php 第 101 行.
NOTIC: [8] Undefined offset: 363 F:\www\moguplay\Application\Media\Controller\IndexController.class.php 第 101 行.
NOTIC: [8] Undefined offset: 324 F:\www\moguplay\Application\Media\Controller\IndexController.class.php 第 101 行.
NOTIC: [8] Undefined offset: 101 F:\www\moguplay\Application\Media\Controller\IndexController.class.php 第 101 行.
NOTIC: [8] Undefined offset: 274 F:\www\moguplay\Application\Media\Controller\IndexController.class.php 第 101 行.
NOTIC: [8] Undefined offset: 261 F:\www\moguplay\Application\Media\Controller\IndexController.class.php 第 101 行.
NOTIC: [8] Undefined offset: 175 F:\www\moguplay\Application\Media\Controller\IndexController.class.php 第 101 行.
NOTIC: [8] Undefined offset: 267 F:\www\moguplay\Application\Media\Controller\IndexController.class.php 第 101 行.
NOTIC: [8] Undefined offset: 151 F:\www\moguplay\Application\Media\Controller\IndexController.class.php 第 101 行.
NOTIC: [8] Undefined offset: 255 F:\www\moguplay\Application\Media\Controller\IndexController.class.php 第 101 行.
NOTIC: [8] Undefined offset: 135 F:\www\moguplay\Application\Media\Controller\IndexController.class.php 第 101 行.
NOTIC: [8] Undefined offset: 161 F:\www\moguplay\Application\Media\Controller\IndexController.class.php 第 101 行.
NOTIC: [8] Undefined offset: 256 F:\www\moguplay\Application\Media\Controller\IndexController.class.php 第 101 行.
NOTIC: [8] Undefined offset: 258 F:\www\moguplay\Application\Media\Controller\IndexController.class.php 第 101 行.
NOTIC: [8] Undefined offset: 320 F:\www\moguplay\Application\Media\Controller\IndexController.class.php 第 101 行.
NOTIC: [8] Undefined offset: 197 F:\www\moguplay\Application\Media\Controller\IndexController.class.php 第 101 行.
NOTIC: [8] Undefined offset: 268 F:\www\moguplay\Application\Media\Controller\IndexController.class.php 第 101 行.
NOTIC: [8] Undefined offset: 372 F:\www\moguplay\Application\Media\Controller\IndexController.class.php 第 101 行.
NOTIC: [8] Undefined offset: 174 F:\www\moguplay\Application\Media\Controller\IndexController.class.php 第 101 行.
NOTIC: [8] Undefined offset: 378 F:\www\moguplay\Application\Media\Controller\IndexController.class.php 第 101 行.
NOTIC: [8] Undefined offset: 392 F:\www\moguplay\Application\Media\Controller\IndexController.class.php 第 101 行.
NOTIC: [8] Undefined offset: 407 F:\www\moguplay\Application\Media\Controller\IndexController.class.php 第 101 行.
NOTIC: [8] Undefined offset: 406 F:\www\moguplay\Application\Media\Controller\IndexController.class.php 第 101 行.
NOTIC: [8] Undefined offset: 379 F:\www\moguplay\Application\Media\Controller\IndexController.class.php 第 101 行.
NOTIC: [8] Undefined offset: 322 F:\www\moguplay\Application\Media\Controller\IndexController.class.php 第 101 行.
NOTIC: [8] Undefined offset: 333 F:\www\moguplay\Application\Media\Controller\IndexController.class.php 第 101 行.
NOTIC: [8] Undefined offset: 348 F:\www\moguplay\Application\Media\Controller\IndexController.class.php 第 101 行.
NOTIC: [8] Undefined offset: 338 F:\www\moguplay\Application\Media\Controller\IndexController.class.php 第 101 行.
NOTIC: [8] Undefined offset: 271 F:\www\moguplay\Application\Media\Controller\IndexController.class.php 第 101 行.
NOTIC: [8] Undefined offset: 327 F:\www\moguplay\Application\Media\Controller\IndexController.class.php 第 101 行.
NOTIC: [8] Undefined offset: 344 F:\www\moguplay\Application\Media\Controller\IndexController.class.php 第 101 行.
NOTIC: [8] Undefined offset: 15 F:\www\moguplay\Application\Media\Controller\IndexController.class.php 第 101 行.
NOTIC: [8] Undefined offset: 209 F:\www\moguplay\Application\Media\Controller\IndexController.class.php 第 101 行.
NOTIC: [8] Undefined offset: 158 F:\www\moguplay\Application\Media\Controller\IndexController.class.php 第 101 行.
NOTIC: [8] Undefined offset: 176 F:\www\moguplay\Application\Media\Controller\IndexController.class.php 第 101 行.
NOTIC: [8] Undefined offset: 186 F:\www\moguplay\Application\Media\Controller\IndexController.class.php 第 101 行.
NOTIC: [8] Undefined offset: 264 F:\www\moguplay\Application\Media\Controller\IndexController.class.php 第 101 行.
NOTIC: [8] Undefined offset: 121 F:\www\moguplay\Application\Media\Controller\IndexController.class.php 第 101 行.
NOTIC: [8] Undefined offset: 230 F:\www\moguplay\Application\Media\Controller\IndexController.class.php 第 101 行.
NOTIC: [8] Undefined offset: 305 F:\www\moguplay\Application\Media\Controller\IndexController.class.php 第 101 行.
NOTIC: [8] Undefined offset: 300 F:\www\moguplay\Application\Media\Controller\IndexController.class.php 第 101 行.
NOTIC: [8] Undefined offset: 350 F:\www\moguplay\Application\Media\Controller\IndexController.class.php 第 101 行.
NOTIC: [8] Undefined offset: 361 F:\www\moguplay\Application\Media\Controller\IndexController.class.php 第 101 行.
NOTIC: [8] Undefined offset: 393 F:\www\moguplay\Application\Media\Controller\IndexController.class.php 第 101 行.
NOTIC: [8] Undefined offset: 402 F:\www\moguplay\Application\Media\Controller\IndexController.class.php 第 101 行.
NOTIC: [8] Undefined offset: 401 F:\www\moguplay\Application\Media\Controller\IndexController.class.php 第 101 行.
NOTIC: [8] Undefined offset: 397 F:\www\moguplay\Application\Media\Controller\IndexController.class.php 第 101 行.
NOTIC: [8] Undefined offset: 404 F:\www\moguplay\Application\Media\Controller\IndexController.class.php 第 101 行.
NOTIC: [8] Undefined offset: 352 F:\www\moguplay\Application\Media\Controller\IndexController.class.php 第 101 行.
NOTIC: [8] Undefined offset: 362 F:\www\moguplay\Application\Media\Controller\IndexController.class.php 第 101 行.
NOTIC: [8] Undefined offset: 357 F:\www\moguplay\Application\Media\Controller\IndexController.class.php 第 101 行.
NOTIC: [8] Undefined offset: 349 F:\www\moguplay\Application\Media\Controller\IndexController.class.php 第 101 行.
NOTIC: [8] Undefined offset: 341 F:\www\moguplay\Application\Media\Controller\IndexController.class.php 第 101 行.
NOTIC: [8] Undefined offset: 356 F:\www\moguplay\Application\Media\Controller\IndexController.class.php 第 101 行.
NOTIC: [8] Undefined offset: 330 F:\www\moguplay\Application\Media\Controller\IndexController.class.php 第 101 行.
NOTIC: [8] Undefined offset: 326 F:\www\moguplay\Application\Media\Controller\IndexController.class.php 第 101 行.
NOTIC: [8] Undefined offset: 163 F:\www\moguplay\Application\Media\Controller\IndexController.class.php 第 101 行.
NOTIC: [8] Undefined offset: 248 F:\www\moguplay\Application\Media\Controller\IndexController.class.php 第 101 行.
NOTIC: [8] Undefined offset: 142 F:\www\moguplay\Application\Media\Controller\IndexController.class.php 第 101 行.
NOTIC: [8] Undefined offset: 198 F:\www\moguplay\Application\Media\Controller\IndexController.class.php 第 101 行.
NOTIC: [8] Undefined offset: 166 F:\www\moguplay\Application\Media\Controller\IndexController.class.php 第 101 行.
NOTIC: [8] Undefined offset: 119 F:\www\moguplay\Application\Media\Controller\IndexController.class.php 第 101 行.
NOTIC: [8] Undefined offset: 222 F:\www\moguplay\Application\Media\Controller\IndexController.class.php 第 101 行.
NOTIC: [8] Undefined offset: 275 F:\www\moguplay\Application\Media\Controller\IndexController.class.php 第 101 行.
NOTIC: [8] Undefined offset: 109 F:\www\moguplay\Application\Media\Controller\IndexController.class.php 第 101 行.
NOTIC: [8] Undefined offset: 231 F:\www\moguplay\Application\Media\Controller\IndexController.class.php 第 101 行.
NOTIC: [8] Undefined offset: 247 F:\www\moguplay\Application\Media\Controller\IndexController.class.php 第 101 行.
NOTIC: [8] Undefined offset: 200 F:\www\moguplay\Application\Media\Controller\IndexController.class.php 第 101 行.
NOTIC: [8] Undefined offset: 336 F:\www\moguplay\Application\Media\Controller\IndexController.class.php 第 101 行.
NOTIC: [8] Undefined offset: 360 F:\www\moguplay\Application\Media\Controller\IndexController.class.php 第 101 行.
NOTIC: [8] Undefined offset: 377 F:\www\moguplay\Application\Media\Controller\IndexController.class.php 第 101 行.
NOTIC: [8] Undefined offset: 394 F:\www\moguplay\Application\Media\Controller\IndexController.class.php 第 101 行.
NOTIC: [8] Undefined offset: 420 F:\www\moguplay\Application\Media\Controller\IndexController.class.php 第 101 行.
NOTIC: [8] Undefined offset: 33 F:\www\moguplay\Application\Media\Controller\IndexController.class.php 第 101 行.
NOTIC: [8] Undefined offset: 88 F:\www\moguplay\Application\Media\Controller\IndexController.class.php 第 101 行.
NOTIC: [8] Undefined offset: 224 F:\www\moguplay\Application\Media\Controller\IndexController.class.php 第 101 行.
NOTIC: [8] Undefined offset: 167 F:\www\moguplay\Application\Media\Controller\IndexController.class.php 第 101 行.
NOTIC: [8] Undefined offset: 368 F:\www\moguplay\Application\Media\Controller\IndexController.class.php 第 101 行.
NOTIC: [8] Undefined offset: 216 F:\www\moguplay\Application\Media\Controller\IndexController.class.php 第 101 行.
NOTIC: [8] Undefined offset: 113 F:\www\moguplay\Application\Media\Controller\IndexController.class.php 第 101 行.
NOTIC: [8] Undefined offset: 350 F:\www\moguplay\Application\Media\Controller\IndexController.class.php 第 101 行.
NOTIC: [8] Undefined offset: 372 F:\www\moguplay\Application\Media\Controller\IndexController.class.php 第 101 行.
NOTIC: [8] Undefined offset: 385 F:\www\moguplay\Application\Media\Controller\IndexController.class.php 第 101 行.
NOTIC: [8] Undefined offset: 208 F:\www\moguplay\Application\Media\Controller\IndexController.class.php 第 101 行.
NOTIC: [8] Undefined offset: 141 F:\www\moguplay\Application\Media\Controller\IndexController.class.php 第 101 行.
NOTIC: [8] Undefined offset: 111 F:\www\moguplay\Application\Media\Controller\IndexController.class.php 第 101 行.
NOTIC: [8] Undefined offset: 207 F:\www\moguplay\Application\Media\Controller\IndexController.class.php 第 101 行.
NOTIC: [8] Undefined offset: 140 F:\www\moguplay\Application\Media\Controller\IndexController.class.php 第 101 行.
NOTIC: [8] Undefined offset: 56 F:\www\moguplay\Application\Media\Controller\IndexController.class.php 第 101 行.
NOTIC: [8] Undefined offset: 54 F:\www\moguplay\Application\Media\Controller\IndexController.class.php 第 101 行.
NOTIC: [8] Undefined offset: 49 F:\www\moguplay\Application\Media\Controller\IndexController.class.php 第 101 行.
NOTIC: [8] Undefined offset: 138 F:\www\moguplay\Application\Media\Controller\IndexController.class.php 第 101 行.
NOTIC: [8] Undefined offset: 148 F:\www\moguplay\Application\Media\Controller\IndexController.class.php 第 101 行.
NOTIC: [8] Undefined offset: 159 F:\www\moguplay\Application\Media\Controller\IndexController.class.php 第 101 行.
NOTIC: [8] Undefined offset: 187 F:\www\moguplay\Application\Media\Controller\IndexController.class.php 第 101 行.
NOTIC: [8] Undefined offset: 183 F:\www\moguplay\Application\Media\Controller\IndexController.class.php 第 101 行.
NOTIC: [8] Undefined offset: 226 F:\www\moguplay\Application\Media\Controller\IndexController.class.php 第 101 行.
NOTIC: [8] Undefined offset: 191 F:\www\moguplay\Application\Media\Controller\IndexController.class.php 第 101 行.
NOTIC: [8] Undefined offset: 407 F:\www\moguplay\Application\Media\Controller\IndexController.class.php 第 101 行.
NOTIC: [8] Undefined offset: 406 F:\www\moguplay\Application\Media\Controller\IndexController.class.php 第 101 行.
NOTIC: [8] Undefined offset: 185 F:\www\moguplay\Application\Media\Controller\IndexController.class.php 第 101 行.
NOTIC: [8] Undefined offset: 402 F:\www\moguplay\Application\Media\Controller\IndexController.class.php 第 101 行.
NOTIC: [8] Undefined offset: 252 F:\www\moguplay\Application\Media\Controller\IndexController.class.php 第 101 行.
NOTIC: [8] Undefined offset: 397 F:\www\moguplay\Application\Media\Controller\IndexController.class.php 第 101 行.
NOTIC: [8] Undefined offset: 404 F:\www\moguplay\Application\Media\Controller\IndexController.class.php 第 101 行.
NOTIC: [8] Undefined offset: 405 F:\www\moguplay\Application\Media\Controller\IndexController.class.php 第 101 行.
NOTIC: [8] Undefined offset: 270 F:\www\moguplay\Application\Media\Controller\IndexController.class.php 第 101 行.
NOTIC: [8] Undefined offset: 170 F:\www\moguplay\Application\Media\Controller\IndexController.class.php 第 101 行.
NOTIC: [8] Undefined offset: 342 F:\www\moguplay\Application\Media\Controller\IndexController.class.php 第 101 行.
NOTIC: [8] Undefined offset: 352 F:\www\moguplay\Application\Media\Controller\IndexController.class.php 第 101 行.
NOTIC: [8] Undefined offset: 168 F:\www\moguplay\Application\Media\Controller\IndexController.class.php 第 101 行.
NOTIC: [8] Undefined offset: 366 F:\www\moguplay\Application\Media\Controller\IndexController.class.php 第 101 行.
NOTIC: [8] Undefined offset: 387 F:\www\moguplay\Application\Media\Controller\IndexController.class.php 第 101 行.
NOTIC: [8] Undefined offset: 379 F:\www\moguplay\Application\Media\Controller\IndexController.class.php 第 101 行.
NOTIC: [8] Undefined offset: 29 F:\www\moguplay\Application\Media\Controller\IndexController.class.php 第 101 行.
NOTIC: [8] Undefined offset: 380 F:\www\moguplay\Application\Media\Controller\IndexController.class.php 第 101 行.
NOTIC: [8] Undefined offset: 358 F:\www\moguplay\Application\Media\Controller\IndexController.class.php 第 101 行.
NOTIC: [8] Undefined offset: 353 F:\www\moguplay\Application\Media\Controller\IndexController.class.php 第 101 行.
NOTIC: [8] Undefined offset: 363 F:\www\moguplay\Application\Media\Controller\IndexController.class.php 第 101 行.
NOTIC: [8] Undefined offset: 357 F:\www\moguplay\Application\Media\Controller\IndexController.class.php 第 101 行.
NOTIC: [8] Undefined offset: 322 F:\www\moguplay\Application\Media\Controller\IndexController.class.php 第 101 行.
NOTIC: [8] Undefined offset: 349 F:\www\moguplay\Application\Media\Controller\IndexController.class.php 第 101 行.
NOTIC: [8] Undefined offset: 195 F:\www\moguplay\Application\Media\Controller\IndexController.class.php 第 101 行.
NOTIC: [8] Undefined offset: 341 F:\www\moguplay\Application\Media\Controller\IndexController.class.php 第 101 行.
NOTIC: [8] Undefined offset: 333 F:\www\moguplay\Application\Media\Controller\IndexController.class.php 第 101 行.
NOTIC: [8] Undefined offset: 206 F:\www\moguplay\Application\Media\Controller\IndexController.class.php 第 101 行.
NOTIC: [8] Undefined offset: 330 F:\www\moguplay\Application\Media\Controller\IndexController.class.php 第 101 行.
NOTIC: [8] Undefined offset: 271 F:\www\moguplay\Application\Media\Controller\IndexController.class.php 第 101 行.
NOTIC: [8] Undefined offset: 213 F:\www\moguplay\Application\Media\Controller\IndexController.class.php 第 101 行.
NOTIC: [8] Undefined offset: 326 F:\www\moguplay\Application\Media\Controller\IndexController.class.php 第 101 行.
NOTIC: [8] Undefined offset: 163 F:\www\moguplay\Application\Media\Controller\IndexController.class.php 第 101 行.
NOTIC: [8] Undefined offset: 104 F:\www\moguplay\Application\Media\Controller\IndexController.class.php 第 101 行.
NOTIC: [8] Undefined offset: 248 F:\www\moguplay\Application\Media\Controller\IndexController.class.php 第 101 行.
NOTIC: [8] Undefined offset: 220 F:\www\moguplay\Application\Media\Controller\IndexController.class.php 第 101 行.
NOTIC: [8] Undefined offset: 319 F:\www\moguplay\Application\Media\Controller\IndexController.class.php 第 101 行.
NOTIC: [8] Undefined offset: 251 F:\www\moguplay\Application\Media\Controller\IndexController.class.php 第 101 行.
NOTIC: [8] Undefined offset: 323 F:\www\moguplay\Application\Media\Controller\IndexController.class.php 第 101 行.
NOTIC: [8] Undefined offset: 324 F:\www\moguplay\Application\Media\Controller\IndexController.class.php 第 101 行.
NOTIC: [8] Undefined offset: 203 F:\www\moguplay\Application\Media\Controller\IndexController.class.php 第 101 行.
NOTIC: [8] Undefined offset: 254 F:\www\moguplay\Application\Media\Controller\IndexController.class.php 第 101 行.
NOTIC: [8] Undefined offset: 274 F:\www\moguplay\Application\Media\Controller\IndexController.class.php 第 101 行.
NOTIC: [8] Undefined offset: 137 F:\www\moguplay\Application\Media\Controller\IndexController.class.php 第 101 行.
NOTIC: [8] Undefined offset: 192 F:\www\moguplay\Application\Media\Controller\IndexController.class.php 第 101 行.
NOTIC: [8] Undefined offset: 261 F:\www\moguplay\Application\Media\Controller\IndexController.class.php 第 101 行.
NOTIC: [8] Undefined offset: 175 F:\www\moguplay\Application\Media\Controller\IndexController.class.php 第 101 行.
NOTIC: [8] Undefined offset: 39 F:\www\moguplay\Application\Media\Controller\IndexController.class.php 第 101 行.
NOTIC: [8] Undefined offset: 267 F:\www\moguplay\Application\Media\Controller\IndexController.class.php 第 101 行.
NOTIC: [8] Undefined offset: 108 F:\www\moguplay\Application\Media\Controller\IndexController.class.php 第 101 行.
NOTIC: [8] Undefined offset: 15 F:\www\moguplay\Application\Media\Controller\IndexController.class.php 第 101 行.
NOTIC: [8] Undefined offset: 142 F:\www\moguplay\Application\Media\Controller\IndexController.class.php 第 101 行.
NOTIC: [8] Undefined offset: 184 F:\www\moguplay\Application\Media\Controller\IndexController.class.php 第 101 行.
NOTIC: [8] Undefined offset: 272 F:\www\moguplay\Application\Media\Controller\IndexController.class.php 第 101 行.
NOTIC: [8] Undefined offset: 209 F:\www\moguplay\Application\Media\Controller\IndexController.class.php 第 101 行.
NOTIC: [8] Undefined offset: 144 F:\www\moguplay\Application\Media\Controller\IndexController.class.php 第 101 行.
NOTIC: [8] Undefined offset: 158 F:\www\moguplay\Application\Media\Controller\IndexController.class.php 第 101 行.
NOTIC: [8] Undefined offset: 198 F:\www\moguplay\Application\Media\Controller\IndexController.class.php 第 101 行.
NOTIC: [8] Undefined offset: 176 F:\www\moguplay\Application\Media\Controller\IndexController.class.php 第 101 行.
NOTIC: [8] Undefined offset: 228 F:\www\moguplay\Application\Media\Controller\IndexController.class.php 第 101 行.
NOTIC: [8] Undefined offset: 186 F:\www\moguplay\Application\Media\Controller\IndexController.class.php 第 101 行.
NOTIC: [8] Undefined offset: 227 F:\www\moguplay\Application\Media\Controller\IndexController.class.php 第 101 行.
NOTIC: [8] Undefined offset: 255 F:\www\moguplay\Application\Media\Controller\IndexController.class.php 第 101 行.
NOTIC: [8] Undefined offset: 243 F:\www\moguplay\Application\Media\Controller\IndexController.class.php 第 101 行.
NOTIC: [8] Undefined offset: 135 F:\www\moguplay\Application\Media\Controller\IndexController.class.php 第 101 行.
NOTIC: [8] Undefined offset: 161 F:\www\moguplay\Application\Media\Controller\IndexController.class.php 第 101 行.
NOTIC: [8] Undefined offset: 235 F:\www\moguplay\Application\Media\Controller\IndexController.class.php 第 101 行.
NOTIC: [8] Undefined offset: 222 F:\www\moguplay\Application\Media\Controller\IndexController.class.php 第 101 行.
NOTIC: [8] Undefined offset: 231 F:\www\moguplay\Application\Media\Controller\IndexController.class.php 第 101 行.
NOTIC: [8] Undefined offset: 230 F:\www\moguplay\Application\Media\Controller\IndexController.class.php 第 101 行.
NOTIC: [8] Undefined offset: 200 F:\www\moguplay\Application\Media\Controller\IndexController.class.php 第 101 行.
NOTIC: [8] Undefined offset: 239 F:\www\moguplay\Application\Media\Controller\IndexController.class.php 第 101 行.
NOTIC: [8] Undefined offset: 258 F:\www\moguplay\Application\Media\Controller\IndexController.class.php 第 101 行.
NOTIC: [8] Undefined offset: 238 F:\www\moguplay\Application\Media\Controller\IndexController.class.php 第 101 行.
NOTIC: [8] Undefined offset: 305 F:\www\moguplay\Application\Media\Controller\IndexController.class.php 第 101 行.
NOTIC: [8] Undefined offset: 234 F:\www\moguplay\Application\Media\Controller\IndexController.class.php 第 101 行.
NOTIC: [8] Undefined offset: 300 F:\www\moguplay\Application\Media\Controller\IndexController.class.php 第 101 行.
NOTIC: [8] Undefined offset: 233 F:\www\moguplay\Application\Media\Controller\IndexController.class.php 第 101 行.
NOTIC: [8] Undefined offset: 320 F:\www\moguplay\Application\Media\Controller\IndexController.class.php 第 101 行.
NOTIC: [8] Undefined offset: 336 F:\www\moguplay\Application\Media\Controller\IndexController.class.php 第 101 行.
NOTIC: [8] Undefined offset: 225 F:\www\moguplay\Application\Media\Controller\IndexController.class.php 第 101 行.
NOTIC: [8] Undefined offset: 223 F:\www\moguplay\Application\Media\Controller\IndexController.class.php 第 101 行.
NOTIC: [8] Undefined offset: 288 F:\www\moguplay\Application\Media\Controller\IndexController.class.php 第 101 行.
NOTIC: [8] Undefined offset: 268 F:\www\moguplay\Application\Media\Controller\IndexController.class.php 第 101 行.
NOTIC: [8] Undefined offset: 146 F:\www\moguplay\Application\Media\Controller\IndexController.class.php 第 101 行.
NOTIC: [8] Undefined offset: 210 F:\www\moguplay\Application\Media\Controller\IndexController.class.php 第 101 行.
NOTIC: [8] Undefined offset: 174 F:\www\moguplay\Application\Media\Controller\IndexController.class.php 第 101 行.
NOTIC: [8] Undefined offset: 377 F:\www\moguplay\Application\Media\Controller\IndexController.class.php 第 101 行.
NOTIC: [8] Undefined offset: 182 F:\www\moguplay\Application\Media\Controller\IndexController.class.php 第 101 行.
NOTIC: [8] Undefined offset: 132 F:\www\moguplay\Application\Media\Controller\IndexController.class.php 第 101 行.
NOTIC: [8] Undefined offset: 394 F:\www\moguplay\Application\Media\Controller\IndexController.class.php 第 101 行.
NOTIC: [8] Undefined offset: 34 F:\www\moguplay\Application\Media\Controller\IndexController.class.php 第 101 行.
NOTIC: [8] Undefined offset: 392 F:\www\moguplay\Application\Media\Controller\IndexController.class.php 第 101 行.
NOTIC: [8] Undefined offset: 229 F:\www\moguplay\Application\Media\Controller\IndexController.class.php 第 101 行.
NOTIC: [8] Undefined offset: 269 F:\www\moguplay\Application\Media\Controller\IndexController.class.php 第 101 行.
NOTIC: [8] Undefined offset: 282 F:\www\moguplay\Application\Media\Controller\IndexController.class.php 第 101 行.
NOTIC: [8] Undefined offset: 285 F:\www\moguplay\Application\Media\Controller\IndexController.class.php 第 101 行.
NOTIC: [8] Undefined offset: 294 F:\www\moguplay\Application\Media\Controller\IndexController.class.php 第 101 行.
NOTIC: [8] Undefined offset: 313 F:\www\moguplay\Application\Media\Controller\IndexController.class.php 第 101 行.
NOTIC: [8] Undefined offset: 345 F:\www\moguplay\Application\Media\Controller\IndexController.class.php 第 101 行.
NOTIC: [8] Undefined offset: 354 F:\www\moguplay\Application\Media\Controller\IndexController.class.php 第 101 行.
NOTIC: [8] Undefined offset: 355 F:\www\moguplay\Application\Media\Controller\IndexController.class.php 第 101 行.
NOTIC: [8] Undefined offset: 376 F:\www\moguplay\Application\Media\Controller\IndexController.class.php 第 101 行.
NOTIC: [8] Undefined offset: 382 F:\www\moguplay\Application\Media\Controller\IndexController.class.php 第 101 行.
NOTIC: [8] Undefined offset: 403 F:\www\moguplay\Application\Media\Controller\IndexController.class.php 第 101 行.
NOTIC: [8] Undefined offset: 409 F:\www\moguplay\Application\Media\Controller\IndexController.class.php 第 101 行.
NOTIC: [8] Undefined offset: 420 F:\www\moguplay\Application\Media\Controller\IndexController.class.php 第 101 行.
NOTIC: [8] Undefined offset: 90 F:\www\moguplay\Application\Media\Controller\IndexController.class.php 第 101 行.
NOTIC: [8] Undefined offset: 218 F:\www\moguplay\Application\Media\Controller\IndexController.class.php 第 101 行.
NOTIC: [8] Undefined offset: 98 F:\www\moguplay\Application\Media\Controller\IndexController.class.php 第 101 行.
NOTIC: [8] Undefined offset: 217 F:\www\moguplay\Application\Media\Controller\IndexController.class.php 第 101 行.
NOTIC: [8] Undefined offset: 393 F:\www\moguplay\Application\Media\Controller\IndexController.class.php 第 101 行.
NOTIC: [8] Undefined offset: 401 F:\www\moguplay\Application\Media\Controller\IndexController.class.php 第 101 行.
NOTIC: [8] Undefined offset: 400 F:\www\moguplay\Application\Media\Controller\IndexController.class.php 第 101 行.
NOTIC: [8] Undefined offset: 383 F:\www\moguplay\Application\Media\Controller\IndexController.class.php 第 101 行.
NOTIC: [8] Undefined offset: 399 F:\www\moguplay\Application\Media\Controller\IndexController.class.php 第 101 行.
NOTIC: [8] Undefined offset: 369 F:\www\moguplay\Application\Media\Controller\IndexController.class.php 第 101 行.
NOTIC: [8] Undefined offset: 190 F:\www\moguplay\Application\Media\Controller\IndexController.class.php 第 101 行.
NOTIC: [8] Undefined offset: 362 F:\www\moguplay\Application\Media\Controller\IndexController.class.php 第 101 行.
NOTIC: [8] Undefined offset: 359 F:\www\moguplay\Application\Media\Controller\IndexController.class.php 第 101 行.
NOTIC: [8] Undefined offset: 351 F:\www\moguplay\Application\Media\Controller\IndexController.class.php 第 101 行.
NOTIC: [8] Undefined offset: 364 F:\www\moguplay\Application\Media\Controller\IndexController.class.php 第 101 行.
NOTIC: [8] Undefined offset: 348 F:\www\moguplay\Application\Media\Controller\IndexController.class.php 第 101 行.
NOTIC: [8] Undefined offset: 338 F:\www\moguplay\Application\Media\Controller\IndexController.class.php 第 101 行.
NOTIC: [8] Undefined offset: 327 F:\www\moguplay\Application\Media\Controller\IndexController.class.php 第 101 行.
NOTIC: [8] Undefined offset: 344 F:\www\moguplay\Application\Media\Controller\IndexController.class.php 第 101 行.
NOTIC: [8] Undefined offset: 273 F:\www\moguplay\Application\Media\Controller\IndexController.class.php 第 101 行.
NOTIC: [8] Undefined offset: 179 F:\www\moguplay\Application\Media\Controller\IndexController.class.php 第 101 行.
NOTIC: [8] Undefined offset: 151 F:\www\moguplay\Application\Media\Controller\IndexController.class.php 第 101 行.
NOTIC: [8] Undefined offset: 166 F:\www\moguplay\Application\Media\Controller\IndexController.class.php 第 101 行.
NOTIC: [8] Undefined offset: 121 F:\www\moguplay\Application\Media\Controller\IndexController.class.php 第 101 行.
NOTIC: [8] Undefined offset: 109 F:\www\moguplay\Application\Media\Controller\IndexController.class.php 第 101 行.
NOTIC: [8] Undefined offset: 256 F:\www\moguplay\Application\Media\Controller\IndexController.class.php 第 101 行.
NOTIC: [8] Undefined offset: 361 F:\www\moguplay\Application\Media\Controller\IndexController.class.php 第 101 行.
NOTIC: [8] Undefined offset: 360 F:\www\moguplay\Application\Media\Controller\IndexController.class.php 第 101 行.
NOTIC: [8] Undefined offset: 197 F:\www\moguplay\Application\Media\Controller\IndexController.class.php 第 101 行.
NOTIC: [8] Undefined offset: 205 F:\www\moguplay\Application\Media\Controller\IndexController.class.php 第 101 行.
NOTIC: [8] Undefined offset: 378 F:\www\moguplay\Application\Media\Controller\IndexController.class.php 第 101 行.
NOTIC: [8] Undefined offset: 304 F:\www\moguplay\Application\Media\Controller\IndexController.class.php 第 101 行.
NOTIC: [8] Undefined offset: 310 F:\www\moguplay\Application\Media\Controller\IndexController.class.php 第 101 行.
NOTIC: [8] Undefined offset: 332 F:\www\moguplay\Application\Media\Controller\IndexController.class.php 第 101 行.
NOTIC: [8] Undefined offset: 347 F:\www\moguplay\Application\Media\Controller\IndexController.class.php 第 101 行.
NOTIC: [8] Undefined offset: 386 F:\www\moguplay\Application\Media\Controller\IndexController.class.php 第 101 行.
NOTIC: [8] Undefined offset: 389 F:\www\moguplay\Application\Media\Controller\IndexController.class.php 第 101 行.
NOTIC: [8] Undefined offset: 414 F:\www\moguplay\Application\Media\Controller\IndexController.class.php 第 101 行.
NOTIC: [8] Undefined offset: 415 F:\www\moguplay\Application\Media\Controller\IndexController.class.php 第 101 行.
NOTIC: [8] Undefined offset: 277 F:\www\moguplay\Application\Media\Controller\IndexController.class.php 第 101 行.
NOTIC: [8] Undefined offset: 276 F:\www\moguplay\Application\Media\Controller\IndexController.class.php 第 101 行.
NOTIC: [8] Undefined offset: 264 F:\www\moguplay\Application\Media\Controller\IndexController.class.php 第 101 行.
NOTIC: [8] Undefined offset: 119 F:\www\moguplay\Application\Media\Controller\IndexController.class.php 第 101 行.
NOTIC: [8] Undefined offset: 262 F:\www\moguplay\Application\Media\Controller\IndexController.class.php 第 101 行.
NOTIC: [8] Undefined offset: 275 F:\www\moguplay\Application\Media\Controller\IndexController.class.php 第 101 行.
NOTIC: [8] Undefined offset: 259 F:\www\moguplay\Application\Media\Controller\IndexController.class.php 第 101 行.
NOTIC: [8] Undefined offset: 247 F:\www\moguplay\Application\Media\Controller\IndexController.class.php 第 101 行.
NOTIC: [8] Undefined offset: 287 F:\www\moguplay\Application\Media\Controller\IndexController.class.php 第 101 行.
NOTIC: [8] Undefined offset: 68 F:\www\moguplay\Application\Media\Controller\IndexController.class.php 第 101 行.
NOTIC: [8] Undefined offset: 279 F:\www\moguplay\Application\Media\Controller\IndexController.class.php 第 101 行.
NOTIC: [8] Undefined offset: 280 F:\www\moguplay\Application\Media\Controller\IndexController.class.php 第 101 行.
NOTIC: [8] Undefined offset: 281 F:\www\moguplay\Application\Media\Controller\IndexController.class.php 第 101 行.
NOTIC: [8] Undefined offset: 283 F:\www\moguplay\Application\Media\Controller\IndexController.class.php 第 101 行.
NOTIC: [8] Undefined offset: 289 F:\www\moguplay\Application\Media\Controller\IndexController.class.php 第 101 行.
NOTIC: [8] Undefined offset: 290 F:\www\moguplay\Application\Media\Controller\IndexController.class.php 第 101 行.
NOTIC: [8] Undefined offset: 291 F:\www\moguplay\Application\Media\Controller\IndexController.class.php 第 101 行.
NOTIC: [8] Undefined offset: 296 F:\www\moguplay\Application\Media\Controller\IndexController.class.php 第 101 行.
NOTIC: [8] Undefined offset: 299 F:\www\moguplay\Application\Media\Controller\IndexController.class.php 第 101 行.
NOTIC: [8] Undefined offset: 301 F:\www\moguplay\Application\Media\Controller\IndexController.class.php 第 101 行.
NOTIC: [8] Undefined offset: 302 F:\www\moguplay\Application\Media\Controller\IndexController.class.php 第 101 行.
NOTIC: [8] Undefined offset: 303 F:\www\moguplay\Application\Media\Controller\IndexController.class.php 第 101 行.
NOTIC: [8] Undefined offset: 306 F:\www\moguplay\Application\Media\Controller\IndexController.class.php 第 101 行.
NOTIC: [8] Undefined offset: 307 F:\www\moguplay\Application\Media\Controller\IndexController.class.php 第 101 行.
NOTIC: [8] Undefined offset: 309 F:\www\moguplay\Application\Media\Controller\IndexController.class.php 第 101 行.
NOTIC: [8] Undefined offset: 314 F:\www\moguplay\Application\Media\Controller\IndexController.class.php 第 101 行.
NOTIC: [8] Undefined offset: 315 F:\www\moguplay\Application\Media\Controller\IndexController.class.php 第 101 行.
NOTIC: [8] Undefined offset: 316 F:\www\moguplay\Application\Media\Controller\IndexController.class.php 第 101 行.
NOTIC: [8] Undefined offset: 317 F:\www\moguplay\Application\Media\Controller\IndexController.class.php 第 101 行.
NOTIC: [8] Undefined offset: 337 F:\www\moguplay\Application\Media\Controller\IndexController.class.php 第 101 行.
SQL: SHOW COLUMNS FROM `tab_adv` [ RunTime:0.0010s ]
SQL: SELECT * FROM `tab_adv` WHERE `status` = 1 AND `pos_id` = 1 ORDER BY sort ASC  [ RunTime:0.0000s ]
SQL: SHOW COLUMNS FROM `tab_giftbag` [ RunTime:0.0000s ]
SQL: SELECT tab_giftbag.id as gift_id,`game_id`,tab_giftbag.game_name,`giftbag_name`,`giftbag_type`,tab_game.icon,tab_giftbag.create_time FROM `tab_giftbag` INNER JOIN tab_game on tab_giftbag.game_id = tab_game.id  WHERE `game_status` = 1 GROUP BY tab_giftbag.game_id ORDER BY tab_giftbag.id desc LIMIT 10   [ RunTime:0.0020s ]
SQL: SHOW COLUMNS FROM `tab_server` [ RunTime:0.0010s ]
NOTIC: [8] Undefined index: group F:\www\moguplay\Application\Media\Controller\BaseController.class.php 第 90 行.
NOTIC: [8] Undefined index: limit F:\www\moguplay\Application\Media\Controller\BaseController.class.php 第 91 行.
SQL: SELECT tab_server.*,tab_game.icon,tab_game.cover FROM `tab_server` INNER JOIN tab_game on tab_server.game_id = tab_game.id  WHERE `game_status` = 1 AND `start_time` >= 1520006400 ORDER BY start_time  [ RunTime:0.0000s ]
SQL: SELECT `id`,`game_name`,`sort`,`short`,`game_type_id`,`game_type_name`,`game_score`,`features`,`recommend_level`,`version`,`game_size`,`icon`,`cover`,`screenshot`,`introduction`,`and_dow_address`,`ios_dow_address`,`game_address`,`dow_num`,`game_status`,`recommend_status`,`pay_status`,`dow_status`,`developers`,`create_time`,`bind_discount`,`discount`,`language`,`game_appid`,`game_coin_name`,`game_coin_ration`,`dow_mynum`,`app_dow_num`,`create_user`,`off_reason`,`cp_name`,`app_game_status`,`app_recommend_status`,`app_sort`,`version_num` FROM `tab_game` WHERE `game_status` = 1 ORDER BY dow_mynum desc LIMIT 10   [ RunTime:0.0000s ]
SQL: SELECT * FROM `tab_adv` WHERE `status` = 1 AND `pos_id` = 4 ORDER BY sort ASC  [ RunTime:0.0010s ]
INFO: [ view_parse ] --START--
INFO: [ template_filter ] --START--
INFO: Run Behavior\ContentReplaceBehavior [ RunTime:0.000000s ]
INFO: [ template_filter ] --END-- [ RunTime:0.000000s ]
NOTIC: [8] Use of undefined constant Member - assumed 'Member' F:\www\moguplay\Runtime\Cache\Media\2382d326250712baca3bf54c5b555904.php 第 72 行.
SQL: SELECT * FROM `sys_picture` WHERE `status` = 1 AND `id` = 3053 LIMIT 1   [ RunTime:0.0000s ]
SQL: SELECT * FROM `sys_picture` WHERE `status` = 1 AND `id` = 3006 LIMIT 1   [ RunTime:0.0000s ]
SQL: SELECT * FROM `sys_picture` WHERE `status` = 1 AND `id` = 2990 LIMIT 1   [ RunTime:0.0000s ]
SQL: SELECT * FROM `sys_picture` WHERE `status` = 1 AND `id` = 2872 LIMIT 1   [ RunTime:0.0000s ]
SQL: SELECT * FROM `sys_picture` WHERE `status` = 1 AND `id` = 2969 LIMIT 1   [ RunTime:0.0000s ]
SQL: SELECT * FROM `sys_picture` WHERE `status` = 1 AND `id` = 3032 LIMIT 1   [ RunTime:0.0000s ]
SQL: SELECT * FROM `sys_picture` WHERE `status` = 1 AND `id` = 3044 LIMIT 1   [ RunTime:0.0000s ]
SQL: SELECT * FROM `sys_picture` WHERE `status` = 1 AND `id` = 3038 LIMIT 1   [ RunTime:0.0000s ]
SQL: SELECT * FROM `sys_picture` WHERE `status` = 1 AND `id` = 2993 LIMIT 1   [ RunTime:0.0000s ]
SQL: SELECT * FROM `sys_picture` WHERE `status` = 1 AND `id` = 2925 LIMIT 1   [ RunTime:0.0000s ]
SQL: SELECT * FROM `sys_picture` WHERE `status` = 1 AND `id` = 2896 LIMIT 1   [ RunTime:0.0000s ]
SQL: SELECT * FROM `sys_picture` WHERE `status` = 1 AND `id` = 2438 LIMIT 1   [ RunTime:0.0000s ]
SQL: SELECT * FROM `sys_picture` WHERE `status` = 1 AND `id` = 2934 LIMIT 1   [ RunTime:0.0000s ]
SQL: SELECT * FROM `sys_picture` WHERE `status` = 1 AND `id` = 2955 LIMIT 1   [ RunTime:0.0000s ]
SQL: SELECT * FROM `sys_picture` WHERE `status` = 1 AND `id` = 2714 LIMIT 1   [ RunTime:0.0000s ]
SQL: SELECT * FROM `sys_picture` WHERE `status` = 1 AND `id` = 2565 LIMIT 1   [ RunTime:0.0000s ]
SQL: SELECT * FROM `sys_picture` WHERE `status` = 1 AND `id` = 2503 LIMIT 1   [ RunTime:0.0000s ]
SQL: SELECT * FROM `sys_picture` WHERE `status` = 1 AND `id` = 2459 LIMIT 1   [ RunTime:0.0000s ]
SQL: SELECT * FROM `sys_picture` WHERE `status` = 1 AND `id` = 2375 LIMIT 1   [ RunTime:0.0000s ]
SQL: SELECT * FROM `sys_picture` WHERE `status` = 1 AND `id` = 2316 LIMIT 1   [ RunTime:0.0000s ]
SQL: SELECT * FROM `sys_picture` WHERE `status` = 1 AND `id` = 1610 LIMIT 1   [ RunTime:0.0000s ]
SQL: SELECT * FROM `sys_picture` WHERE `status` = 1 AND `id` = 1611 LIMIT 1   [ RunTime:0.0000s ]
SQL: SELECT * FROM `sys_picture` WHERE `status` = 1 AND `id` = 1612 LIMIT 1   [ RunTime:0.0010s ]
SQL: SHOW COLUMNS FROM `sys_category` [ RunTime:0.0010s ]
SQL: SELECT `id`,`name`,`title`,`pid`,`sort`,`list_row`,`meta_title`,`keywords`,`description`,`template_index`,`template_lists`,`template_detail`,`template_edit`,`model`,`model_sub`,`type`,`link_id`,`allow_publish`,`display`,`reply`,`check`,`reply_model`,`extend`,`create_time`,`update_time`,`status`,`icon`,`groups` FROM `sys_category` WHERE `id` = 44 LIMIT 1   [ RunTime:0.0000s ]
SQL: SELECT `id`,`name`,`pid`,`title`,`link_id` FROM `sys_category` WHERE `status` = 1 ORDER BY sort  [ RunTime:0.0000s ]
SQL: SHOW COLUMNS FROM `sys_document` [ RunTime:0.0010s ]
SQL: SELECT `id`,`uid`,`name`,`title`,`category_id`,`group_id`,`description`,`root`,`pid`,`model_id`,`type`,`position`,`link_id`,`cover_id`,`display`,`deadline`,`attach`,`view`,`comment`,`extend`,`level`,`create_time`,`update_time`,`admin`,`status` FROM `sys_document` WHERE `status` = 1 AND `pid` = 0 AND `category_id` = 44 AND `create_time` < 1520062818 AND ( deadline = 0 OR deadline > 1520062818 ) ORDER BY `level` DESC,`id` DESC LIMIT 3   [ RunTime:0.0000s ]
SQL: SELECT `id`,`name`,`title`,`pid`,`sort`,`list_row`,`meta_title`,`keywords`,`description`,`template_index`,`template_lists`,`template_detail`,`template_edit`,`model`,`model_sub`,`type`,`link_id`,`allow_publish`,`display`,`reply`,`check`,`reply_model`,`extend`,`create_time`,`update_time`,`status`,`icon`,`groups` FROM `sys_category` WHERE `id` = 43 LIMIT 1   [ RunTime:0.0000s ]
SQL: SELECT `id`,`name`,`pid`,`title`,`link_id` FROM `sys_category` WHERE `status` = 1 ORDER BY sort  [ RunTime:0.0000s ]
SQL: SELECT `id`,`uid`,`name`,`title`,`category_id`,`group_id`,`description`,`root`,`pid`,`model_id`,`type`,`position`,`link_id`,`cover_id`,`display`,`deadline`,`attach`,`view`,`comment`,`extend`,`level`,`create_time`,`update_time`,`admin`,`status` FROM `sys_document` WHERE `status` = 1 AND `pid` = 0 AND `category_id` = 43 AND `create_time` < 1520062818 AND ( deadline = 0 OR deadline > 1520062818 ) ORDER BY `level` DESC,`id` DESC LIMIT 3   [ RunTime:0.0000s ]
SQL: SELECT `id`,`name`,`title`,`pid`,`sort`,`list_row`,`meta_title`,`keywords`,`description`,`template_index`,`template_lists`,`template_detail`,`template_edit`,`model`,`model_sub`,`type`,`link_id`,`allow_publish`,`display`,`reply`,`check`,`reply_model`,`extend`,`create_time`,`update_time`,`status`,`icon`,`groups` FROM `sys_category` WHERE `id` = 42 LIMIT 1   [ RunTime:0.0010s ]
SQL: SELECT `id`,`name`,`pid`,`title`,`link_id` FROM `sys_category` WHERE `status` = 1 ORDER BY sort  [ RunTime:0.0000s ]
SQL: SELECT `id`,`uid`,`name`,`title`,`category_id`,`group_id`,`description`,`root`,`pid`,`model_id`,`type`,`position`,`link_id`,`cover_id`,`display`,`deadline`,`attach`,`view`,`comment`,`extend`,`level`,`create_time`,`update_time`,`admin`,`status` FROM `sys_document` WHERE `status` = 1 AND `pid` = 0 AND `category_id` = 42 AND `create_time` < 1520062818 AND ( deadline = 0 OR deadline > 1520062818 ) ORDER BY `level` DESC,`id` DESC LIMIT 3   [ RunTime:0.0000s ]
SQL: SELECT * FROM `sys_picture` WHERE `status` = 1 AND `id` = 3018 LIMIT 1   [ RunTime:0.0000s ]
SQL: SELECT * FROM `sys_picture` WHERE `status` = 1 AND `id` = 2949 LIMIT 1   [ RunTime:0.0000s ]
SQL: SELECT * FROM `sys_picture` WHERE `status` = 1 AND `id` = 2942 LIMIT 1   [ RunTime:0.0000s ]
SQL: SELECT * FROM `sys_picture` WHERE `status` = 1 AND `id` = 2917 LIMIT 1   [ RunTime:0.0000s ]
SQL: SELECT * FROM `sys_picture` WHERE `status` = 1 AND `id` = 2903 LIMIT 1   [ RunTime:0.0000s ]
SQL: SELECT * FROM `sys_picture` WHERE `status` = 1 AND `id` = 2453 LIMIT 1   [ RunTime:0.0000s ]
SQL: SELECT * FROM `sys_picture` WHERE `status` = 1 AND `id` = 1421 LIMIT 1   [ RunTime:0.0000s ]
SQL: SELECT * FROM `sys_picture` WHERE `status` = 1 AND `id` = 1212 LIMIT 1   [ RunTime:0.0000s ]
SQL: SELECT * FROM `sys_picture` WHERE `status` = 1 AND `id` = 789 LIMIT 1   [ RunTime:0.0000s ]
SQL: SELECT * FROM `sys_picture` WHERE `status` = 1 AND `id` = 1435 LIMIT 1   [ RunTime:0.0000s ]
SQL: SELECT * FROM `sys_picture` WHERE `status` = 1 AND `id` = 941 LIMIT 1   [ RunTime:0.0000s ]
SQL: SELECT * FROM `sys_picture` WHERE `status` = 1 AND `id` = 466 LIMIT 1   [ RunTime:0.0000s ]
SQL: SELECT * FROM `sys_picture` WHERE `status` = 1 AND `id` = 437 LIMIT 1   [ RunTime:0.0010s ]
SQL: SELECT * FROM `sys_picture` WHERE `status` = 1 AND `id` = 423 LIMIT 1   [ RunTime:0.0000s ]
SQL: SELECT * FROM `sys_picture` WHERE `status` = 1 AND `id` = 578 LIMIT 1   [ RunTime:0.0000s ]
SQL: SELECT * FROM `sys_picture` WHERE `status` = 1 AND `id` = 608 LIMIT 1   [ RunTime:0.0010s ]
SQL: SELECT * FROM `sys_picture` WHERE `status` = 1 AND `id` = 1472 LIMIT 1   [ RunTime:0.0000s ]
SQL: SELECT * FROM `sys_picture` WHERE `status` = 1 AND `id` = 1184 LIMIT 1   [ RunTime:0.0000s ]
SQL: SELECT * FROM `sys_picture` WHERE `status` = 1 AND `id` = 2674 LIMIT 1   [ RunTime:0.0000s ]
SQL: SELECT * FROM `sys_picture` WHERE `status` = 1 AND `id` = 1405 LIMIT 1   [ RunTime:0.0000s ]
SQL: SELECT * FROM `sys_picture` WHERE `status` = 1 AND `id` = 1198 LIMIT 1   [ RunTime:0.0000s ]
SQL: SELECT * FROM `sys_picture` WHERE `status` = 1 AND `id` = 2417 LIMIT 1   [ RunTime:0.0000s ]
SQL: SELECT * FROM `sys_picture` WHERE `status` = 1 AND `id` = 803 LIMIT 1   [ RunTime:0.0000s ]
SQL: SELECT * FROM `sys_picture` WHERE `status` = 1 AND `id` = 1450 LIMIT 1   [ RunTime:0.0000s ]
SQL: SELECT * FROM `sys_picture` WHERE `status` = 1 AND `id` = 744 LIMIT 1   [ RunTime:0.0000s ]
SQL: SELECT * FROM `sys_picture` WHERE `status` = 1 AND `id` = 1413 LIMIT 1   [ RunTime:0.0000s ]
SQL: SELECT * FROM `sys_picture` WHERE `status` = 1 AND `id` = 3017 LIMIT 1   [ RunTime:0.0010s ]
SQL: SELECT * FROM `sys_picture` WHERE `status` = 1 AND `id` = 2941 LIMIT 1   [ RunTime:0.0000s ]
SQL: SELECT * FROM `sys_picture` WHERE `status` = 1 AND `id` = 2873 LIMIT 1   [ RunTime:0.0000s ]
SQL: SELECT * FROM `sys_picture` WHERE `status` = 1 AND `id` = 2895 LIMIT 1   [ RunTime:0.0000s ]
SQL: SELECT * FROM `sys_picture` WHERE `status` = 1 AND `id` = 1935 LIMIT 1   [ RunTime:0.0010s ]
SQL: SELECT * FROM `sys_picture` WHERE `status` = 1 AND `id` = 1894 LIMIT 1   [ RunTime:0.0000s ]
SQL: SELECT * FROM `sys_picture` WHERE `status` = 1 AND `id` = 1798 LIMIT 1   [ RunTime:0.0010s ]
SQL: SELECT * FROM `sys_picture` WHERE `status` = 1 AND `id` = 806 LIMIT 1   [ RunTime:0.0000s ]
SQL: SELECT * FROM `sys_picture` WHERE `status` = 1 AND `id` = 1854 LIMIT 1   [ RunTime:0.0000s ]
SQL: SELECT * FROM `sys_picture` WHERE `status` = 1 AND `id` = 1887 LIMIT 1   [ RunTime:0.0000s ]
SQL: SELECT * FROM `sys_picture` WHERE `status` = 1 AND `id` = 1805 LIMIT 1   [ RunTime:0.0000s ]
SQL: SELECT * FROM `sys_picture` WHERE `status` = 1 AND `id` = 1603 LIMIT 1   [ RunTime:0.0000s ]
SQL: SELECT * FROM `sys_picture` WHERE `status` = 1 AND `id` = 1096 LIMIT 1   [ RunTime:0.0000s ]
SQL: SELECT * FROM `sys_picture` WHERE `status` = 1 AND `id` = 1212 LIMIT 1   [ RunTime:0.0000s ]
SQL: SELECT * FROM `sys_picture` WHERE `status` = 1 AND `id` = 578 LIMIT 1   [ RunTime:0.0000s ]
SQL: SELECT * FROM `sys_picture` WHERE `status` = 1 AND `id` = 1428 LIMIT 1   [ RunTime:0.0010s ]
SQL: SELECT * FROM `sys_picture` WHERE `status` = 1 AND `id` = 803 LIMIT 1   [ RunTime:0.0000s ]
SQL: SELECT * FROM `sys_picture` WHERE `status` = 1 AND `id` = 1162 LIMIT 1   [ RunTime:0.0000s ]
SQL: SELECT * FROM `sys_picture` WHERE `status` = 1 AND `id` = 1082 LIMIT 1   [ RunTime:0.0000s ]
SQL: SELECT * FROM `sys_picture` WHERE `status` = 1 AND `id` = 2714 LIMIT 1   [ RunTime:0.0000s ]
SQL: SELECT * FROM `sys_picture` WHERE `status` = 1 AND `id` = 2629 LIMIT 1   [ RunTime:0.0000s ]
SQL: SELECT * FROM `sys_picture` WHERE `status` = 1 AND `id` = 437 LIMIT 1   [ RunTime:0.0000s ]
SQL: SELECT `id`,`name`,`title`,`pid`,`sort`,`list_row`,`meta_title`,`keywords`,`description`,`template_index`,`template_lists`,`template_detail`,`template_edit`,`model`,`model_sub`,`type`,`link_id`,`allow_publish`,`display`,`reply`,`check`,`reply_model`,`extend`,`create_time`,`update_time`,`status`,`icon`,`groups` FROM `sys_category` WHERE `id` = 44 LIMIT 1   [ RunTime:0.0010s ]
SQL: SELECT `id`,`name`,`pid`,`title`,`link_id` FROM `sys_category` WHERE `status` = 1 ORDER BY sort  [ RunTime:0.0000s ]
SQL: SELECT `id`,`uid`,`name`,`title`,`category_id`,`group_id`,`description`,`root`,`pid`,`model_id`,`type`,`position`,`link_id`,`cover_id`,`display`,`deadline`,`attach`,`view`,`comment`,`extend`,`level`,`create_time`,`update_time`,`admin`,`status` FROM `sys_document` WHERE `status` = 1 AND `pid` = 0 AND `category_id` = 44 AND `create_time` < 1520062818 AND ( deadline = 0 OR deadline > 1520062818 ) ORDER BY `level` DESC,`id` DESC LIMIT 3   [ RunTime:0.0000s ]
SQL: SELECT * FROM `sys_picture` WHERE `status` = 1 AND `id` = 1707 LIMIT 1   [ RunTime:0.0000s ]
SQL: SELECT * FROM `sys_picture` WHERE `status` = 1 AND `id` = 1877 LIMIT 1   [ RunTime:0.0000s ]
SQL: SELECT * FROM `sys_picture` WHERE `status` = 1 AND `id` = 1206 LIMIT 1   [ RunTime:0.0000s ]
SQL: SHOW COLUMNS FROM `tab_links` [ RunTime:0.0010s ]
SQL: SELECT * FROM `tab_links` WHERE `status` = 1  [ RunTime:0.0010s ]
INFO: Run Behavior\ParseTemplateBehavior [ RunTime:0.068000s ]
INFO: [ view_parse ] --END-- [ RunTime:0.068000s ]
INFO: [ view_filter ] --START--
INFO: Run Behavior\WriteHtmlCacheBehavior [ RunTime:0.000000s ]
INFO: [ view_filter ] --END-- [ RunTime:0.000000s ]
INFO: [ app_end ] --START--
INFO: Run Behavior\ShowPageTraceBehavior [ RunTime:0.001000s ]
INFO: [ app_end ] --END-- [ RunTime:0.002000s ]

